<?xml version="1.0" encoding="UTF-8"?>
<!-- Generated by org.testng.reporters.JUnitXMLReporter -->
<testsuite ignored="2" hostname="Manish" failures="0" tests="9" name="edgeTest" time="302.353" errors="0" timestamp="2026-05-10T14:03:06 IST">
  <testcase classname="com.orangehrm.tesetcases.TC001InvalidLoginTest" name="invalidLoginTest" time="14.757"/>
  <testcase classname="com.orangehrm.tesetcases.TC001InvalidLoginTest" name="invalidLoginTest" time="5.722"/>
  <testcase classname="com.orangehrm.tesetcases.TC001InvalidLoginTest" name="invalidLoginTest" time="5.119"/>
  <testcase classname="com.orangehrm.tesetcases.TC002validLoginTest" name="validLoginTest" time="12.62"/>
  <testcase classname="com.orangehrm.tesetcases.DB_EmployeeVerification" name="verifyEmployeeDetailsFromDB" time="34.56"/>
  <testcase classname="com.orangehrm.tesetcases.DB_EmployeeVerification" name="verifyEmployeeDetailsFromDB" time="22.897"/>
  <testcase classname="com.orangehrm.tesetcases.DB_EmployeeVerification" name="verifyEmployeeDetailsFromDB" time="32.803"/>
  <testcase classname="com.orangehrm.tesetcases.DB_EmployeeVerification" name="verifyEmployeeDetailsFromDB" time="47.14"/>
  <testcase classname="com.orangehrm.tesetcases.APItest" name="verifyUserAPI" time="8.108"/>
  <testcase classname="com.orangehrm.base.BaseTest" name="@BeforeSuite readConfig" time="0.0">
    <ignored/>
  </testcase> <!-- @BeforeSuite readConfig -->
  <testcase classname="com.orangehrm.base.BaseTest" name="@BeforeSuite readConfig" time="0.0">
    <ignored/>
  </testcase> <!-- @BeforeSuite readConfig -->
</testsuite> <!-- edgeTest -->
