<?xml version="1.0" encoding="UTF-8"?>
<!-- Generated by org.testng.reporters.JUnitXMLReporter -->
<testsuite ignored="2" hostname="Manish" failures="0" tests="9" name="firefoxTest" time="331.167" errors="0" timestamp="2026-05-10T14:03:32 IST">
  <testcase classname="com.orangehrm.tesetcases.TC001InvalidLoginTest" name="invalidLoginTest" time="8.801"/>
  <testcase classname="com.orangehrm.tesetcases.TC001InvalidLoginTest" name="invalidLoginTest" time="5.155"/>
  <testcase classname="com.orangehrm.tesetcases.TC001InvalidLoginTest" name="invalidLoginTest" time="5.538"/>
  <testcase classname="com.orangehrm.tesetcases.TC002validLoginTest" name="validLoginTest" time="12.033"/>
  <testcase classname="com.orangehrm.tesetcases.DB_EmployeeVerification" name="verifyEmployeeDetailsFromDB" time="26.616"/>
  <testcase classname="com.orangehrm.tesetcases.DB_EmployeeVerification" name="verifyEmployeeDetailsFromDB" time="34.101"/>
  <testcase classname="com.orangehrm.tesetcases.DB_EmployeeVerification" name="verifyEmployeeDetailsFromDB" time="26.188"/>
  <testcase classname="com.orangehrm.tesetcases.DB_EmployeeVerification" name="verifyEmployeeDetailsFromDB" time="21.719"/>
  <testcase classname="com.orangehrm.tesetcases.APItest" name="verifyUserAPI" time="0.678"/>
  <testcase classname="com.orangehrm.base.BaseTest" name="@BeforeSuite readConfig" time="0.0">
    <ignored/>
  </testcase> <!-- @BeforeSuite readConfig -->
  <testcase classname="com.orangehrm.base.BaseTest" name="@BeforeSuite readConfig" time="0.0">
    <ignored/>
  </testcase> <!-- @BeforeSuite readConfig -->
</testsuite> <!-- firefoxTest -->
