<?xml version="1.0" encoding="UTF-8"?>
<!-- Generated by org.testng.reporters.JUnitXMLReporter -->
<testsuite ignored="3" hostname="Manish" failures="1" tests="12" name="Test" time="145.288" errors="0" timestamp="2026-03-21T12:09:46 IST">
  <testcase classname="com.orangehrm.tesetcases.DemoTest" name="demo" time="0.569">
    <skipped/>
  </testcase> <!-- demo -->
  <testcase classname="com.orangehrm.tesetcases.TC001InvalidLoginTest" name="invalidLoginTest" time="9.363"/>
  <testcase classname="com.orangehrm.tesetcases.DemoTest" name="demo" time="0.173">
    <skipped/>
  </testcase> <!-- demo -->
  <testcase classname="com.orangehrm.tesetcases.TC001InvalidLoginTest" name="invalidLoginTest" time="3.675"/>
  <testcase classname="com.orangehrm.tesetcases.DemoTest" name="demo" time="0.815">
    <failure type="java.lang.AssertionError" message="null">
      <![CDATA[java.lang.AssertionError: null
at com.orangehrm.tesetcases.DemoTest.demo(DemoTest.java:17)
at java.base/java.util.concurrent.Executors$RunnableAdapter.call(Executors.java:572)
at java.base/java.util.concurrent.FutureTask.run(FutureTask.java:317)
at java.base/java.util.concurrent.ThreadPoolExecutor.runWorker(ThreadPoolExecutor.java:1144)
at java.base/java.util.concurrent.ThreadPoolExecutor$Worker.run(ThreadPoolExecutor.java:642)
at java.base/java.lang.Thread.run(Thread.java:1583)
... Removed 13 stack frames]]>
    </failure>
  </testcase> <!-- demo -->
  <testcase classname="com.orangehrm.tesetcases.APItest" name="verifyUserAPI" time="13.02"/>
  <testcase classname="com.orangehrm.tesetcases.TC002validLoginTest" name="validLoginTest" time="42.528"/>
  <testcase classname="com.orangehrm.tesetcases.TC001InvalidLoginTest" name="invalidLoginTest" time="8.1"/>
  <testcase classname="com.orangehrm.tesetcases.DB_EmployeeVerification" name="verifyEmployeeDetailsFromDB" time="48.99"/>
  <testcase classname="com.orangehrm.tesetcases.DB_EmployeeVerification" name="verifyEmployeeDetailsFromDB" time="9.319"/>
  <testcase classname="com.orangehrm.tesetcases.DB_EmployeeVerification" name="verifyEmployeeDetailsFromDB" time="9.715"/>
  <testcase classname="com.orangehrm.tesetcases.DB_EmployeeVerification" name="verifyEmployeeDetailsFromDB" time="9.593"/>
  <testcase classname="com.orangehrm.base.BaseTest" name="@BeforeSuite readConfig" time="0.0">
    <ignored/>
  </testcase> <!-- @BeforeSuite readConfig -->
  <testcase classname="com.orangehrm.base.BaseTest" name="@BeforeSuite readConfig" time="0.0">
    <ignored/>
  </testcase> <!-- @BeforeSuite readConfig -->
  <testcase classname="com.orangehrm.base.BaseTest" name="@BeforeSuite readConfig" time="0.0">
    <ignored/>
  </testcase> <!-- @BeforeSuite readConfig -->
</testsuite> <!-- Test -->
