<?xml version="1.0" encoding="UTF-8"?>
<!-- Generated by org.testng.reporters.JUnitXMLReporter -->
<testsuite ignored="0" hostname="Manish" failures="0" tests="3" name="Default test" time="61.433" errors="0" timestamp="2026-05-19T11:45:32 IST">
  <testcase classname="com.orangehrm.tesetcases.TC005AdditionAndDelete" name="addNewEmployee" time="9.797"/>
  <testcase classname="com.orangehrm.tesetcases.TC005AdditionAndDelete" name="searchEmployee" time="5.381"/>
  <testcase classname="com.orangehrm.tesetcases.TC005AdditionAndDelete" name="deleteEmployee" time="27.325"/>
</testsuite> <!-- Default test -->
