<?xml version="1.0" encoding="UTF-8"?>
<!-- Generated by org.testng.reporters.JUnitXMLReporter -->
<testsuite ignored="2" hostname="Manish" failures="2" tests="11" name="firefoxTest" time="962.631" errors="0" timestamp="2026-05-21T11:52:29 IST">
  <testcase classname="com.orangehrm.tesetcases.TC001InvalidLoginTest" name="invalidLoginTest" time="10.311"/>
  <testcase classname="com.orangehrm.tesetcases.TC001InvalidLoginTest" name="invalidLoginTest" time="3.774"/>
  <testcase classname="com.orangehrm.tesetcases.TC001InvalidLoginTest" name="invalidLoginTest" time="3.204"/>
  <testcase classname="com.orangehrm.tesetcases.TC003validLoginRemoteTest" name="validLoginTest" time="7.589"/>
  <testcase classname="com.orangehrm.tesetcases.TC004AdditionAndDelete" name="addNewEmployee" time="235.751"/>
  <testcase classname="com.orangehrm.tesetcases.TC004AdditionAndDelete" name="searchEmployee" time="80.355">
    <skipped/>
  </testcase> <!-- searchEmployee -->
  <testcase classname="com.orangehrm.tesetcases.TC004AdditionAndDelete" name="searchEmployee" time="75.864">
    <skipped/>
  </testcase> <!-- searchEmployee -->
  <testcase classname="com.orangehrm.tesetcases.TC004AdditionAndDelete" name="searchEmployee" time="136.71">
    <failure type="java.lang.AssertionError" message="employee id not matched expected [true] but found [false]">
      <![CDATA[java.lang.AssertionError: employee id not matched expected [true] but found [false]
at com.orangehrm.tesetcases.TC004AdditionAndDelete.searchEmployee(TC004AdditionAndDelete.java:45)
at java.base/java.util.ArrayList.forEach(ArrayList.java:1596)
at java.base/java.util.concurrent.FutureTask.run(FutureTask.java:317)
at java.base/java.util.concurrent.ThreadPoolExecutor.runWorker(ThreadPoolExecutor.java:1144)
at java.base/java.util.concurrent.ThreadPoolExecutor$Worker.run(ThreadPoolExecutor.java:642)
at java.base/java.lang.Thread.run(Thread.java:1583)
... Removed 18 stack frames]]>
    </failure>
  </testcase> <!-- searchEmployee -->
  <testcase classname="com.orangehrm.tesetcases.TC004AdditionAndDelete" name="deleteEmployee" time="82.894">
    <skipped/>
  </testcase> <!-- deleteEmployee -->
  <testcase classname="com.orangehrm.tesetcases.TC004AdditionAndDelete" name="deleteEmployee" time="93.163">
    <skipped/>
  </testcase> <!-- deleteEmployee -->
  <testcase classname="com.orangehrm.tesetcases.TC004AdditionAndDelete" name="deleteEmployee" time="107.618">
    <failure type="java.lang.AssertionError" message="employee id not matched expected [true] but found [false]">
      <![CDATA[java.lang.AssertionError: employee id not matched expected [true] but found [false]
at com.orangehrm.tesetcases.TC004AdditionAndDelete.deleteEmployee(TC004AdditionAndDelete.java:55)
at java.base/java.util.ArrayList.forEach(ArrayList.java:1596)
at java.base/java.util.concurrent.FutureTask.run(FutureTask.java:317)
at java.base/java.util.concurrent.ThreadPoolExecutor.runWorker(ThreadPoolExecutor.java:1144)
at java.base/java.util.concurrent.ThreadPoolExecutor$Worker.run(ThreadPoolExecutor.java:642)
at java.base/java.lang.Thread.run(Thread.java:1583)
... Removed 18 stack frames]]>
    </failure>
  </testcase> <!-- deleteEmployee -->
  <testcase classname="com.orangehrm.base.BaseTest" name="@BeforeSuite readConfig" time="0.0">
    <ignored/>
  </testcase> <!-- @BeforeSuite readConfig -->
  <testcase classname="com.orangehrm.base.BaseTest" name="@BeforeSuite readConfig" time="0.0">
    <ignored/>
  </testcase> <!-- @BeforeSuite readConfig -->
</testsuite> <!-- firefoxTest -->
