<?xml version="1.0" encoding="UTF-8"?>
<!-- Generated by org.testng.reporters.JUnitXMLReporter -->
<testsuite ignored="2" hostname="Manish" failures="0" tests="7" name="firefoxTest" time="81.131" errors="0" timestamp="2026-05-20T16:52:52 IST">
  <testcase classname="com.orangehrm.tesetcases.TC001InvalidLoginTest" name="invalidLoginTest" time="4.008"/>
  <testcase classname="com.orangehrm.tesetcases.TC004AdditionAndDelete" name="addNewEmployee" time="16.099"/>
  <testcase classname="com.orangehrm.tesetcases.TC003validLoginRemoteTest" name="validLoginTest" time="7.639"/>
  <testcase classname="com.orangehrm.tesetcases.TC001InvalidLoginTest" name="invalidLoginTest" time="3.563"/>
  <testcase classname="com.orangehrm.tesetcases.TC001InvalidLoginTest" name="invalidLoginTest" time="5.744"/>
  <testcase classname="com.orangehrm.tesetcases.TC004AdditionAndDelete" name="searchEmployee" time="15.272"/>
  <testcase classname="com.orangehrm.tesetcases.TC004AdditionAndDelete" name="deleteEmployee" time="9.825"/>
  <testcase classname="com.orangehrm.base.BaseTest" name="@BeforeSuite readConfig" time="0.0">
    <ignored/>
  </testcase> <!-- @BeforeSuite readConfig -->
  <testcase classname="com.orangehrm.base.BaseTest" name="@BeforeSuite readConfig" time="0.0">
    <ignored/>
  </testcase> <!-- @BeforeSuite readConfig -->
</testsuite> <!-- firefoxTest -->
