<?xml version="1.0" encoding="UTF-8"?>
<!-- Generated by org.testng.reporters.JUnitXMLReporter -->
<testsuite ignored="2" hostname="Manish" failures="0" tests="7" name="edgeTest" time="202.124" errors="0" timestamp="2026-05-21T17:44:57 IST">
  <testcase classname="com.orangehrm.tesetcases.TC001InvalidLoginTest" name="invalidLoginTest" time="7.841"/>
  <testcase classname="com.orangehrm.tesetcases.TC001InvalidLoginTest" name="invalidLoginTest" time="6.492"/>
  <testcase classname="com.orangehrm.tesetcases.TC001InvalidLoginTest" name="invalidLoginTest" time="6.296"/>
  <testcase classname="com.orangehrm.tesetcases.TC003validLoginRemoteTest" name="validLoginTest" time="24.572"/>
  <testcase classname="com.orangehrm.tesetcases.TC004AdditionAndDelete" name="addNewEmployee" time="25.676"/>
  <testcase classname="com.orangehrm.tesetcases.TC004AdditionAndDelete" name="searchEmployee" time="10.071"/>
  <testcase classname="com.orangehrm.tesetcases.TC004AdditionAndDelete" name="deleteEmployee" time="14.724"/>
  <testcase classname="com.orangehrm.base.BaseTest" name="@BeforeSuite readConfig" time="0.0">
    <ignored/>
  </testcase> <!-- @BeforeSuite readConfig -->
  <testcase classname="com.orangehrm.base.BaseTest" name="@BeforeSuite readConfig" time="0.0">
    <ignored/>
  </testcase> <!-- @BeforeSuite readConfig -->
</testsuite> <!-- edgeTest -->
