<?xml version="1.0" encoding="UTF-8"?>
<!-- Generated by org.testng.reporters.JUnitXMLReporter -->
<testsuite ignored="2" hostname="Manish" failures="0" tests="7" name="firefoxTest" time="74.088" errors="0" timestamp="2026-05-22T15:08:06 IST">
  <testcase classname="com.orangehrm.tesetcases.TC003validLoginRemoteTest" name="validLoginTest" time="6.599"/>
  <testcase classname="com.orangehrm.tesetcases.TC001InvalidLoginTest" name="invalidLoginTest" time="6.441"/>
  <testcase classname="com.orangehrm.tesetcases.TC004AdditionAndDelete" name="addNewEmployee" time="9.672"/>
  <testcase classname="com.orangehrm.tesetcases.TC001InvalidLoginTest" name="invalidLoginTest" time="2.781"/>
  <testcase classname="com.orangehrm.tesetcases.TC004AdditionAndDelete" name="searchEmployee" time="8.923"/>
  <testcase classname="com.orangehrm.tesetcases.TC001InvalidLoginTest" name="invalidLoginTest" time="3.035"/>
  <testcase classname="com.orangehrm.tesetcases.TC004AdditionAndDelete" name="deleteEmployee" time="12.779"/>
  <testcase classname="com.orangehrm.base.BaseTest" name="@BeforeSuite readConfig" time="0.0">
    <ignored/>
  </testcase> <!-- @BeforeSuite readConfig -->
  <testcase classname="com.orangehrm.base.BaseTest" name="@BeforeSuite readConfig" time="0.0">
    <ignored/>
  </testcase> <!-- @BeforeSuite readConfig -->
</testsuite> <!-- firefoxTest -->
