<?xml version="1.0" encoding="UTF-8"?>
<!-- Generated by org.testng.reporters.JUnitXMLReporter -->
<testsuite ignored="2" hostname="Manish" failures="0" tests="7" name="Test1" time="51.867" errors="0" timestamp="2026-05-19T11:58:32 IST">
  <testcase classname="com.orangehrm.tesetcases.TC001InvalidLoginTest" name="invalidLoginTest" time="6.928"/>
  <testcase classname="com.orangehrm.tesetcases.TC003validLoginRemoteTest" name="validLoginTest" time="11.638"/>
  <testcase classname="com.orangehrm.tesetcases.TC005AdditionAndDelete" name="addNewEmployee" time="13.885"/>
  <testcase classname="com.orangehrm.tesetcases.TC001InvalidLoginTest" name="invalidLoginTest" time="5.151"/>
  <testcase classname="com.orangehrm.tesetcases.TC001InvalidLoginTest" name="invalidLoginTest" time="7.694"/>
  <testcase classname="com.orangehrm.tesetcases.TC005AdditionAndDelete" name="searchEmployee" time="7.848"/>
  <testcase classname="com.orangehrm.tesetcases.TC005AdditionAndDelete" name="deleteEmployee" time="7.369"/>
  <testcase classname="com.orangehrm.base.BaseTest" name="@BeforeSuite readConfig" time="0.0">
    <ignored/>
  </testcase> <!-- @BeforeSuite readConfig -->
  <testcase classname="com.orangehrm.base.BaseTest" name="@BeforeSuite readConfig" time="0.0">
    <ignored/>
  </testcase> <!-- @BeforeSuite readConfig -->
</testsuite> <!-- Test1 -->
