<?xml version="1.0" encoding="UTF-8"?>
<!-- Generated by org.testng.reporters.JUnitXMLReporter -->
<testsuite ignored="2" hostname="Manish" failures="0" tests="9" name="chromeTest" time="371.907" errors="0" timestamp="2026-05-10T14:10:48 IST">
  <testcase classname="com.orangehrm.tesetcases.TC001InvalidLoginTest" name="invalidLoginTest" time="18.744"/>
  <testcase classname="com.orangehrm.tesetcases.TC001InvalidLoginTest" name="invalidLoginTest" time="5.287"/>
  <testcase classname="com.orangehrm.tesetcases.TC001InvalidLoginTest" name="invalidLoginTest" time="8.46"/>
  <testcase classname="com.orangehrm.tesetcases.TC002validLoginTest" name="validLoginTest" time="25.44"/>
  <testcase classname="com.orangehrm.tesetcases.DB_EmployeeVerification" name="verifyEmployeeDetailsFromDB" time="45.009"/>
  <testcase classname="com.orangehrm.tesetcases.DB_EmployeeVerification" name="verifyEmployeeDetailsFromDB" time="47.968"/>
  <testcase classname="com.orangehrm.tesetcases.DB_EmployeeVerification" name="verifyEmployeeDetailsFromDB" time="43.044"/>
  <testcase classname="com.orangehrm.tesetcases.DB_EmployeeVerification" name="verifyEmployeeDetailsFromDB" time="29.478"/>
  <testcase classname="com.orangehrm.tesetcases.APItest" name="verifyUserAPI" time="8.821"/>
  <testcase classname="com.orangehrm.base.BaseTest" name="@BeforeSuite readConfig" time="0.0">
    <ignored/>
  </testcase> <!-- @BeforeSuite readConfig -->
  <testcase classname="com.orangehrm.base.BaseTest" name="@BeforeSuite readConfig" time="0.0">
    <ignored/>
  </testcase> <!-- @BeforeSuite readConfig -->
</testsuite> <!-- chromeTest -->
