<?xml version="1.0" encoding="UTF-8"?>
<testng-results ignored="0" total="1" passed="1" failed="0" skipped="0">
  <reporter-output>
  </reporter-output>
  <suite started-at="2026-05-19T14:00:00 IST" name="Suite" finished-at="2026-05-19T14:00:16 IST" duration-ms="16426">
    <groups>
    </groups>
    <test started-at="2026-05-19T14:00:00 IST" name="Test1" finished-at="2026-05-19T14:00:16 IST" duration-ms="16426">
      <class name="com.orangehrm.tesetcases.TC003validLoginRemoteTest">
        <test-method is-config="true" signature="readConfig()[pri:0, instance:com.orangehrm.tesetcases.TC003validLoginRemoteTest@7ca20101]" started-at="2026-05-19T14:00:00 IST" name="readConfig" finished-at="2026-05-19T14:00:00 IST" duration-ms="35" status="PASS">
          <reporter-output>
          </reporter-output>
        </test-method> <!-- readConfig -->
        <test-method is-config="true" signature="setup(java.lang.String)[pri:0, instance:com.orangehrm.tesetcases.TC003validLoginRemoteTest@7ca20101]" started-at="2026-05-19T14:00:01 IST" name="setup" finished-at="2026-05-19T14:00:07 IST" duration-ms="6541" status="PASS">
          <params>
            <param index="0">
              <value>
                <![CDATA[chrome]]>
              </value>
            </param>
          </params>
          <reporter-output>
          </reporter-output>
        </test-method> <!-- setup -->
        <test-method is-config="true" signature="pageSetup()[pri:0, instance:com.orangehrm.tesetcases.TC003validLoginRemoteTest@7ca20101]" started-at="2026-05-19T14:00:07 IST" name="pageSetup" finished-at="2026-05-19T14:00:07 IST" duration-ms="3" status="PASS">
          <reporter-output>
          </reporter-output>
        </test-method> <!-- pageSetup -->
        <test-method signature="validLoginTest(java.lang.String,java.lang.String)[pri:0, instance:com.orangehrm.tesetcases.TC003validLoginRemoteTest@7ca20101]" started-at="2026-05-19T14:00:07 IST" name="validLoginTest" data-provider="ValidLoginRemote" finished-at="2026-05-19T14:00:15 IST" duration-ms="7403" status="PASS">
          <params>
            <param index="0">
              <value>
                <![CDATA[Admin]]>
              </value>
            </param>
            <param index="1">
              <value>
                <![CDATA[admin123]]>
              </value>
            </param>
          </params>
          <reporter-output>
          </reporter-output>
        </test-method> <!-- validLoginTest -->
        <test-method is-config="true" signature="tearDown()[pri:0, instance:com.orangehrm.tesetcases.TC003validLoginRemoteTest@7ca20101]" started-at="2026-05-19T14:00:15 IST" name="tearDown" finished-at="2026-05-19T14:00:16 IST" duration-ms="557" status="PASS">
          <reporter-output>
          </reporter-output>
        </test-method> <!-- tearDown -->
      </class> <!-- com.orangehrm.tesetcases.TC003validLoginRemoteTest -->
    </test> <!-- Test1 -->
  </suite> <!-- Suite -->
</testng-results>
