<?xml version="1.0" encoding="UTF-8"?>
<testsuite xmlns:xsi="http://www.w3.org/2001/XMLSchema-instance" xsi:noNamespaceSchemaLocation="https://maven.apache.org/surefire/maven-surefire-plugin/xsd/surefire-test-report.xsd" version="3.0.1" name="TestSuite" time="238.07" tests="21" errors="0" skipped="0" failures="0">
  <properties>
[...]
</properties>
  <testcase name="invalidLoginTest[nil, nil](1)" classname="com.orangehrm.tesetcases.TC001InvalidLoginTest" time="0.846">
    <system-out><![CDATA[16:20:36 [main] INFO  com.orangehrm.base.BaseTest - config.properties loaded
16:20:37 [TestNG-test=chromeTest-2] INFO  com.orangehrm.factory.DriverFactory - config file access successfull
16:20:37 [TestNG-test=chromeTest-2] INFO  com.orangehrm.factory.DriverFactory - Test execution runiing on chrome
16:20:37 [TestNG-test=chromeTest-2] INFO  com.orangehrm.factory.DriverFactory - Test execution runiing on chrome
16:20:37 [TestNG-test=chromeTest-3] INFO  com.orangehrm.factory.DriverFactory - config file access successfull
16:20:37 [TestNG-test=chromeTest-3] INFO  com.orangehrm.factory.DriverFactory - Test execution runiing on chrome
16:20:37 [TestNG-test=chromeTest-3] INFO  com.orangehrm.factory.DriverFactory - Test execution runiing on chrome
16:20:37 [TestNG-test=chromeTest-1] INFO  com.orangehrm.factory.DriverFactory - config file access successfull
16:20:37 [TestNG-test=chromeTest-2] INFO  com.orangehrm.factory.DriverFactory - config file access successfull
16:20:37 [TestNG-test=chromeTest-3] INFO  com.orangehrm.factory.DriverFactory - config file access successfull
16:20:37 [TestNG-test=chromeTest-1] INFO  com.orangehrm.factory.DriverFactory - Test execution runiing on chrome
16:20:37 [TestNG-test=chromeTest-1] INFO  com.orangehrm.factory.DriverFactory - Test execution runiing on chrome
16:20:37 [TestNG-test=chromeTest-1] INFO  com.orangehrm.factory.DriverFactory - config file access successfull
16:20:43 [TestNG-test=chromeTest-3] INFO  com.orangehrm.base.BaseTest - selected url is :https://opensource-demo.orangehrmlive.com/web/index.php/auth/login
16:20:43 [TestNG-test=chromeTest-2] INFO  com.orangehrm.base.BaseTest - selected url is :https://opensource-demo.orangehrmlive.com/web/index.php/auth/login
16:20:43 [TestNG-test=chromeTest-1] INFO  com.orangehrm.base.BaseTest - selected url is :https://opensource-demo.orangehrmlive.com/web/index.php/auth/login
16:20:43 [TestNG-test=chromeTest-3] INFO  com.orangehrm.factory.DriverFactory - WebDriver is initialized
16:20:43 [TestNG-test=chromeTest-1] INFO  com.orangehrm.factory.DriverFactory - WebDriver is initialized
16:20:43 [TestNG-test=chromeTest-2] INFO  com.orangehrm.factory.DriverFactory - WebDriver is initialized
16:20:43 [TestNG-test=chromeTest-1] INFO  com.orangehrm.factory.DriverFactory - WebDriver is initialized
16:20:43 [TestNG-test=chromeTest-3] INFO  com.orangehrm.factory.DriverFactory - WebDriver is initialized
16:20:43 [TestNG-test=chromeTest-2] INFO  com.orangehrm.factory.DriverFactory - WebDriver is initialized
16:20:45 [TestNG-test=chromeTest-1] INFO  com.orangehrm.factory.DriverFactory - WebDriver is initialized
16:20:45 [TestNG-test=chromeTest-1] INFO  com.orangehrm.factory.DriverFactory - WebDriver is initialized
16:20:45 [TestNG-test=chromeTest-1] INFO  com.orangehrm.actiondriver.ActionDriver - ActionDriver is initalized
16:20:45 [TestNG-test=chromeTest-1] INFO  com.orangehrm.tesetcases.TC001InvalidLoginTest - TC001InvalidLoginTest is executed
16:20:45 [TestNG-test=chromeTest-1] INFO  com.orangehrm.factory.DriverFactory - WebDriver is initialized
16:20:48 [TestNG-test=chromeTest-2] INFO  com.orangehrm.factory.DriverFactory - WebDriver is initialized
16:20:48 [TestNG-test=chromeTest-2] INFO  com.orangehrm.factory.DriverFactory - WebDriver is initialized
16:20:48 [TestNG-test=chromeTest-2] INFO  com.orangehrm.actiondriver.ActionDriver - ActionDriver is initalized
16:20:48 [TestNG-test=chromeTest-2] INFO  com.orangehrm.tesetcases.TC003validLoginRemoteTest - TC003validLoginRemoteTest is executed
16:20:48 [TestNG-test=chromeTest-2] INFO  com.orangehrm.factory.DriverFactory - WebDriver is initialized
16:20:48 [TestNG-test=chromeTest-2] INFO  com.orangehrm.factory.DriverFactory - WebDriver is initialized
16:20:48 [TestNG-test=chromeTest-2] INFO  com.orangehrm.tesetcases.TC003validLoginRemoteTest - Admin & admin123
16:20:50 [TestNG-test=chromeTest-2] INFO  com.orangehrm.actiondriver.ActionDriver - Color applied green to element By.name: username
16:20:50 [TestNG-test=chromeTest-1] INFO  com.orangehrm.actiondriver.ActionDriver - Color applied green to element By.name: username
16:20:50 [TestNG-test=chromeTest-1] INFO  com.orangehrm.actiondriver.ActionDriver - enter text : nil in : By.name: username
16:20:50 [TestNG-test=chromeTest-2] INFO  com.orangehrm.actiondriver.ActionDriver - enter text : Admin in : By.name: username
16:20:50 [TestNG-test=chromeTest-2] INFO  com.orangehrm.actiondriver.ActionDriver - Color applied green to element By.name: password
16:20:50 [TestNG-test=chromeTest-1] INFO  com.orangehrm.actiondriver.ActionDriver - Color applied green to element By.name: password
16:20:50 [TestNG-test=chromeTest-2] INFO  com.orangehrm.actiondriver.ActionDriver - enter text : admin123 in : By.name: password
16:20:51 [TestNG-test=chromeTest-1] INFO  com.orangehrm.actiondriver.ActionDriver - enter text : nil in : By.name: password
16:20:51 [TestNG-test=chromeTest-2] INFO  com.orangehrm.actiondriver.ActionDriver - Color applied green to element By.xpath: //button[@type='submit']
16:20:51 [TestNG-test=chromeTest-1] INFO  com.orangehrm.actiondriver.ActionDriver - Color applied green to element By.xpath: //button[@type='submit']
16:20:51 [TestNG-test=chromeTest-2] INFO  com.orangehrm.actiondriver.ActionDriver - click on : By.xpath: //button[@type='submit']
16:20:51 [TestNG-test=chromeTest-3] INFO  com.orangehrm.factory.DriverFactory - WebDriver is initialized
16:20:51 [TestNG-test=chromeTest-3] INFO  com.orangehrm.factory.DriverFactory - WebDriver is initialized
16:20:51 [TestNG-test=chromeTest-3] INFO  com.orangehrm.actiondriver.ActionDriver - ActionDriver is initalized
16:20:51 [TestNG-test=chromeTest-3] INFO  com.orangehrm.factory.DriverFactory - WebDriver is initialized
16:20:51 [TestNG-test=chromeTest-3] INFO  com.orangehrm.factory.DriverFactory - WebDriver is initialized
16:20:51 [TestNG-test=chromeTest-1] INFO  com.orangehrm.actiondriver.ActionDriver - click on : By.xpath: //button[@type='submit']
16:20:52 [TestNG-test=chromeTest-1] INFO  com.orangehrm.actiondriver.ActionDriver - Color applied green to element By.xpath: //div[@class="orangehrm-login-form"]/div/div/div/p
16:20:52 [TestNG-test=chromeTest-1] INFO  com.orangehrm.actiondriver.ActionDriver - 'Invalid credentials' is matched to 'Invalid credentials' at location :By.xpath: //div[@class="orangehrm-login-form"]/div/div/div/p
16:20:52 [TestNG-test=chromeTest-1] INFO  com.orangehrm.factory.DriverFactory - WebDriver is initialized
16:20:52 [TestNG-test=chromeTest-3] INFO  com.orangehrm.actiondriver.ActionDriver - Color applied green to element By.name: username
]]></system-out>
    <system-err><![CDATA[SLF4J: Failed to load class "org.slf4j.impl.StaticLoggerBinder".
SLF4J: Defaulting to no-operation (NOP) logger implementation
SLF4J: See http://www.slf4j.org/codes.html#StaticLoggerBinder for further details.
May 20, 2026 4:20:43 PM org.openqa.selenium.devtools.CdpVersionFinder findNearestMatch
WARNING: Unable to find an exact match for CDP version 148, returning the closest version; found: 145; Please update to a Selenium version that supports CDP version 148
May 20, 2026 4:20:43 PM org.openqa.selenium.devtools.CdpVersionFinder findNearestMatch
WARNING: Unable to find an exact match for CDP version 148, returning the closest version; found: 145; Please update to a Selenium version that supports CDP version 148
May 20, 2026 4:20:43 PM org.openqa.selenium.devtools.CdpVersionFinder findNearestMatch
WARNING: Unable to find an exact match for CDP version 148, returning the closest version; found: 145; Please update to a Selenium version that supports CDP version 148
]]></system-err>
  </testcase>
  <testcase name="invalidLoginTest[nil, nil](1)" classname="com.orangehrm.tesetcases.TC001InvalidLoginTest" time="2.349">
    <system-out><![CDATA[16:21:41 [TestNG-test=chromeTest-3] INFO  com.orangehrm.factory.DriverFactory - WebDriver is initialized
16:21:41 [TestNG-test=chromeTest-3] INFO  com.orangehrm.factory.DriverFactory - WebDriver is initialized
16:21:41 [TestNG-test=chromeTest-3] INFO  com.orangehrm.factory.DriverFactory - WebDriver terminated
16:21:41 [TestNG-test=chromeTest-3] INFO  com.orangehrm.base.BaseTest - WebDriver instance terminated
16:21:41 [TestNG-test=chromeTest-3] INFO  com.orangehrm.base.BaseTest - ActionDriver instance terminated
16:21:42 [TestNG-test=edgeTest-2] INFO  com.orangehrm.factory.DriverFactory - config file access successfull
16:21:42 [TestNG-test=edgeTest-2] INFO  com.orangehrm.factory.DriverFactory - Test execution runiing on edge
16:21:42 [TestNG-test=edgeTest-2] INFO  com.orangehrm.factory.DriverFactory - Test execution runiing on edge
16:21:42 [TestNG-test=edgeTest-3] INFO  com.orangehrm.factory.DriverFactory - config file access successfull
16:21:42 [TestNG-test=edgeTest-3] INFO  com.orangehrm.factory.DriverFactory - Test execution runiing on edge
16:21:42 [TestNG-test=edgeTest-3] INFO  com.orangehrm.factory.DriverFactory - Test execution runiing on edge
16:21:42 [TestNG-test=edgeTest-2] INFO  com.orangehrm.factory.DriverFactory - config file access successfull
16:21:42 [TestNG-test=edgeTest-3] INFO  com.orangehrm.factory.DriverFactory - config file access successfull
16:21:42 [TestNG-test=edgeTest-1] INFO  com.orangehrm.factory.DriverFactory - config file access successfull
16:21:42 [TestNG-test=edgeTest-1] INFO  com.orangehrm.factory.DriverFactory - Test execution runiing on edge
16:21:42 [TestNG-test=edgeTest-1] INFO  com.orangehrm.factory.DriverFactory - Test execution runiing on edge
16:21:42 [TestNG-test=edgeTest-1] INFO  com.orangehrm.factory.DriverFactory - config file access successfull
16:21:45 [TestNG-test=edgeTest-1] INFO  com.orangehrm.base.BaseTest - selected url is :https://opensource-demo.orangehrmlive.com/web/index.php/auth/login
16:21:45 [TestNG-test=edgeTest-1] INFO  com.orangehrm.factory.DriverFactory - WebDriver is initialized
16:21:45 [TestNG-test=edgeTest-1] INFO  com.orangehrm.factory.DriverFactory - WebDriver is initialized
16:21:45 [TestNG-test=edgeTest-3] INFO  com.orangehrm.base.BaseTest - selected url is :https://opensource-demo.orangehrmlive.com/web/index.php/auth/login
16:21:45 [TestNG-test=edgeTest-3] INFO  com.orangehrm.factory.DriverFactory - WebDriver is initialized
16:21:45 [TestNG-test=edgeTest-3] INFO  com.orangehrm.factory.DriverFactory - WebDriver is initialized
16:21:45 [TestNG-test=edgeTest-2] INFO  com.orangehrm.base.BaseTest - selected url is :https://opensource-demo.orangehrmlive.com/web/index.php/auth/login
16:21:45 [TestNG-test=edgeTest-2] INFO  com.orangehrm.factory.DriverFactory - WebDriver is initialized
16:21:45 [TestNG-test=edgeTest-2] INFO  com.orangehrm.factory.DriverFactory - WebDriver is initialized
16:21:48 [TestNG-test=edgeTest-2] INFO  com.orangehrm.factory.DriverFactory - WebDriver is initialized
16:21:48 [TestNG-test=edgeTest-2] INFO  com.orangehrm.factory.DriverFactory - WebDriver is initialized
16:21:48 [TestNG-test=edgeTest-2] INFO  com.orangehrm.actiondriver.ActionDriver - ActionDriver is initalized
16:21:48 [TestNG-test=edgeTest-2] INFO  com.orangehrm.tesetcases.TC003validLoginRemoteTest - TC003validLoginRemoteTest is executed
16:21:48 [TestNG-test=edgeTest-2] INFO  com.orangehrm.factory.DriverFactory - WebDriver is initialized
16:21:48 [TestNG-test=edgeTest-2] INFO  com.orangehrm.factory.DriverFactory - WebDriver is initialized
16:21:48 [TestNG-test=edgeTest-2] INFO  com.orangehrm.tesetcases.TC003validLoginRemoteTest - Admin & admin123
16:21:50 [TestNG-test=edgeTest-1] INFO  com.orangehrm.factory.DriverFactory - WebDriver is initialized
16:21:50 [TestNG-test=edgeTest-1] INFO  com.orangehrm.factory.DriverFactory - WebDriver is initialized
16:21:50 [TestNG-test=edgeTest-1] INFO  com.orangehrm.actiondriver.ActionDriver - ActionDriver is initalized
16:21:50 [TestNG-test=edgeTest-1] INFO  com.orangehrm.tesetcases.TC001InvalidLoginTest - TC001InvalidLoginTest is executed
16:21:50 [TestNG-test=edgeTest-1] INFO  com.orangehrm.factory.DriverFactory - WebDriver is initialized
16:21:50 [TestNG-test=edgeTest-2] INFO  com.orangehrm.actiondriver.ActionDriver - Color applied green to element By.name: username
16:21:50 [TestNG-test=edgeTest-2] INFO  com.orangehrm.actiondriver.ActionDriver - enter text : Admin in : By.name: username
16:21:50 [TestNG-test=edgeTest-3] INFO  com.orangehrm.factory.DriverFactory - WebDriver is initialized
16:21:50 [TestNG-test=edgeTest-3] INFO  com.orangehrm.factory.DriverFactory - WebDriver is initialized
16:21:50 [TestNG-test=edgeTest-3] INFO  com.orangehrm.actiondriver.ActionDriver - ActionDriver is initalized
16:21:50 [TestNG-test=edgeTest-3] INFO  com.orangehrm.factory.DriverFactory - WebDriver is initialized
16:21:50 [TestNG-test=edgeTest-3] INFO  com.orangehrm.factory.DriverFactory - WebDriver is initialized
16:21:50 [TestNG-test=edgeTest-2] INFO  com.orangehrm.actiondriver.ActionDriver - Color applied green to element By.name: password
16:21:50 [TestNG-test=edgeTest-1] INFO  com.orangehrm.actiondriver.ActionDriver - Color applied green to element By.name: username
16:21:51 [TestNG-test=edgeTest-2] INFO  com.orangehrm.actiondriver.ActionDriver - enter text : admin123 in : By.name: password
16:21:51 [TestNG-test=edgeTest-2] INFO  com.orangehrm.actiondriver.ActionDriver - Color applied green to element By.xpath: //button[@type='submit']
16:21:51 [TestNG-test=edgeTest-1] INFO  com.orangehrm.actiondriver.ActionDriver - enter text : nil in : By.name: username
16:21:51 [TestNG-test=edgeTest-1] INFO  com.orangehrm.actiondriver.ActionDriver - Color applied green to element By.name: password
16:21:51 [TestNG-test=edgeTest-1] INFO  com.orangehrm.actiondriver.ActionDriver - enter text : nil in : By.name: password
16:21:51 [TestNG-test=edgeTest-1] INFO  com.orangehrm.actiondriver.ActionDriver - Color applied green to element By.xpath: //button[@type='submit']
16:21:52 [TestNG-test=edgeTest-1] INFO  com.orangehrm.actiondriver.ActionDriver - click on : By.xpath: //button[@type='submit']
16:21:52 [TestNG-test=edgeTest-3] INFO  com.orangehrm.actiondriver.ActionDriver - Color applied green to element By.name: username
16:21:52 [TestNG-test=edgeTest-3] INFO  com.orangehrm.actiondriver.ActionDriver - enter text : Admin in : By.name: username
16:21:52 [TestNG-test=edgeTest-3] INFO  com.orangehrm.actiondriver.ActionDriver - Color applied green to element By.name: password
16:21:52 [TestNG-test=edgeTest-1] INFO  com.orangehrm.actiondriver.ActionDriver - Color applied green to element By.xpath: //div[@class="orangehrm-login-form"]/div/div/div/p
16:21:52 [TestNG-test=edgeTest-1] INFO  com.orangehrm.actiondriver.ActionDriver - 'Invalid credentials' is matched to 'Invalid credentials' at location :By.xpath: //div[@class="orangehrm-login-form"]/div/div/div/p
16:21:52 [TestNG-test=edgeTest-1] INFO  com.orangehrm.factory.DriverFactory - WebDriver is initialized
]]></system-out>
    <system-err><![CDATA[May 20, 2026 4:21:45 PM org.openqa.selenium.devtools.CdpVersionFinder findNearestMatch
WARNING: Unable to find an exact match for CDP version 148, returning the closest version; found: 145; Please update to a Selenium version that supports CDP version 148
May 20, 2026 4:21:45 PM org.openqa.selenium.devtools.CdpVersionFinder findNearestMatch
WARNING: Unable to find an exact match for CDP version 148, returning the closest version; found: 145; Please update to a Selenium version that supports CDP version 148
May 20, 2026 4:21:45 PM org.openqa.selenium.devtools.CdpVersionFinder findNearestMatch
WARNING: Unable to find an exact match for CDP version 148, returning the closest version; found: 145; Please update to a Selenium version that supports CDP version 148
]]></system-err>
  </testcase>
  <testcase name="invalidLoginTest[nil, nil](1)" classname="com.orangehrm.tesetcases.TC001InvalidLoginTest" time="4.4">
    <system-out><![CDATA[16:23:27 [TestNG-test=edgeTest-3] INFO  com.orangehrm.factory.DriverFactory - WebDriver is initialized
16:23:27 [TestNG-test=edgeTest-3] INFO  com.orangehrm.factory.DriverFactory - WebDriver is initialized
16:23:27 [TestNG-test=edgeTest-3] INFO  com.orangehrm.factory.DriverFactory - WebDriver terminated
16:23:27 [TestNG-test=edgeTest-3] INFO  com.orangehrm.base.BaseTest - WebDriver instance terminated
16:23:27 [TestNG-test=edgeTest-3] INFO  com.orangehrm.base.BaseTest - ActionDriver instance terminated
16:23:27 [TestNG-test=firefoxTest-2] INFO  com.orangehrm.factory.DriverFactory - config file access successfull
16:23:27 [TestNG-test=firefoxTest-2] INFO  com.orangehrm.factory.DriverFactory - Test execution runiing on firefox
16:23:27 [TestNG-test=firefoxTest-2] INFO  com.orangehrm.factory.DriverFactory - Test execution runiing on firefox
16:23:27 [TestNG-test=firefoxTest-1] INFO  com.orangehrm.factory.DriverFactory - config file access successfull
16:23:27 [TestNG-test=firefoxTest-1] INFO  com.orangehrm.factory.DriverFactory - Test execution runiing on firefox
16:23:27 [TestNG-test=firefoxTest-1] INFO  com.orangehrm.factory.DriverFactory - Test execution runiing on firefox
16:23:27 [TestNG-test=firefoxTest-3] INFO  com.orangehrm.factory.DriverFactory - config file access successfull
16:23:27 [TestNG-test=firefoxTest-3] INFO  com.orangehrm.factory.DriverFactory - Test execution runiing on firefox
16:23:27 [TestNG-test=firefoxTest-3] INFO  com.orangehrm.factory.DriverFactory - Test execution runiing on firefox
16:23:27 [TestNG-test=firefoxTest-2] INFO  com.orangehrm.factory.DriverFactory - config file access successfull
16:23:27 [TestNG-test=firefoxTest-1] INFO  com.orangehrm.factory.DriverFactory - config file access successfull
16:23:27 [TestNG-test=firefoxTest-3] INFO  com.orangehrm.factory.DriverFactory - config file access successfull
16:23:31 [TestNG-test=firefoxTest-3] INFO  com.orangehrm.base.BaseTest - selected url is :https://opensource-demo.orangehrmlive.com/web/index.php/auth/login
16:23:31 [TestNG-test=firefoxTest-3] INFO  com.orangehrm.factory.DriverFactory - WebDriver is initialized
16:23:31 [TestNG-test=firefoxTest-3] INFO  com.orangehrm.factory.DriverFactory - WebDriver is initialized
16:23:33 [TestNG-test=firefoxTest-1] INFO  com.orangehrm.base.BaseTest - selected url is :https://opensource-demo.orangehrmlive.com/web/index.php/auth/login
16:23:33 [TestNG-test=firefoxTest-1] INFO  com.orangehrm.factory.DriverFactory - WebDriver is initialized
16:23:33 [TestNG-test=firefoxTest-1] INFO  com.orangehrm.factory.DriverFactory - WebDriver is initialized
16:23:35 [TestNG-test=firefoxTest-2] INFO  com.orangehrm.base.BaseTest - selected url is :https://opensource-demo.orangehrmlive.com/web/index.php/auth/login
16:23:35 [TestNG-test=firefoxTest-2] INFO  com.orangehrm.factory.DriverFactory - WebDriver is initialized
16:23:35 [TestNG-test=firefoxTest-2] INFO  com.orangehrm.factory.DriverFactory - WebDriver is initialized
16:23:36 [TestNG-test=firefoxTest-3] INFO  com.orangehrm.factory.DriverFactory - WebDriver is initialized
16:23:36 [TestNG-test=firefoxTest-3] INFO  com.orangehrm.factory.DriverFactory - WebDriver is initialized
16:23:36 [TestNG-test=firefoxTest-3] INFO  com.orangehrm.actiondriver.ActionDriver - ActionDriver is initalized
16:23:36 [TestNG-test=firefoxTest-3] INFO  com.orangehrm.factory.DriverFactory - WebDriver is initialized
16:23:36 [TestNG-test=firefoxTest-3] INFO  com.orangehrm.factory.DriverFactory - WebDriver is initialized
16:23:38 [TestNG-test=firefoxTest-3] INFO  com.orangehrm.actiondriver.ActionDriver - Color applied green to element By.name: username
16:23:38 [TestNG-test=firefoxTest-3] INFO  com.orangehrm.actiondriver.ActionDriver - enter text : Admin in : By.name: username
16:23:38 [TestNG-test=firefoxTest-3] INFO  com.orangehrm.actiondriver.ActionDriver - Color applied green to element By.name: password
16:23:38 [TestNG-test=firefoxTest-3] INFO  com.orangehrm.actiondriver.ActionDriver - enter text : admin123 in : By.name: password
16:23:38 [TestNG-test=firefoxTest-3] INFO  com.orangehrm.actiondriver.ActionDriver - Color applied green to element By.xpath: //button[@type='submit']
16:23:41 [TestNG-test=firefoxTest-3] INFO  com.orangehrm.actiondriver.ActionDriver - click on : By.xpath: //button[@type='submit']
16:23:42 [TestNG-test=firefoxTest-3] INFO  com.orangehrm.actiondriver.ActionDriver - Color applied green to element By.xpath: //ul[@class="oxd-main-menu"]/li[2]
16:23:42 [TestNG-test=firefoxTest-1] INFO  com.orangehrm.factory.DriverFactory - WebDriver is initialized
16:23:42 [TestNG-test=firefoxTest-1] INFO  com.orangehrm.factory.DriverFactory - WebDriver is initialized
16:23:42 [TestNG-test=firefoxTest-1] INFO  com.orangehrm.actiondriver.ActionDriver - ActionDriver is initalized
16:23:42 [TestNG-test=firefoxTest-1] INFO  com.orangehrm.tesetcases.TC001InvalidLoginTest - TC001InvalidLoginTest is executed
16:23:42 [TestNG-test=firefoxTest-1] INFO  com.orangehrm.factory.DriverFactory - WebDriver is initialized
16:23:43 [TestNG-test=firefoxTest-1] INFO  com.orangehrm.actiondriver.ActionDriver - Color applied green to element By.name: username
16:23:43 [TestNG-test=firefoxTest-1] INFO  com.orangehrm.actiondriver.ActionDriver - enter text : nil in : By.name: username
16:23:43 [TestNG-test=firefoxTest-1] INFO  com.orangehrm.actiondriver.ActionDriver - Color applied green to element By.name: password
16:23:43 [TestNG-test=firefoxTest-1] INFO  com.orangehrm.actiondriver.ActionDriver - enter text : nil in : By.name: password
16:23:44 [TestNG-test=firefoxTest-1] INFO  com.orangehrm.actiondriver.ActionDriver - Color applied green to element By.xpath: //button[@type='submit']
16:23:44 [TestNG-test=firefoxTest-3] INFO  com.orangehrm.actiondriver.ActionDriver - click on : By.xpath: //ul[@class="oxd-main-menu"]/li[2]
16:23:45 [TestNG-test=firefoxTest-3] INFO  com.orangehrm.actiondriver.ActionDriver - Color applied green to element By.linkText: Add Employee
16:23:45 [TestNG-test=firefoxTest-1] INFO  com.orangehrm.actiondriver.ActionDriver - click on : By.xpath: //button[@type='submit']
16:23:46 [TestNG-test=firefoxTest-1] INFO  com.orangehrm.actiondriver.ActionDriver - Color applied green to element By.xpath: //div[@class="orangehrm-login-form"]/div/div/div/p
16:23:46 [TestNG-test=firefoxTest-1] INFO  com.orangehrm.actiondriver.ActionDriver - 'Invalid credentials' is matched to 'Invalid credentials' at location :By.xpath: //div[@class="orangehrm-login-form"]/div/div/div/p
16:23:46 [TestNG-test=firefoxTest-1] INFO  com.orangehrm.factory.DriverFactory - WebDriver is initialized
]]></system-out>
  </testcase>
  <testcase name="invalidLoginTest[hello, heloo](2)" classname="com.orangehrm.tesetcases.TC001InvalidLoginTest" time="3.572">
    <system-out><![CDATA[16:20:56 [TestNG-test=chromeTest-2] INFO  com.orangehrm.factory.DriverFactory - WebDriver is initialized
16:20:56 [TestNG-test=chromeTest-3] INFO  com.orangehrm.actiondriver.ActionDriver - Color applied green to element By.xpath: //ul[@class="oxd-main-menu"]/li[2]
16:20:56 [TestNG-test=chromeTest-2] INFO  com.orangehrm.factory.DriverFactory - WebDriver is initialized
16:20:57 [TestNG-test=chromeTest-2] INFO  com.orangehrm.factory.DriverFactory - WebDriver terminated
16:20:57 [TestNG-test=chromeTest-2] INFO  com.orangehrm.base.BaseTest - WebDriver instance terminated
16:20:57 [TestNG-test=chromeTest-2] INFO  com.orangehrm.base.BaseTest - ActionDriver instance terminated
16:20:58 [TestNG-test=chromeTest-1] INFO  com.orangehrm.factory.DriverFactory - WebDriver is initialized
16:20:58 [TestNG-test=chromeTest-1] INFO  com.orangehrm.factory.DriverFactory - WebDriver is initialized
16:20:58 [TestNG-test=chromeTest-1] INFO  com.orangehrm.actiondriver.ActionDriver - ActionDriver is initalized
16:20:58 [TestNG-test=chromeTest-1] INFO  com.orangehrm.tesetcases.TC001InvalidLoginTest - TC001InvalidLoginTest is executed
16:20:58 [TestNG-test=chromeTest-1] INFO  com.orangehrm.factory.DriverFactory - WebDriver is initialized
16:20:59 [TestNG-test=chromeTest-1] INFO  com.orangehrm.actiondriver.ActionDriver - Color applied green to element By.name: username
16:20:59 [TestNG-test=chromeTest-3] INFO  com.orangehrm.actiondriver.ActionDriver - click on : By.xpath: //ul[@class="oxd-main-menu"]/li[2]
16:20:59 [TestNG-test=chromeTest-1] INFO  com.orangehrm.actiondriver.ActionDriver - enter text : hello in : By.name: username
16:20:59 [TestNG-test=chromeTest-1] INFO  com.orangehrm.actiondriver.ActionDriver - Color applied green to element By.name: password
16:20:59 [TestNG-test=chromeTest-1] INFO  com.orangehrm.actiondriver.ActionDriver - enter text : heloo in : By.name: password
16:20:59 [TestNG-test=chromeTest-1] INFO  com.orangehrm.actiondriver.ActionDriver - Color applied green to element By.xpath: //button[@type='submit']
16:20:59 [TestNG-test=chromeTest-1] INFO  com.orangehrm.actiondriver.ActionDriver - click on : By.xpath: //button[@type='submit']
16:21:00 [TestNG-test=chromeTest-3] INFO  com.orangehrm.actiondriver.ActionDriver - Color applied green to element By.linkText: Add Employee
16:21:02 [TestNG-test=chromeTest-3] INFO  com.orangehrm.actiondriver.ActionDriver - click on : By.linkText: Add Employee
16:21:02 [TestNG-test=chromeTest-1] INFO  com.orangehrm.actiondriver.ActionDriver - Color applied green to element By.xpath: //div[@class="orangehrm-login-form"]/div/div/div/p
16:21:02 [TestNG-test=chromeTest-1] INFO  com.orangehrm.actiondriver.ActionDriver - 'Invalid credentials' is matched to 'Invalid credentials' at location :By.xpath: //div[@class="orangehrm-login-form"]/div/div/div/p
16:21:02 [TestNG-test=chromeTest-1] INFO  com.orangehrm.factory.DriverFactory - WebDriver is initialized
]]></system-out>
  </testcase>
  <testcase name="invalidLoginTest[hello, heloo](2)" classname="com.orangehrm.tesetcases.TC001InvalidLoginTest" time="6.983">
    <system-out><![CDATA[16:22:03 [TestNG-test=edgeTest-3] INFO  com.orangehrm.actiondriver.ActionDriver - enter text : Kumar in : By.xpath: //input[@placeholder='Last Name']
16:22:03 [TestNG-test=edgeTest-1] INFO  com.orangehrm.actiondriver.ActionDriver - Color applied green to element By.xpath: //div[@class="orangehrm-login-form"]/div/div/div/p
16:22:03 [TestNG-test=edgeTest-1] INFO  com.orangehrm.actiondriver.ActionDriver - 'Invalid credentials' is matched to 'Invalid credentials' at location :By.xpath: //div[@class="orangehrm-login-form"]/div/div/div/p
16:22:03 [TestNG-test=edgeTest-1] INFO  com.orangehrm.factory.DriverFactory - WebDriver is initialized
16:22:03 [TestNG-test=edgeTest-2] INFO  com.orangehrm.factory.DriverFactory - WebDriver is initialized
]]></system-out>
  </testcase>
  <testcase name="invalidLoginTest[hello, heloo](2)" classname="com.orangehrm.tesetcases.TC001InvalidLoginTest" time="3.088">
    <system-out><![CDATA[16:23:56 [TestNG-test=firefoxTest-2] INFO  com.orangehrm.factory.DriverFactory - WebDriver is initialized
16:23:56 [TestNG-test=firefoxTest-2] INFO  com.orangehrm.factory.DriverFactory - WebDriver is initialized
16:23:58 [TestNG-test=firefoxTest-1] INFO  com.orangehrm.factory.DriverFactory - WebDriver is initialized
16:23:58 [TestNG-test=firefoxTest-1] INFO  com.orangehrm.factory.DriverFactory - WebDriver is initialized
16:23:58 [TestNG-test=firefoxTest-1] INFO  com.orangehrm.actiondriver.ActionDriver - ActionDriver is initalized
16:23:58 [TestNG-test=firefoxTest-1] INFO  com.orangehrm.tesetcases.TC001InvalidLoginTest - TC001InvalidLoginTest is executed
16:23:58 [TestNG-test=firefoxTest-1] INFO  com.orangehrm.factory.DriverFactory - WebDriver is initialized
16:23:58 [TestNG-test=firefoxTest-3] INFO  com.orangehrm.base.BaseTest - selected url is :https://opensource-demo.orangehrmlive.com/web/index.php/auth/login
16:23:58 [TestNG-test=firefoxTest-3] INFO  com.orangehrm.factory.DriverFactory - WebDriver is initialized
16:23:58 [TestNG-test=firefoxTest-3] INFO  com.orangehrm.factory.DriverFactory - WebDriver is initialized
16:23:58 [TestNG-test=firefoxTest-1] INFO  com.orangehrm.actiondriver.ActionDriver - Color applied green to element By.name: username
16:23:58 [TestNG-test=firefoxTest-1] INFO  com.orangehrm.actiondriver.ActionDriver - enter text : hello in : By.name: username
16:23:59 [TestNG-test=firefoxTest-1] INFO  com.orangehrm.actiondriver.ActionDriver - Color applied green to element By.name: password
16:23:59 [TestNG-test=firefoxTest-1] INFO  com.orangehrm.actiondriver.ActionDriver - enter text : heloo in : By.name: password
16:23:59 [TestNG-test=firefoxTest-1] INFO  com.orangehrm.actiondriver.ActionDriver - Color applied green to element By.xpath: //button[@type='submit']
16:23:59 [TestNG-test=firefoxTest-2] INFO  com.orangehrm.factory.DriverFactory - WebDriver terminated
16:23:59 [TestNG-test=firefoxTest-2] INFO  com.orangehrm.base.BaseTest - WebDriver instance terminated
16:23:59 [TestNG-test=firefoxTest-2] INFO  com.orangehrm.base.BaseTest - ActionDriver instance terminated
16:24:00 [TestNG-test=firefoxTest-1] INFO  com.orangehrm.actiondriver.ActionDriver - click on : By.xpath: //button[@type='submit']
16:24:01 [TestNG-test=firefoxTest-1] INFO  com.orangehrm.actiondriver.ActionDriver - Color applied green to element By.xpath: //div[@class="orangehrm-login-form"]/div/div/div/p
16:24:01 [TestNG-test=firefoxTest-1] INFO  com.orangehrm.actiondriver.ActionDriver - 'Invalid credentials' is matched to 'Invalid credentials' at location :By.xpath: //div[@class="orangehrm-login-form"]/div/div/div/p
16:24:01 [TestNG-test=firefoxTest-1] INFO  com.orangehrm.factory.DriverFactory - WebDriver is initialized
]]></system-out>
  </testcase>
  <testcase name="invalidLoginTest[abcd, efgh](3)" classname="com.orangehrm.tesetcases.TC001InvalidLoginTest" time="3.362">
    <system-out><![CDATA[16:21:07 [TestNG-test=chromeTest-3] INFO  com.orangehrm.factory.DriverFactory - WebDriver is initialized
16:21:07 [TestNG-test=chromeTest-3] INFO  com.orangehrm.factory.DriverFactory - WebDriver is initialized
16:21:08 [TestNG-test=chromeTest-1] INFO  com.orangehrm.factory.DriverFactory - WebDriver is initialized
16:21:08 [TestNG-test=chromeTest-1] INFO  com.orangehrm.factory.DriverFactory - WebDriver is initialized
16:21:08 [TestNG-test=chromeTest-1] INFO  com.orangehrm.actiondriver.ActionDriver - ActionDriver is initalized
16:21:08 [TestNG-test=chromeTest-1] INFO  com.orangehrm.tesetcases.TC001InvalidLoginTest - TC001InvalidLoginTest is executed
16:21:08 [TestNG-test=chromeTest-1] INFO  com.orangehrm.factory.DriverFactory - WebDriver is initialized
16:21:08 [TestNG-test=chromeTest-3] INFO  com.orangehrm.factory.DriverFactory - WebDriver terminated
16:21:08 [TestNG-test=chromeTest-3] INFO  com.orangehrm.base.BaseTest - WebDriver instance terminated
16:21:08 [TestNG-test=chromeTest-3] INFO  com.orangehrm.base.BaseTest - ActionDriver instance terminated
16:21:08 [TestNG-test=chromeTest-3] INFO  com.orangehrm.factory.DriverFactory - config file access successfull
16:21:08 [TestNG-test=chromeTest-3] INFO  com.orangehrm.factory.DriverFactory - Test execution runiing on chrome
16:21:08 [TestNG-test=chromeTest-3] INFO  com.orangehrm.factory.DriverFactory - Test execution runiing on chrome
16:21:08 [TestNG-test=chromeTest-3] INFO  com.orangehrm.factory.DriverFactory - config file access successfull
16:21:09 [TestNG-test=chromeTest-3] INFO  com.orangehrm.base.BaseTest - selected url is :https://opensource-demo.orangehrmlive.com/web/index.php/auth/login
16:21:09 [TestNG-test=chromeTest-3] INFO  com.orangehrm.factory.DriverFactory - WebDriver is initialized
16:21:09 [TestNG-test=chromeTest-3] INFO  com.orangehrm.factory.DriverFactory - WebDriver is initialized
16:21:09 [TestNG-test=chromeTest-1] INFO  com.orangehrm.actiondriver.ActionDriver - Color applied green to element By.name: username
16:21:09 [TestNG-test=chromeTest-1] INFO  com.orangehrm.actiondriver.ActionDriver - enter text : abcd in : By.name: username
16:21:09 [TestNG-test=chromeTest-1] INFO  com.orangehrm.actiondriver.ActionDriver - Color applied green to element By.name: password
16:21:09 [TestNG-test=chromeTest-1] INFO  com.orangehrm.actiondriver.ActionDriver - enter text : efgh in : By.name: password
16:21:09 [TestNG-test=chromeTest-1] INFO  com.orangehrm.actiondriver.ActionDriver - Color applied green to element By.xpath: //button[@type='submit']
16:21:09 [TestNG-test=chromeTest-1] INFO  com.orangehrm.actiondriver.ActionDriver - click on : By.xpath: //button[@type='submit']
16:21:11 [TestNG-test=chromeTest-1] INFO  com.orangehrm.actiondriver.ActionDriver - Color applied green to element By.xpath: //div[@class="orangehrm-login-form"]/div/div/div/p
16:21:11 [TestNG-test=chromeTest-1] INFO  com.orangehrm.actiondriver.ActionDriver - 'Invalid credentials' is matched to 'Invalid credentials' at location :By.xpath: //div[@class="orangehrm-login-form"]/div/div/div/p
16:21:11 [TestNG-test=chromeTest-1] INFO  com.orangehrm.factory.DriverFactory - WebDriver is initialized
]]></system-out>
    <system-err><![CDATA[May 20, 2026 4:21:09 PM org.openqa.selenium.devtools.CdpVersionFinder findNearestMatch
WARNING: Unable to find an exact match for CDP version 148, returning the closest version; found: 145; Please update to a Selenium version that supports CDP version 148
]]></system-err>
  </testcase>
  <testcase name="invalidLoginTest[abcd, efgh](3)" classname="com.orangehrm.tesetcases.TC001InvalidLoginTest" time="5.484">
    <system-out><![CDATA[16:22:07 [TestNG-test=edgeTest-3] INFO  com.orangehrm.factory.DriverFactory - WebDriver is initialized
16:22:08 [TestNG-test=edgeTest-3] INFO  com.orangehrm.factory.DriverFactory - WebDriver is initialized
16:22:08 [TestNG-test=edgeTest-3] INFO  com.orangehrm.factory.DriverFactory - WebDriver terminated
16:22:08 [TestNG-test=edgeTest-3] INFO  com.orangehrm.base.BaseTest - WebDriver instance terminated
16:22:08 [TestNG-test=edgeTest-3] INFO  com.orangehrm.base.BaseTest - ActionDriver instance terminated
16:22:08 [TestNG-test=edgeTest-3] INFO  com.orangehrm.factory.DriverFactory - config file access successfull
16:22:08 [TestNG-test=edgeTest-3] INFO  com.orangehrm.factory.DriverFactory - Test execution runiing on edge
16:22:08 [TestNG-test=edgeTest-3] INFO  com.orangehrm.factory.DriverFactory - Test execution runiing on edge
16:22:08 [TestNG-test=edgeTest-3] INFO  com.orangehrm.factory.DriverFactory - config file access successfull
16:22:09 [TestNG-test=edgeTest-1] INFO  com.orangehrm.factory.DriverFactory - WebDriver is initialized
16:22:09 [TestNG-test=edgeTest-1] INFO  com.orangehrm.factory.DriverFactory - WebDriver is initialized
16:22:09 [TestNG-test=edgeTest-1] INFO  com.orangehrm.actiondriver.ActionDriver - ActionDriver is initalized
16:22:09 [TestNG-test=edgeTest-1] INFO  com.orangehrm.tesetcases.TC001InvalidLoginTest - TC001InvalidLoginTest is executed
16:22:09 [TestNG-test=edgeTest-1] INFO  com.orangehrm.factory.DriverFactory - WebDriver is initialized
16:22:09 [TestNG-test=edgeTest-3] INFO  com.orangehrm.base.BaseTest - selected url is :https://opensource-demo.orangehrmlive.com/web/index.php/auth/login
16:22:09 [TestNG-test=edgeTest-3] INFO  com.orangehrm.factory.DriverFactory - WebDriver is initialized
16:22:09 [TestNG-test=edgeTest-3] INFO  com.orangehrm.factory.DriverFactory - WebDriver is initialized
16:22:11 [TestNG-test=edgeTest-1] INFO  com.orangehrm.actiondriver.ActionDriver - Color applied green to element By.name: username
16:22:11 [TestNG-test=edgeTest-1] INFO  com.orangehrm.actiondriver.ActionDriver - enter text : abcd in : By.name: username
16:22:11 [TestNG-test=edgeTest-1] INFO  com.orangehrm.actiondriver.ActionDriver - Color applied green to element By.name: password
16:22:11 [TestNG-test=edgeTest-1] INFO  com.orangehrm.actiondriver.ActionDriver - enter text : efgh in : By.name: password
16:22:11 [TestNG-test=edgeTest-1] INFO  com.orangehrm.actiondriver.ActionDriver - Color applied green to element By.xpath: //button[@type='submit']
16:22:13 [TestNG-test=edgeTest-3] INFO  com.orangehrm.factory.DriverFactory - WebDriver is initialized
16:22:13 [TestNG-test=edgeTest-3] INFO  com.orangehrm.factory.DriverFactory - WebDriver is initialized
16:22:13 [TestNG-test=edgeTest-3] INFO  com.orangehrm.actiondriver.ActionDriver - ActionDriver is initalized
16:22:13 [TestNG-test=edgeTest-3] INFO  com.orangehrm.factory.DriverFactory - WebDriver is initialized
16:22:13 [TestNG-test=edgeTest-3] INFO  com.orangehrm.factory.DriverFactory - WebDriver is initialized
16:22:16 [TestNG-test=edgeTest-1] INFO  com.orangehrm.actiondriver.ActionDriver - click on : By.xpath: //button[@type='submit']
16:22:16 [TestNG-test=edgeTest-3] INFO  com.orangehrm.actiondriver.ActionDriver - Color applied green to element By.name: username
16:22:16 [TestNG-test=edgeTest-3] INFO  com.orangehrm.actiondriver.ActionDriver - enter text : Admin in : By.name: username
16:22:16 [TestNG-test=edgeTest-3] INFO  com.orangehrm.actiondriver.ActionDriver - Color applied green to element By.name: password
16:22:16 [TestNG-test=edgeTest-3] INFO  com.orangehrm.actiondriver.ActionDriver - enter text : admin123 in : By.name: password
16:22:16 [TestNG-test=edgeTest-3] INFO  com.orangehrm.actiondriver.ActionDriver - Color applied green to element By.xpath: //button[@type='submit']
16:22:19 [TestNG-test=edgeTest-1] INFO  com.orangehrm.actiondriver.ActionDriver - Color applied green to element By.xpath: //div[@class="orangehrm-login-form"]/div/div/div/p
16:22:19 [TestNG-test=edgeTest-1] INFO  com.orangehrm.actiondriver.ActionDriver - 'Invalid credentials' is matched to 'Invalid credentials' at location :By.xpath: //div[@class="orangehrm-login-form"]/div/div/div/p
16:22:19 [TestNG-test=edgeTest-1] INFO  com.orangehrm.factory.DriverFactory - WebDriver is initialized
]]></system-out>
    <system-err><![CDATA[May 20, 2026 4:22:09 PM org.openqa.selenium.devtools.CdpVersionFinder findNearestMatch
WARNING: Unable to find an exact match for CDP version 148, returning the closest version; found: 145; Please update to a Selenium version that supports CDP version 148
]]></system-err>
  </testcase>
  <testcase name="invalidLoginTest[abcd, efgh](3)" classname="com.orangehrm.tesetcases.TC001InvalidLoginTest" time="3.301">
    <system-out><![CDATA[16:24:10 [TestNG-test=firefoxTest-1] INFO  com.orangehrm.factory.DriverFactory - WebDriver is initialized
16:24:10 [TestNG-test=firefoxTest-1] INFO  com.orangehrm.factory.DriverFactory - WebDriver is initialized
16:24:10 [TestNG-test=firefoxTest-1] INFO  com.orangehrm.actiondriver.ActionDriver - ActionDriver is initalized
16:24:10 [TestNG-test=firefoxTest-1] INFO  com.orangehrm.tesetcases.TC001InvalidLoginTest - TC001InvalidLoginTest is executed
16:24:10 [TestNG-test=firefoxTest-1] INFO  com.orangehrm.factory.DriverFactory - WebDriver is initialized
16:24:10 [TestNG-test=firefoxTest-3] INFO  com.orangehrm.factory.DriverFactory - WebDriver is initialized
16:24:11 [TestNG-test=firefoxTest-3] INFO  com.orangehrm.factory.DriverFactory - WebDriver is initialized
16:24:12 [TestNG-test=firefoxTest-1] INFO  com.orangehrm.actiondriver.ActionDriver - Color applied green to element By.name: username
16:24:12 [TestNG-test=firefoxTest-1] INFO  com.orangehrm.actiondriver.ActionDriver - enter text : abcd in : By.name: username
16:24:12 [TestNG-test=firefoxTest-1] INFO  com.orangehrm.actiondriver.ActionDriver - Color applied green to element By.name: password
16:24:12 [TestNG-test=firefoxTest-1] INFO  com.orangehrm.actiondriver.ActionDriver - enter text : efgh in : By.name: password
16:24:12 [TestNG-test=firefoxTest-1] INFO  com.orangehrm.actiondriver.ActionDriver - Color applied green to element By.xpath: //button[@type='submit']
16:24:12 [TestNG-test=firefoxTest-3] INFO  com.orangehrm.factory.DriverFactory - WebDriver terminated
16:24:12 [TestNG-test=firefoxTest-3] INFO  com.orangehrm.base.BaseTest - WebDriver instance terminated
16:24:12 [TestNG-test=firefoxTest-3] INFO  com.orangehrm.base.BaseTest - ActionDriver instance terminated
16:24:12 [TestNG-test=firefoxTest-3] INFO  com.orangehrm.factory.DriverFactory - config file access successfull
16:24:12 [TestNG-test=firefoxTest-3] INFO  com.orangehrm.factory.DriverFactory - Test execution runiing on firefox
16:24:12 [TestNG-test=firefoxTest-3] INFO  com.orangehrm.factory.DriverFactory - Test execution runiing on firefox
16:24:12 [TestNG-test=firefoxTest-3] INFO  com.orangehrm.factory.DriverFactory - config file access successfull
16:24:13 [TestNG-test=firefoxTest-1] INFO  com.orangehrm.actiondriver.ActionDriver - click on : By.xpath: //button[@type='submit']
16:24:13 [TestNG-test=firefoxTest-1] INFO  com.orangehrm.actiondriver.ActionDriver - Color applied green to element By.xpath: //div[@class="orangehrm-login-form"]/div/div/div/p
16:24:13 [TestNG-test=firefoxTest-1] INFO  com.orangehrm.actiondriver.ActionDriver - 'Invalid credentials' is matched to 'Invalid credentials' at location :By.xpath: //div[@class="orangehrm-login-form"]/div/div/div/p
16:24:13 [TestNG-test=firefoxTest-1] INFO  com.orangehrm.factory.DriverFactory - WebDriver is initialized
]]></system-out>
  </testcase>
  <testcase name="validLoginTest[Admin, admin123](1)" classname="com.orangehrm.tesetcases.TC003validLoginRemoteTest" time="4.218">
    <system-out><![CDATA[16:20:52 [TestNG-test=chromeTest-3] INFO  com.orangehrm.actiondriver.ActionDriver - enter text : Admin in : By.name: username
16:20:52 [TestNG-test=chromeTest-3] INFO  com.orangehrm.actiondriver.ActionDriver - Color applied green to element By.name: password
16:20:52 [TestNG-test=chromeTest-2] INFO  com.orangehrm.actiondriver.ActionDriver - Color applied green to element By.xpath: //div[@class="oxd-topbar-header-title"]/span
16:20:52 [TestNG-test=chromeTest-2] INFO  com.orangehrm.actiondriver.ActionDriver - element located by : By.xpath: //div[@class="oxd-topbar-header-title"]/span is visible
16:20:52 [TestNG-test=chromeTest-2] INFO  com.orangehrm.factory.DriverFactory - WebDriver is initialized
16:20:53 [TestNG-test=chromeTest-3] INFO  com.orangehrm.actiondriver.ActionDriver - enter text : admin123 in : By.name: password
16:20:53 [TestNG-test=chromeTest-1] INFO  com.orangehrm.factory.DriverFactory - WebDriver is initialized
16:20:53 [TestNG-test=chromeTest-2] INFO  com.orangehrm.actiondriver.ActionDriver - Color applied green to element By.xpath: //li[@class="oxd-userdropdown"]/span
16:20:53 [TestNG-test=chromeTest-3] INFO  com.orangehrm.actiondriver.ActionDriver - Color applied green to element By.xpath: //button[@type='submit']
16:20:53 [TestNG-test=chromeTest-2] INFO  com.orangehrm.actiondriver.ActionDriver - click on : By.xpath: //li[@class="oxd-userdropdown"]/span
16:20:53 [TestNG-test=chromeTest-3] INFO  com.orangehrm.actiondriver.ActionDriver - click on : By.xpath: //button[@type='submit']
16:20:53 [TestNG-test=chromeTest-1] INFO  com.orangehrm.factory.DriverFactory - WebDriver is initialized
16:20:53 [TestNG-test=chromeTest-1] INFO  com.orangehrm.factory.DriverFactory - WebDriver terminated
16:20:53 [TestNG-test=chromeTest-1] INFO  com.orangehrm.base.BaseTest - WebDriver instance terminated
16:20:53 [TestNG-test=chromeTest-1] INFO  com.orangehrm.base.BaseTest - ActionDriver instance terminated
16:20:53 [TestNG-test=chromeTest-1] INFO  com.orangehrm.factory.DriverFactory - config file access successfull
16:20:53 [TestNG-test=chromeTest-1] INFO  com.orangehrm.factory.DriverFactory - Test execution runiing on chrome
16:20:53 [TestNG-test=chromeTest-1] INFO  com.orangehrm.factory.DriverFactory - Test execution runiing on chrome
16:20:53 [TestNG-test=chromeTest-1] INFO  com.orangehrm.factory.DriverFactory - config file access successfull
16:20:53 [TestNG-test=chromeTest-2] INFO  com.orangehrm.actiondriver.ActionDriver - Color applied green to element By.xpath: //ul[@role="menu"]/li[4]
16:20:54 [TestNG-test=chromeTest-1] INFO  com.orangehrm.base.BaseTest - selected url is :https://opensource-demo.orangehrmlive.com/web/index.php/auth/login
16:20:54 [TestNG-test=chromeTest-1] INFO  com.orangehrm.factory.DriverFactory - WebDriver is initialized
16:20:54 [TestNG-test=chromeTest-1] INFO  com.orangehrm.factory.DriverFactory - WebDriver is initialized
16:20:55 [TestNG-test=chromeTest-2] INFO  com.orangehrm.actiondriver.ActionDriver - click on : By.xpath: //ul[@role="menu"]/li[4]
]]></system-out>
    <system-err><![CDATA[May 20, 2026 4:20:54 PM org.openqa.selenium.devtools.CdpVersionFinder findNearestMatch
WARNING: Unable to find an exact match for CDP version 148, returning the closest version; found: 145; Please update to a Selenium version that supports CDP version 148
]]></system-err>
  </testcase>
  <testcase name="validLoginTest[Admin, admin123](1)" classname="com.orangehrm.tesetcases.TC003validLoginRemoteTest" time="6.413">
    <system-out><![CDATA[16:21:53 [TestNG-test=edgeTest-3] INFO  com.orangehrm.actiondriver.ActionDriver - enter text : admin123 in : By.name: password
16:21:53 [TestNG-test=edgeTest-3] INFO  com.orangehrm.actiondriver.ActionDriver - Color applied green to element By.xpath: //button[@type='submit']
16:21:53 [TestNG-test=edgeTest-1] INFO  com.orangehrm.factory.DriverFactory - WebDriver is initialized
16:21:53 [TestNG-test=edgeTest-1] INFO  com.orangehrm.factory.DriverFactory - WebDriver is initialized
16:21:54 [TestNG-test=edgeTest-1] INFO  com.orangehrm.factory.DriverFactory - WebDriver terminated
16:21:54 [TestNG-test=edgeTest-1] INFO  com.orangehrm.base.BaseTest - WebDriver instance terminated
16:21:54 [TestNG-test=edgeTest-1] INFO  com.orangehrm.base.BaseTest - ActionDriver instance terminated
16:21:54 [TestNG-test=edgeTest-1] INFO  com.orangehrm.factory.DriverFactory - config file access successfull
16:21:54 [TestNG-test=edgeTest-1] INFO  com.orangehrm.factory.DriverFactory - Test execution runiing on edge
16:21:54 [TestNG-test=edgeTest-1] INFO  com.orangehrm.factory.DriverFactory - Test execution runiing on edge
16:21:54 [TestNG-test=edgeTest-1] INFO  com.orangehrm.factory.DriverFactory - config file access successfull
16:21:54 [TestNG-test=edgeTest-3] INFO  com.orangehrm.actiondriver.ActionDriver - click on : By.xpath: //button[@type='submit']
16:21:55 [TestNG-test=edgeTest-1] INFO  com.orangehrm.base.BaseTest - selected url is :https://opensource-demo.orangehrmlive.com/web/index.php/auth/login
16:21:55 [TestNG-test=edgeTest-1] INFO  com.orangehrm.factory.DriverFactory - WebDriver is initialized
16:21:55 [TestNG-test=edgeTest-3] INFO  com.orangehrm.actiondriver.ActionDriver - Color applied green to element By.xpath: //ul[@class="oxd-main-menu"]/li[2]
16:21:55 [TestNG-test=edgeTest-1] INFO  com.orangehrm.factory.DriverFactory - WebDriver is initialized
16:21:56 [TestNG-test=edgeTest-2] INFO  com.orangehrm.actiondriver.ActionDriver - click on : By.xpath: //button[@type='submit']
16:21:56 [TestNG-test=edgeTest-1] INFO  com.orangehrm.factory.DriverFactory - WebDriver is initialized
16:21:56 [TestNG-test=edgeTest-1] INFO  com.orangehrm.factory.DriverFactory - WebDriver is initialized
16:21:56 [TestNG-test=edgeTest-1] INFO  com.orangehrm.actiondriver.ActionDriver - ActionDriver is initalized
16:21:56 [TestNG-test=edgeTest-1] INFO  com.orangehrm.tesetcases.TC001InvalidLoginTest - TC001InvalidLoginTest is executed
16:21:56 [TestNG-test=edgeTest-1] INFO  com.orangehrm.factory.DriverFactory - WebDriver is initialized
16:21:57 [TestNG-test=edgeTest-2] INFO  com.orangehrm.actiondriver.ActionDriver - Color applied green to element By.xpath: //div[@class="oxd-topbar-header-title"]/span
16:21:57 [TestNG-test=edgeTest-2] INFO  com.orangehrm.actiondriver.ActionDriver - element located by : By.xpath: //div[@class="oxd-topbar-header-title"]/span is visible
16:21:57 [TestNG-test=edgeTest-2] INFO  com.orangehrm.factory.DriverFactory - WebDriver is initialized
16:21:57 [TestNG-test=edgeTest-2] INFO  com.orangehrm.actiondriver.ActionDriver - Color applied green to element By.xpath: //li[@class="oxd-userdropdown"]/span
16:21:57 [TestNG-test=edgeTest-2] INFO  com.orangehrm.actiondriver.ActionDriver - click on : By.xpath: //li[@class="oxd-userdropdown"]/span
16:21:57 [TestNG-test=edgeTest-2] INFO  com.orangehrm.actiondriver.ActionDriver - Color applied green to element By.xpath: //ul[@role="menu"]/li[4]
16:21:59 [TestNG-test=edgeTest-3] INFO  com.orangehrm.actiondriver.ActionDriver - click on : By.xpath: //ul[@class="oxd-main-menu"]/li[2]
16:22:00 [TestNG-test=edgeTest-1] INFO  com.orangehrm.actiondriver.ActionDriver - Color applied green to element By.name: username
16:22:00 [TestNG-test=edgeTest-1] INFO  com.orangehrm.actiondriver.ActionDriver - enter text : hello in : By.name: username
16:22:00 [TestNG-test=edgeTest-3] INFO  com.orangehrm.actiondriver.ActionDriver - Color applied green to element By.linkText: Add Employee
16:22:00 [TestNG-test=edgeTest-1] INFO  com.orangehrm.actiondriver.ActionDriver - Color applied green to element By.name: password
16:22:00 [TestNG-test=edgeTest-1] INFO  com.orangehrm.actiondriver.ActionDriver - enter text : heloo in : By.name: password
16:22:00 [TestNG-test=edgeTest-1] INFO  com.orangehrm.actiondriver.ActionDriver - Color applied green to element By.xpath: //button[@type='submit']
16:22:01 [TestNG-test=edgeTest-3] INFO  com.orangehrm.actiondriver.ActionDriver - click on : By.linkText: Add Employee
16:22:02 [TestNG-test=edgeTest-3] INFO  com.orangehrm.actiondriver.ActionDriver - Color applied green to element By.xpath: //input[@placeholder="First Name"]
16:22:02 [TestNG-test=edgeTest-1] INFO  com.orangehrm.actiondriver.ActionDriver - click on : By.xpath: //button[@type='submit']
16:22:02 [TestNG-test=edgeTest-3] INFO  com.orangehrm.actiondriver.ActionDriver - enter text : Manish in : By.xpath: //input[@placeholder="First Name"]
16:22:02 [TestNG-test=edgeTest-3] INFO  com.orangehrm.actiondriver.ActionDriver - Color applied green to element By.xpath: //input[@placeholder='Middle Name']
16:22:02 [TestNG-test=edgeTest-3] INFO  com.orangehrm.actiondriver.ActionDriver - enter text : hello in : By.xpath: //input[@placeholder='Middle Name']
16:22:02 [TestNG-test=edgeTest-3] INFO  com.orangehrm.actiondriver.ActionDriver - Color applied green to element By.xpath: //input[@placeholder='Last Name']
16:22:03 [TestNG-test=edgeTest-2] INFO  com.orangehrm.actiondriver.ActionDriver - click on : By.xpath: //ul[@role="menu"]/li[4]
]]></system-out>
    <system-err><![CDATA[May 20, 2026 4:21:55 PM org.openqa.selenium.devtools.CdpVersionFinder findNearestMatch
WARNING: Unable to find an exact match for CDP version 148, returning the closest version; found: 145; Please update to a Selenium version that supports CDP version 148
]]></system-err>
  </testcase>
  <testcase name="validLoginTest[Admin, admin123](1)" classname="com.orangehrm.tesetcases.TC003validLoginRemoteTest" time="7.806">
    <system-out><![CDATA[16:23:52 [TestNG-test=firefoxTest-2] INFO  com.orangehrm.actiondriver.ActionDriver - click on : By.xpath: //button[@type='submit']
16:23:52 [TestNG-test=firefoxTest-3] INFO  com.orangehrm.factory.DriverFactory - WebDriver is initialized
16:23:52 [TestNG-test=firefoxTest-3] INFO  com.orangehrm.factory.DriverFactory - WebDriver is initialized
16:23:52 [TestNG-test=firefoxTest-2] INFO  com.orangehrm.actiondriver.ActionDriver - Color applied green to element By.xpath: //div[@class="oxd-topbar-header-title"]/span
16:23:52 [TestNG-test=firefoxTest-2] INFO  com.orangehrm.actiondriver.ActionDriver - element located by : By.xpath: //div[@class="oxd-topbar-header-title"]/span is visible
16:23:52 [TestNG-test=firefoxTest-2] INFO  com.orangehrm.factory.DriverFactory - WebDriver is initialized
16:23:53 [TestNG-test=firefoxTest-2] INFO  com.orangehrm.actiondriver.ActionDriver - Color applied green to element By.xpath: //li[@class="oxd-userdropdown"]/span
16:23:53 [TestNG-test=firefoxTest-2] INFO  com.orangehrm.actiondriver.ActionDriver - click on : By.xpath: //li[@class="oxd-userdropdown"]/span
16:23:53 [TestNG-test=firefoxTest-1] INFO  com.orangehrm.base.BaseTest - selected url is :https://opensource-demo.orangehrmlive.com/web/index.php/auth/login
16:23:53 [TestNG-test=firefoxTest-1] INFO  com.orangehrm.factory.DriverFactory - WebDriver is initialized
16:23:53 [TestNG-test=firefoxTest-1] INFO  com.orangehrm.factory.DriverFactory - WebDriver is initialized
16:23:53 [TestNG-test=firefoxTest-2] INFO  com.orangehrm.actiondriver.ActionDriver - Color applied green to element By.xpath: //ul[@role="menu"]/li[4]
16:23:54 [TestNG-test=firefoxTest-3] INFO  com.orangehrm.factory.DriverFactory - WebDriver terminated
16:23:54 [TestNG-test=firefoxTest-3] INFO  com.orangehrm.base.BaseTest - WebDriver instance terminated
16:23:54 [TestNG-test=firefoxTest-3] INFO  com.orangehrm.base.BaseTest - ActionDriver instance terminated
16:23:54 [TestNG-test=firefoxTest-3] INFO  com.orangehrm.factory.DriverFactory - config file access successfull
16:23:54 [TestNG-test=firefoxTest-3] INFO  com.orangehrm.factory.DriverFactory - Test execution runiing on firefox
16:23:54 [TestNG-test=firefoxTest-3] INFO  com.orangehrm.factory.DriverFactory - Test execution runiing on firefox
16:23:54 [TestNG-test=firefoxTest-3] INFO  com.orangehrm.factory.DriverFactory - config file access successfull
16:23:56 [TestNG-test=firefoxTest-2] INFO  com.orangehrm.actiondriver.ActionDriver - click on : By.xpath: //ul[@role="menu"]/li[4]
]]></system-out>
  </testcase>
  <testcase name="addNewEmployee[Manish, hello, Kumar, 104261, manishKumar, Man123456, Man123456, D:\manish work space\eclipse setup\orangehrm_automation\src\test\resources\testdata\samplePic.jpg](1)" classname="com.orangehrm.tesetcases.TC004AdditionAndDelete" time="8.141">
    <system-out><![CDATA[16:21:02 [TestNG-test=chromeTest-3] INFO  com.orangehrm.actiondriver.ActionDriver - Color applied green to element By.xpath: //input[@placeholder="First Name"]
16:21:02 [TestNG-test=chromeTest-1] INFO  com.orangehrm.factory.DriverFactory - WebDriver is initialized
16:21:02 [TestNG-test=chromeTest-3] INFO  com.orangehrm.actiondriver.ActionDriver - enter text : Manish in : By.xpath: //input[@placeholder="First Name"]
16:21:03 [TestNG-test=chromeTest-3] INFO  com.orangehrm.actiondriver.ActionDriver - Color applied green to element By.xpath: //input[@placeholder='Middle Name']
16:21:03 [TestNG-test=chromeTest-1] INFO  com.orangehrm.factory.DriverFactory - WebDriver is initialized
16:21:03 [TestNG-test=chromeTest-3] INFO  com.orangehrm.actiondriver.ActionDriver - enter text : hello in : By.xpath: //input[@placeholder='Middle Name']
16:21:03 [TestNG-test=chromeTest-3] INFO  com.orangehrm.actiondriver.ActionDriver - Color applied green to element By.xpath: //input[@placeholder='Last Name']
16:21:03 [TestNG-test=chromeTest-3] INFO  com.orangehrm.actiondriver.ActionDriver - enter text : Kumar in : By.xpath: //input[@placeholder='Last Name']
16:21:03 [TestNG-test=chromeTest-1] INFO  com.orangehrm.factory.DriverFactory - WebDriver terminated
16:21:03 [TestNG-test=chromeTest-1] INFO  com.orangehrm.base.BaseTest - WebDriver instance terminated
16:21:03 [TestNG-test=chromeTest-1] INFO  com.orangehrm.base.BaseTest - ActionDriver instance terminated
16:21:03 [TestNG-test=chromeTest-1] INFO  com.orangehrm.factory.DriverFactory - config file access successfull
16:21:03 [TestNG-test=chromeTest-1] INFO  com.orangehrm.factory.DriverFactory - Test execution runiing on chrome
16:21:03 [TestNG-test=chromeTest-1] INFO  com.orangehrm.factory.DriverFactory - Test execution runiing on chrome
16:21:03 [TestNG-test=chromeTest-1] INFO  com.orangehrm.factory.DriverFactory - config file access successfull
16:21:04 [TestNG-test=chromeTest-1] INFO  com.orangehrm.base.BaseTest - selected url is :https://opensource-demo.orangehrmlive.com/web/index.php/auth/login
16:21:04 [TestNG-test=chromeTest-1] INFO  com.orangehrm.factory.DriverFactory - WebDriver is initialized
16:21:04 [TestNG-test=chromeTest-1] INFO  com.orangehrm.factory.DriverFactory - WebDriver is initialized
16:21:04 [TestNG-test=chromeTest-3] INFO  com.orangehrm.actiondriver.ActionDriver - Color applied green to element By.xpath: //p[text()='Create Login Details']/following-sibling::div
16:21:04 [TestNG-test=chromeTest-3] INFO  com.orangehrm.actiondriver.ActionDriver - click on : By.xpath: //p[text()='Create Login Details']/following-sibling::div
16:21:04 [TestNG-test=chromeTest-3] INFO  com.orangehrm.actiondriver.ActionDriver - Color applied green to element By.xpath: //label[text()='Employee Id']/parent::div/following-sibling::div/input
16:21:04 [TestNG-test=chromeTest-3] INFO  com.orangehrm.actiondriver.ActionDriver - enter text : 104261 in : By.xpath: //label[text()='Employee Id']/parent::div/following-sibling::div/input
16:21:04 [TestNG-test=chromeTest-3] INFO  com.orangehrm.actiondriver.ActionDriver - Color applied green to element By.xpath: //label[text()='Username']/parent::div/following-sibling::div/input
16:21:05 [TestNG-test=chromeTest-3] INFO  com.orangehrm.actiondriver.ActionDriver - enter text : manishKumar in : By.xpath: //label[text()='Username']/parent::div/following-sibling::div/input
16:21:05 [TestNG-test=chromeTest-3] INFO  com.orangehrm.actiondriver.ActionDriver - Color applied green to element By.xpath: //label[text()='Password']/parent::div/following-sibling::div/input
16:21:05 [TestNG-test=chromeTest-3] INFO  com.orangehrm.actiondriver.ActionDriver - enter text : Man123456 in : By.xpath: //label[text()='Password']/parent::div/following-sibling::div/input
16:21:05 [TestNG-test=chromeTest-3] INFO  com.orangehrm.actiondriver.ActionDriver - Color applied green to element By.xpath: //label[text()='Confirm Password']/parent::div/following-sibling::div/input
16:21:05 [TestNG-test=chromeTest-3] INFO  com.orangehrm.actiondriver.ActionDriver - enter text : Man123456 in : By.xpath: //label[text()='Confirm Password']/parent::div/following-sibling::div/input
16:21:05 [TestNG-test=chromeTest-3] INFO  com.orangehrm.actiondriver.ActionDriver - Color applied green to element By.xpath: //button[@type='submit']
16:21:05 [TestNG-test=chromeTest-3] INFO  com.orangehrm.actiondriver.ActionDriver - click on : By.xpath: //button[@type='submit']
16:21:06 [TestNG-test=chromeTest-3] INFO  com.orangehrm.factory.DriverFactory - WebDriver is initialized
]]></system-out>
    <system-err><![CDATA[May 20, 2026 4:21:04 PM org.openqa.selenium.devtools.CdpVersionFinder findNearestMatch
WARNING: Unable to find an exact match for CDP version 148, returning the closest version; found: 145; Please update to a Selenium version that supports CDP version 148
]]></system-err>
  </testcase>
  <testcase name="addNewEmployee[Manish, hello, Kumar, 104261, manishKumar, Man123456, Man123456, D:\manish work space\eclipse setup\orangehrm_automation\src\test\resources\testdata\samplePic.jpg](1)" classname="com.orangehrm.tesetcases.TC004AdditionAndDelete" time="10.78">
    <system-out><![CDATA[16:22:03 [TestNG-test=edgeTest-2] INFO  com.orangehrm.factory.DriverFactory - WebDriver is initialized
16:22:04 [TestNG-test=edgeTest-1] INFO  com.orangehrm.factory.DriverFactory - WebDriver is initialized
16:22:04 [TestNG-test=edgeTest-3] INFO  com.orangehrm.actiondriver.ActionDriver - Color applied green to element By.xpath: //p[text()='Create Login Details']/following-sibling::div
16:22:04 [TestNG-test=edgeTest-3] INFO  com.orangehrm.actiondriver.ActionDriver - click on : By.xpath: //p[text()='Create Login Details']/following-sibling::div
16:22:04 [TestNG-test=edgeTest-2] INFO  com.orangehrm.factory.DriverFactory - WebDriver terminated
16:22:04 [TestNG-test=edgeTest-2] INFO  com.orangehrm.base.BaseTest - WebDriver instance terminated
16:22:04 [TestNG-test=edgeTest-2] INFO  com.orangehrm.base.BaseTest - ActionDriver instance terminated
16:22:04 [TestNG-test=edgeTest-1] INFO  com.orangehrm.factory.DriverFactory - WebDriver is initialized
16:22:04 [TestNG-test=edgeTest-3] INFO  com.orangehrm.actiondriver.ActionDriver - Color applied green to element By.xpath: //label[text()='Employee Id']/parent::div/following-sibling::div/input
16:22:04 [TestNG-test=edgeTest-3] INFO  com.orangehrm.actiondriver.ActionDriver - enter text : 104261 in : By.xpath: //label[text()='Employee Id']/parent::div/following-sibling::div/input
16:22:04 [TestNG-test=edgeTest-1] INFO  com.orangehrm.factory.DriverFactory - WebDriver terminated
16:22:04 [TestNG-test=edgeTest-1] INFO  com.orangehrm.base.BaseTest - WebDriver instance terminated
16:22:04 [TestNG-test=edgeTest-1] INFO  com.orangehrm.base.BaseTest - ActionDriver instance terminated
16:22:04 [TestNG-test=edgeTest-1] INFO  com.orangehrm.factory.DriverFactory - config file access successfull
16:22:04 [TestNG-test=edgeTest-1] INFO  com.orangehrm.factory.DriverFactory - Test execution runiing on edge
16:22:04 [TestNG-test=edgeTest-1] INFO  com.orangehrm.factory.DriverFactory - Test execution runiing on edge
16:22:04 [TestNG-test=edgeTest-1] INFO  com.orangehrm.factory.DriverFactory - config file access successfull
16:22:04 [TestNG-test=edgeTest-3] INFO  com.orangehrm.actiondriver.ActionDriver - Color applied green to element By.xpath: //label[text()='Username']/parent::div/following-sibling::div/input
16:22:05 [TestNG-test=edgeTest-3] INFO  com.orangehrm.actiondriver.ActionDriver - enter text : manishKumar in : By.xpath: //label[text()='Username']/parent::div/following-sibling::div/input
16:22:05 [TestNG-test=edgeTest-3] INFO  com.orangehrm.actiondriver.ActionDriver - Color applied green to element By.xpath: //label[text()='Password']/parent::div/following-sibling::div/input
16:22:05 [TestNG-test=edgeTest-3] INFO  com.orangehrm.actiondriver.ActionDriver - enter text : Man123456 in : By.xpath: //label[text()='Password']/parent::div/following-sibling::div/input
16:22:05 [TestNG-test=edgeTest-3] INFO  com.orangehrm.actiondriver.ActionDriver - Color applied green to element By.xpath: //label[text()='Confirm Password']/parent::div/following-sibling::div/input
16:22:06 [TestNG-test=edgeTest-3] INFO  com.orangehrm.actiondriver.ActionDriver - enter text : Man123456 in : By.xpath: //label[text()='Confirm Password']/parent::div/following-sibling::div/input
16:22:06 [TestNG-test=edgeTest-1] INFO  com.orangehrm.base.BaseTest - selected url is :https://opensource-demo.orangehrmlive.com/web/index.php/auth/login
16:22:06 [TestNG-test=edgeTest-1] INFO  com.orangehrm.factory.DriverFactory - WebDriver is initialized
16:22:06 [TestNG-test=edgeTest-1] INFO  com.orangehrm.factory.DriverFactory - WebDriver is initialized
16:22:06 [TestNG-test=edgeTest-3] INFO  com.orangehrm.actiondriver.ActionDriver - Color applied green to element By.xpath: //button[@type='submit']
16:22:06 [TestNG-test=edgeTest-3] INFO  com.orangehrm.actiondriver.ActionDriver - click on : By.xpath: //button[@type='submit']
16:22:07 [TestNG-test=edgeTest-3] INFO  com.orangehrm.factory.DriverFactory - WebDriver is initialized
]]></system-out>
    <system-err><![CDATA[May 20, 2026 4:22:06 PM org.openqa.selenium.devtools.CdpVersionFinder findNearestMatch
WARNING: Unable to find an exact match for CDP version 148, returning the closest version; found: 145; Please update to a Selenium version that supports CDP version 148
]]></system-err>
  </testcase>
  <testcase name="addNewEmployee[Manish, hello, Kumar, 104261, manishKumar, Man123456, Man123456, D:\manish work space\eclipse setup\orangehrm_automation\src\test\resources\testdata\samplePic.jpg](1)" classname="com.orangehrm.tesetcases.TC004AdditionAndDelete" time="3.649">
    <system-out><![CDATA[16:23:47 [TestNG-test=firefoxTest-1] INFO  com.orangehrm.factory.DriverFactory - WebDriver is initialized
16:23:47 [TestNG-test=firefoxTest-1] INFO  com.orangehrm.factory.DriverFactory - WebDriver is initialized
16:23:47 [TestNG-test=firefoxTest-3] INFO  com.orangehrm.actiondriver.ActionDriver - click on : By.linkText: Add Employee
16:23:48 [TestNG-test=firefoxTest-2] INFO  com.orangehrm.factory.DriverFactory - WebDriver is initialized
16:23:48 [TestNG-test=firefoxTest-2] INFO  com.orangehrm.factory.DriverFactory - WebDriver is initialized
16:23:48 [TestNG-test=firefoxTest-2] INFO  com.orangehrm.actiondriver.ActionDriver - ActionDriver is initalized
16:23:48 [TestNG-test=firefoxTest-2] INFO  com.orangehrm.tesetcases.TC003validLoginRemoteTest - TC003validLoginRemoteTest is executed
16:23:48 [TestNG-test=firefoxTest-2] INFO  com.orangehrm.factory.DriverFactory - WebDriver is initialized
16:23:48 [TestNG-test=firefoxTest-2] INFO  com.orangehrm.factory.DriverFactory - WebDriver is initialized
16:23:48 [TestNG-test=firefoxTest-2] INFO  com.orangehrm.tesetcases.TC003validLoginRemoteTest - Admin & admin123
16:23:48 [TestNG-test=firefoxTest-3] INFO  com.orangehrm.actiondriver.ActionDriver - Color applied green to element By.xpath: //input[@placeholder="First Name"]
16:23:48 [TestNG-test=firefoxTest-3] INFO  com.orangehrm.actiondriver.ActionDriver - enter text : Manish in : By.xpath: //input[@placeholder="First Name"]
16:23:48 [TestNG-test=firefoxTest-3] INFO  com.orangehrm.actiondriver.ActionDriver - Color applied green to element By.xpath: //input[@placeholder='Middle Name']
16:23:48 [TestNG-test=firefoxTest-3] INFO  com.orangehrm.actiondriver.ActionDriver - enter text : hello in : By.xpath: //input[@placeholder='Middle Name']
16:23:48 [TestNG-test=firefoxTest-3] INFO  com.orangehrm.actiondriver.ActionDriver - Color applied green to element By.xpath: //input[@placeholder='Last Name']
16:23:48 [TestNG-test=firefoxTest-3] INFO  com.orangehrm.actiondriver.ActionDriver - enter text : Kumar in : By.xpath: //input[@placeholder='Last Name']
16:23:49 [TestNG-test=firefoxTest-1] INFO  com.orangehrm.factory.DriverFactory - WebDriver terminated
16:23:49 [TestNG-test=firefoxTest-1] INFO  com.orangehrm.base.BaseTest - WebDriver instance terminated
16:23:49 [TestNG-test=firefoxTest-1] INFO  com.orangehrm.base.BaseTest - ActionDriver instance terminated
16:23:49 [TestNG-test=firefoxTest-1] INFO  com.orangehrm.factory.DriverFactory - config file access successfull
16:23:49 [TestNG-test=firefoxTest-1] INFO  com.orangehrm.factory.DriverFactory - Test execution runiing on firefox
16:23:49 [TestNG-test=firefoxTest-1] INFO  com.orangehrm.factory.DriverFactory - Test execution runiing on firefox
16:23:49 [TestNG-test=firefoxTest-1] INFO  com.orangehrm.factory.DriverFactory - config file access successfull
16:23:49 [TestNG-test=firefoxTest-2] INFO  com.orangehrm.actiondriver.ActionDriver - Color applied green to element By.name: username
16:23:49 [TestNG-test=firefoxTest-2] INFO  com.orangehrm.actiondriver.ActionDriver - enter text : Admin in : By.name: username
16:23:49 [TestNG-test=firefoxTest-2] INFO  com.orangehrm.actiondriver.ActionDriver - Color applied green to element By.name: password
16:23:50 [TestNG-test=firefoxTest-2] INFO  com.orangehrm.actiondriver.ActionDriver - enter text : admin123 in : By.name: password
16:23:50 [TestNG-test=firefoxTest-2] INFO  com.orangehrm.actiondriver.ActionDriver - Color applied green to element By.xpath: //button[@type='submit']
16:23:50 [TestNG-test=firefoxTest-3] INFO  com.orangehrm.actiondriver.ActionDriver - Color applied green to element By.xpath: //p[text()='Create Login Details']/following-sibling::div
16:23:50 [TestNG-test=firefoxTest-3] INFO  com.orangehrm.actiondriver.ActionDriver - click on : By.xpath: //p[text()='Create Login Details']/following-sibling::div
16:23:50 [TestNG-test=firefoxTest-3] INFO  com.orangehrm.actiondriver.ActionDriver - Color applied green to element By.xpath: //label[text()='Employee Id']/parent::div/following-sibling::div/input
16:23:50 [TestNG-test=firefoxTest-3] INFO  com.orangehrm.actiondriver.ActionDriver - enter text : 104261 in : By.xpath: //label[text()='Employee Id']/parent::div/following-sibling::div/input
16:23:50 [TestNG-test=firefoxTest-3] INFO  com.orangehrm.actiondriver.ActionDriver - Color applied green to element By.xpath: //label[text()='Username']/parent::div/following-sibling::div/input
16:23:50 [TestNG-test=firefoxTest-3] INFO  com.orangehrm.actiondriver.ActionDriver - enter text : manishKumar in : By.xpath: //label[text()='Username']/parent::div/following-sibling::div/input
16:23:50 [TestNG-test=firefoxTest-3] INFO  com.orangehrm.actiondriver.ActionDriver - Color applied green to element By.xpath: //label[text()='Password']/parent::div/following-sibling::div/input
16:23:50 [TestNG-test=firefoxTest-3] INFO  com.orangehrm.actiondriver.ActionDriver - enter text : Man123456 in : By.xpath: //label[text()='Password']/parent::div/following-sibling::div/input
16:23:50 [TestNG-test=firefoxTest-3] INFO  com.orangehrm.actiondriver.ActionDriver - Color applied green to element By.xpath: //label[text()='Confirm Password']/parent::div/following-sibling::div/input
16:23:50 [TestNG-test=firefoxTest-3] INFO  com.orangehrm.actiondriver.ActionDriver - enter text : Man123456 in : By.xpath: //label[text()='Confirm Password']/parent::div/following-sibling::div/input
16:23:50 [TestNG-test=firefoxTest-3] INFO  com.orangehrm.actiondriver.ActionDriver - Color applied green to element By.xpath: //button[@type='submit']
16:23:50 [TestNG-test=firefoxTest-3] INFO  com.orangehrm.actiondriver.ActionDriver - click on : By.xpath: //button[@type='submit']
16:23:51 [TestNG-test=firefoxTest-3] INFO  com.orangehrm.factory.DriverFactory - WebDriver is initialized
]]></system-out>
  </testcase>
  <testcase name="searchEmployee" classname="com.orangehrm.tesetcases.TC004AdditionAndDelete" time="12.541">
    <system-out><![CDATA[16:21:11 [TestNG-test=chromeTest-1] INFO  com.orangehrm.factory.DriverFactory - WebDriver is initialized
16:21:12 [TestNG-test=chromeTest-1] INFO  com.orangehrm.factory.DriverFactory - WebDriver is initialized
16:21:12 [TestNG-test=chromeTest-1] INFO  com.orangehrm.factory.DriverFactory - WebDriver terminated
16:21:12 [TestNG-test=chromeTest-1] INFO  com.orangehrm.base.BaseTest - WebDriver instance terminated
16:21:12 [TestNG-test=chromeTest-1] INFO  com.orangehrm.base.BaseTest - ActionDriver instance terminated
16:21:12 [TestNG-test=chromeTest-3] INFO  com.orangehrm.factory.DriverFactory - WebDriver is initialized
16:21:12 [TestNG-test=chromeTest-3] INFO  com.orangehrm.factory.DriverFactory - WebDriver is initialized
16:21:12 [TestNG-test=chromeTest-3] INFO  com.orangehrm.actiondriver.ActionDriver - ActionDriver is initalized
16:21:12 [TestNG-test=chromeTest-3] INFO  com.orangehrm.factory.DriverFactory - WebDriver is initialized
16:21:12 [TestNG-test=chromeTest-3] INFO  com.orangehrm.factory.DriverFactory - WebDriver is initialized
16:21:13 [TestNG-test=chromeTest-3] INFO  com.orangehrm.actiondriver.ActionDriver - Color applied green to element By.name: username
16:21:13 [TestNG-test=chromeTest-3] INFO  com.orangehrm.actiondriver.ActionDriver - enter text : Admin in : By.name: username
16:21:13 [TestNG-test=chromeTest-3] INFO  com.orangehrm.actiondriver.ActionDriver - Color applied green to element By.name: password
16:21:13 [TestNG-test=chromeTest-3] INFO  com.orangehrm.actiondriver.ActionDriver - enter text : admin123 in : By.name: password
16:21:13 [TestNG-test=chromeTest-3] INFO  com.orangehrm.actiondriver.ActionDriver - Color applied green to element By.xpath: //button[@type='submit']
16:21:14 [TestNG-test=chromeTest-3] INFO  com.orangehrm.actiondriver.ActionDriver - click on : By.xpath: //button[@type='submit']
16:21:18 [TestNG-test=chromeTest-3] INFO  com.orangehrm.actiondriver.ActionDriver - Color applied green to element By.xpath: //ul[@class="oxd-main-menu"]/li[2]
16:21:21 [TestNG-test=chromeTest-3] INFO  com.orangehrm.actiondriver.ActionDriver - click on : By.xpath: //ul[@class="oxd-main-menu"]/li[2]
16:21:22 [TestNG-test=chromeTest-3] INFO  com.orangehrm.actiondriver.ActionDriver - Color applied green to element By.xpath: //label[text()='Employee Id']/parent::div/following-sibling::div/input
16:21:22 [TestNG-test=chromeTest-3] INFO  com.orangehrm.actiondriver.ActionDriver - enter text : 104261 in : By.xpath: //label[text()='Employee Id']/parent::div/following-sibling::div/input
16:21:22 [TestNG-test=chromeTest-3] INFO  com.orangehrm.actiondriver.ActionDriver - Color applied green to element By.xpath: //button[@type="submit"]
16:21:22 [TestNG-test=chromeTest-3] INFO  com.orangehrm.actiondriver.ActionDriver - click on : By.xpath: //button[@type="submit"]
16:21:24 [TestNG-test=chromeTest-3] INFO  com.orangehrm.actiondriver.ActionDriver - Color applied green to element By.xpath: //div[@role='table']/div[2]/div/div/div[2]/div
16:21:24 [TestNG-test=chromeTest-3] INFO  com.orangehrm.actiondriver.ActionDriver - scroll page to the element By.xpath: //div[@role='table']/div[2]/div/div/div[2]/div
16:21:24 [TestNG-test=chromeTest-3] INFO  com.orangehrm.actiondriver.ActionDriver - Color applied green to element By.xpath: //div[@role='table']/div[2]/div/div/div[2]/div
16:21:24 [TestNG-test=chromeTest-3] INFO  com.orangehrm.actiondriver.ActionDriver - '104261' is matched to '104261' at location :By.xpath: //div[@role='table']/div[2]/div/div/div[2]/div
16:21:24 [TestNG-test=chromeTest-3] INFO  com.orangehrm.factory.DriverFactory - WebDriver is initialized
]]></system-out>
  </testcase>
  <testcase name="searchEmployee" classname="com.orangehrm.tesetcases.TC004AdditionAndDelete" time="49.857">
    <system-out><![CDATA[16:22:19 [TestNG-test=edgeTest-1] INFO  com.orangehrm.factory.DriverFactory - WebDriver is initialized
16:22:20 [TestNG-test=edgeTest-1] INFO  com.orangehrm.factory.DriverFactory - WebDriver is initialized
16:22:20 [TestNG-test=edgeTest-1] INFO  com.orangehrm.factory.DriverFactory - WebDriver terminated
16:22:20 [TestNG-test=edgeTest-1] INFO  com.orangehrm.base.BaseTest - WebDriver instance terminated
16:22:20 [TestNG-test=edgeTest-1] INFO  com.orangehrm.base.BaseTest - ActionDriver instance terminated
16:22:26 [TestNG-test=edgeTest-3] INFO  com.orangehrm.actiondriver.ActionDriver - click on : By.xpath: //button[@type='submit']
16:22:28 [TestNG-test=edgeTest-3] INFO  com.orangehrm.actiondriver.ActionDriver - Color applied green to element By.xpath: //ul[@class="oxd-main-menu"]/li[2]
16:22:37 [TestNG-test=edgeTest-3] INFO  com.orangehrm.actiondriver.ActionDriver - click on : By.xpath: //ul[@class="oxd-main-menu"]/li[2]
16:22:38 [TestNG-test=edgeTest-3] INFO  com.orangehrm.actiondriver.ActionDriver - Color applied green to element By.xpath: //label[text()='Employee Id']/parent::div/following-sibling::div/input
16:22:38 [TestNG-test=edgeTest-3] INFO  com.orangehrm.actiondriver.ActionDriver - enter text : 104261 in : By.xpath: //label[text()='Employee Id']/parent::div/following-sibling::div/input
16:22:38 [TestNG-test=edgeTest-3] INFO  com.orangehrm.actiondriver.ActionDriver - Color applied green to element By.xpath: //button[@type="submit"]
16:22:38 [TestNG-test=edgeTest-3] INFO  com.orangehrm.actiondriver.ActionDriver - click on : By.xpath: //button[@type="submit"]
16:23:02 [TestNG-test=edgeTest-3] INFO  com.orangehrm.actiondriver.ActionDriver - Color applied green to element By.xpath: //div[@role='table']/div[2]/div/div/div[2]/div
16:23:02 [TestNG-test=edgeTest-3] INFO  com.orangehrm.actiondriver.ActionDriver - scroll page to the element By.xpath: //div[@role='table']/div[2]/div/div/div[2]/div
16:23:03 [TestNG-test=edgeTest-3] INFO  com.orangehrm.actiondriver.ActionDriver - Color applied green to element By.xpath: //div[@role='table']/div[2]/div/div/div[2]/div
16:23:03 [TestNG-test=edgeTest-3] INFO  com.orangehrm.actiondriver.ActionDriver - '104261' is matched to '104261' at location :By.xpath: //div[@role='table']/div[2]/div/div/div[2]/div
16:23:03 [TestNG-test=edgeTest-3] INFO  com.orangehrm.factory.DriverFactory - WebDriver is initialized
]]></system-out>
  </testcase>
  <testcase name="searchEmployee" classname="com.orangehrm.tesetcases.TC004AdditionAndDelete" time="7.325">
    <system-out><![CDATA[16:24:01 [TestNG-test=firefoxTest-1] INFO  com.orangehrm.factory.DriverFactory - WebDriver is initialized
16:24:02 [TestNG-test=firefoxTest-1] INFO  com.orangehrm.factory.DriverFactory - WebDriver is initialized
16:24:03 [TestNG-test=firefoxTest-3] INFO  com.orangehrm.factory.DriverFactory - WebDriver is initialized
16:24:03 [TestNG-test=firefoxTest-3] INFO  com.orangehrm.factory.DriverFactory - WebDriver is initialized
16:24:03 [TestNG-test=firefoxTest-3] INFO  com.orangehrm.actiondriver.ActionDriver - ActionDriver is initalized
16:24:03 [TestNG-test=firefoxTest-3] INFO  com.orangehrm.factory.DriverFactory - WebDriver is initialized
16:24:03 [TestNG-test=firefoxTest-3] INFO  com.orangehrm.factory.DriverFactory - WebDriver is initialized
16:24:03 [TestNG-test=firefoxTest-3] INFO  com.orangehrm.actiondriver.ActionDriver - Color applied green to element By.name: username
16:24:03 [TestNG-test=firefoxTest-3] INFO  com.orangehrm.actiondriver.ActionDriver - enter text : Admin in : By.name: username
16:24:03 [TestNG-test=firefoxTest-3] INFO  com.orangehrm.actiondriver.ActionDriver - Color applied green to element By.name: password
16:24:03 [TestNG-test=firefoxTest-3] INFO  com.orangehrm.actiondriver.ActionDriver - enter text : admin123 in : By.name: password
16:24:03 [TestNG-test=firefoxTest-3] INFO  com.orangehrm.actiondriver.ActionDriver - Color applied green to element By.xpath: //button[@type='submit']
16:24:04 [TestNG-test=firefoxTest-1] INFO  com.orangehrm.factory.DriverFactory - WebDriver terminated
16:24:04 [TestNG-test=firefoxTest-1] INFO  com.orangehrm.base.BaseTest - WebDriver instance terminated
16:24:04 [TestNG-test=firefoxTest-1] INFO  com.orangehrm.base.BaseTest - ActionDriver instance terminated
16:24:04 [TestNG-test=firefoxTest-1] INFO  com.orangehrm.factory.DriverFactory - config file access successfull
16:24:04 [TestNG-test=firefoxTest-1] INFO  com.orangehrm.factory.DriverFactory - Test execution runiing on firefox
16:24:04 [TestNG-test=firefoxTest-1] INFO  com.orangehrm.factory.DriverFactory - Test execution runiing on firefox
16:24:04 [TestNG-test=firefoxTest-1] INFO  com.orangehrm.factory.DriverFactory - config file access successfull
16:24:05 [TestNG-test=firefoxTest-3] INFO  com.orangehrm.actiondriver.ActionDriver - click on : By.xpath: //button[@type='submit']
16:24:05 [TestNG-test=firefoxTest-3] INFO  com.orangehrm.actiondriver.ActionDriver - Color applied green to element By.xpath: //ul[@class="oxd-main-menu"]/li[2]
16:24:07 [TestNG-test=firefoxTest-1] INFO  com.orangehrm.base.BaseTest - selected url is :https://opensource-demo.orangehrmlive.com/web/index.php/auth/login
16:24:07 [TestNG-test=firefoxTest-1] INFO  com.orangehrm.factory.DriverFactory - WebDriver is initialized
16:24:07 [TestNG-test=firefoxTest-1] INFO  com.orangehrm.factory.DriverFactory - WebDriver is initialized
16:24:07 [TestNG-test=firefoxTest-3] INFO  com.orangehrm.actiondriver.ActionDriver - click on : By.xpath: //ul[@class="oxd-main-menu"]/li[2]
16:24:07 [TestNG-test=firefoxTest-3] INFO  com.orangehrm.actiondriver.ActionDriver - Color applied green to element By.xpath: //label[text()='Employee Id']/parent::div/following-sibling::div/input
16:24:07 [TestNG-test=firefoxTest-3] INFO  com.orangehrm.actiondriver.ActionDriver - enter text : 104261 in : By.xpath: //label[text()='Employee Id']/parent::div/following-sibling::div/input
16:24:08 [TestNG-test=firefoxTest-3] INFO  com.orangehrm.actiondriver.ActionDriver - Color applied green to element By.xpath: //button[@type="submit"]
16:24:08 [TestNG-test=firefoxTest-3] INFO  com.orangehrm.actiondriver.ActionDriver - click on : By.xpath: //button[@type="submit"]
16:24:10 [TestNG-test=firefoxTest-3] INFO  com.orangehrm.actiondriver.ActionDriver - Color applied green to element By.xpath: //div[@role='table']/div[2]/div/div/div[2]/div
16:24:10 [TestNG-test=firefoxTest-3] INFO  com.orangehrm.actiondriver.ActionDriver - scroll page to the element By.xpath: //div[@role='table']/div[2]/div/div/div[2]/div
16:24:10 [TestNG-test=firefoxTest-3] INFO  com.orangehrm.actiondriver.ActionDriver - Color applied green to element By.xpath: //div[@role='table']/div[2]/div/div/div[2]/div
16:24:10 [TestNG-test=firefoxTest-3] INFO  com.orangehrm.actiondriver.ActionDriver - '104261' is matched to '104261' at location :By.xpath: //div[@role='table']/div[2]/div/div/div[2]/div
16:24:10 [TestNG-test=firefoxTest-3] INFO  com.orangehrm.factory.DriverFactory - WebDriver is initialized
]]></system-out>
  </testcase>
  <testcase name="deleteEmployee" classname="com.orangehrm.tesetcases.TC004AdditionAndDelete" time="9.947">
    <system-out><![CDATA[16:21:25 [TestNG-test=chromeTest-3] INFO  com.orangehrm.factory.DriverFactory - WebDriver is initialized
16:21:25 [TestNG-test=chromeTest-3] INFO  com.orangehrm.factory.DriverFactory - WebDriver is initialized
16:21:26 [TestNG-test=chromeTest-3] INFO  com.orangehrm.factory.DriverFactory - WebDriver terminated
16:21:26 [TestNG-test=chromeTest-3] INFO  com.orangehrm.base.BaseTest - WebDriver instance terminated
16:21:26 [TestNG-test=chromeTest-3] INFO  com.orangehrm.base.BaseTest - ActionDriver instance terminated
16:21:26 [TestNG-test=chromeTest-3] INFO  com.orangehrm.factory.DriverFactory - config file access successfull
16:21:26 [TestNG-test=chromeTest-3] INFO  com.orangehrm.factory.DriverFactory - Test execution runiing on chrome
16:21:26 [TestNG-test=chromeTest-3] INFO  com.orangehrm.factory.DriverFactory - Test execution runiing on chrome
16:21:26 [TestNG-test=chromeTest-3] INFO  com.orangehrm.factory.DriverFactory - config file access successfull
16:21:27 [TestNG-test=chromeTest-3] INFO  com.orangehrm.base.BaseTest - selected url is :https://opensource-demo.orangehrmlive.com/web/index.php/auth/login
16:21:27 [TestNG-test=chromeTest-3] INFO  com.orangehrm.factory.DriverFactory - WebDriver is initialized
16:21:27 [TestNG-test=chromeTest-3] INFO  com.orangehrm.factory.DriverFactory - WebDriver is initialized
16:21:30 [TestNG-test=chromeTest-3] INFO  com.orangehrm.factory.DriverFactory - WebDriver is initialized
16:21:30 [TestNG-test=chromeTest-3] INFO  com.orangehrm.factory.DriverFactory - WebDriver is initialized
16:21:30 [TestNG-test=chromeTest-3] INFO  com.orangehrm.actiondriver.ActionDriver - ActionDriver is initalized
16:21:30 [TestNG-test=chromeTest-3] INFO  com.orangehrm.factory.DriverFactory - WebDriver is initialized
16:21:30 [TestNG-test=chromeTest-3] INFO  com.orangehrm.factory.DriverFactory - WebDriver is initialized
16:21:31 [TestNG-test=chromeTest-3] INFO  com.orangehrm.actiondriver.ActionDriver - Color applied green to element By.name: username
16:21:31 [TestNG-test=chromeTest-3] INFO  com.orangehrm.actiondriver.ActionDriver - enter text : Admin in : By.name: username
16:21:31 [TestNG-test=chromeTest-3] INFO  com.orangehrm.actiondriver.ActionDriver - Color applied green to element By.name: password
16:21:31 [TestNG-test=chromeTest-3] INFO  com.orangehrm.actiondriver.ActionDriver - enter text : admin123 in : By.name: password
16:21:31 [TestNG-test=chromeTest-3] INFO  com.orangehrm.actiondriver.ActionDriver - Color applied green to element By.xpath: //button[@type='submit']
16:21:31 [TestNG-test=chromeTest-3] INFO  com.orangehrm.actiondriver.ActionDriver - click on : By.xpath: //button[@type='submit']
16:21:33 [TestNG-test=chromeTest-3] INFO  com.orangehrm.actiondriver.ActionDriver - Color applied green to element By.xpath: //ul[@class="oxd-main-menu"]/li[2]
16:21:35 [TestNG-test=chromeTest-3] INFO  com.orangehrm.actiondriver.ActionDriver - click on : By.xpath: //ul[@class="oxd-main-menu"]/li[2]
16:21:35 [TestNG-test=chromeTest-3] INFO  com.orangehrm.actiondriver.ActionDriver - Color applied green to element By.xpath: //label[text()='Employee Id']/parent::div/following-sibling::div/input
16:21:35 [TestNG-test=chromeTest-3] INFO  com.orangehrm.actiondriver.ActionDriver - enter text : 104261 in : By.xpath: //label[text()='Employee Id']/parent::div/following-sibling::div/input
16:21:35 [TestNG-test=chromeTest-3] INFO  com.orangehrm.actiondriver.ActionDriver - Color applied green to element By.xpath: //button[@type="submit"]
16:21:35 [TestNG-test=chromeTest-3] INFO  com.orangehrm.actiondriver.ActionDriver - click on : By.xpath: //button[@type="submit"]
16:21:38 [TestNG-test=chromeTest-3] INFO  com.orangehrm.actiondriver.ActionDriver - Color applied green to element By.xpath: //div[@role='table']/div[2]/div/div/div[2]/div
16:21:38 [TestNG-test=chromeTest-3] INFO  com.orangehrm.actiondriver.ActionDriver - scroll page to the element By.xpath: //div[@role='table']/div[2]/div/div/div[2]/div
16:21:38 [TestNG-test=chromeTest-3] INFO  com.orangehrm.actiondriver.ActionDriver - Color applied green to element By.xpath: //div[@role='table']/div[2]/div/div/div[2]/div
16:21:38 [TestNG-test=chromeTest-3] INFO  com.orangehrm.actiondriver.ActionDriver - '104261' is matched to '104261' at location :By.xpath: //div[@role='table']/div[2]/div/div/div[2]/div
16:21:38 [TestNG-test=chromeTest-3] INFO  com.orangehrm.factory.DriverFactory - WebDriver is initialized
16:21:38 [TestNG-test=chromeTest-3] INFO  com.orangehrm.actiondriver.ActionDriver - Color applied green to element By.xpath: //div[@role='table']/div[2]/div/div/div[9]//button[2]
16:21:38 [TestNG-test=chromeTest-3] INFO  com.orangehrm.actiondriver.ActionDriver - click on : By.xpath: //div[@role='table']/div[2]/div/div/div[9]//button[2]
16:21:40 [TestNG-test=chromeTest-3] INFO  com.orangehrm.actiondriver.ActionDriver - Color applied green to element By.xpath: //div[@class='orangehrm-modal-footer']/button[2]
16:21:40 [TestNG-test=chromeTest-3] INFO  com.orangehrm.actiondriver.ActionDriver - click on : By.xpath: //div[@class='orangehrm-modal-footer']/button[2]
]]></system-out>
    <system-err><![CDATA[May 20, 2026 4:21:27 PM org.openqa.selenium.devtools.CdpVersionFinder findNearestMatch
WARNING: Unable to find an exact match for CDP version 148, returning the closest version; found: 145; Please update to a Selenium version that supports CDP version 148
]]></system-err>
  </testcase>
  <testcase name="deleteEmployee" classname="com.orangehrm.tesetcases.TC004AdditionAndDelete" time="16.134">
    <system-out><![CDATA[16:23:04 [TestNG-test=edgeTest-3] INFO  com.orangehrm.factory.DriverFactory - WebDriver is initialized
16:23:04 [TestNG-test=edgeTest-3] INFO  com.orangehrm.factory.DriverFactory - WebDriver is initialized
16:23:04 [TestNG-test=edgeTest-3] INFO  com.orangehrm.factory.DriverFactory - WebDriver terminated
16:23:04 [TestNG-test=edgeTest-3] INFO  com.orangehrm.base.BaseTest - WebDriver instance terminated
16:23:04 [TestNG-test=edgeTest-3] INFO  com.orangehrm.base.BaseTest - ActionDriver instance terminated
16:23:04 [TestNG-test=edgeTest-3] INFO  com.orangehrm.factory.DriverFactory - config file access successfull
16:23:04 [TestNG-test=edgeTest-3] INFO  com.orangehrm.factory.DriverFactory - Test execution runiing on edge
16:23:04 [TestNG-test=edgeTest-3] INFO  com.orangehrm.factory.DriverFactory - Test execution runiing on edge
16:23:04 [TestNG-test=edgeTest-3] INFO  com.orangehrm.factory.DriverFactory - config file access successfull
16:23:05 [TestNG-test=edgeTest-3] INFO  com.orangehrm.base.BaseTest - selected url is :https://opensource-demo.orangehrmlive.com/web/index.php/auth/login
16:23:05 [TestNG-test=edgeTest-3] INFO  com.orangehrm.factory.DriverFactory - WebDriver is initialized
16:23:05 [TestNG-test=edgeTest-3] INFO  com.orangehrm.factory.DriverFactory - WebDriver is initialized
16:23:10 [TestNG-test=edgeTest-3] INFO  com.orangehrm.factory.DriverFactory - WebDriver is initialized
16:23:10 [TestNG-test=edgeTest-3] INFO  com.orangehrm.factory.DriverFactory - WebDriver is initialized
16:23:10 [TestNG-test=edgeTest-3] INFO  com.orangehrm.actiondriver.ActionDriver - ActionDriver is initalized
16:23:10 [TestNG-test=edgeTest-3] INFO  com.orangehrm.factory.DriverFactory - WebDriver is initialized
16:23:10 [TestNG-test=edgeTest-3] INFO  com.orangehrm.factory.DriverFactory - WebDriver is initialized
16:23:12 [TestNG-test=edgeTest-3] INFO  com.orangehrm.actiondriver.ActionDriver - Color applied green to element By.name: username
16:23:12 [TestNG-test=edgeTest-3] INFO  com.orangehrm.actiondriver.ActionDriver - enter text : Admin in : By.name: username
16:23:12 [TestNG-test=edgeTest-3] INFO  com.orangehrm.actiondriver.ActionDriver - Color applied green to element By.name: password
16:23:12 [TestNG-test=edgeTest-3] INFO  com.orangehrm.actiondriver.ActionDriver - enter text : admin123 in : By.name: password
16:23:12 [TestNG-test=edgeTest-3] INFO  com.orangehrm.actiondriver.ActionDriver - Color applied green to element By.xpath: //button[@type='submit']
16:23:12 [TestNG-test=edgeTest-3] INFO  com.orangehrm.actiondriver.ActionDriver - click on : By.xpath: //button[@type='submit']
16:23:17 [TestNG-test=edgeTest-3] INFO  com.orangehrm.actiondriver.ActionDriver - Color applied green to element By.xpath: //ul[@class="oxd-main-menu"]/li[2]
16:23:20 [TestNG-test=edgeTest-3] INFO  com.orangehrm.actiondriver.ActionDriver - click on : By.xpath: //ul[@class="oxd-main-menu"]/li[2]
16:23:21 [TestNG-test=edgeTest-3] INFO  com.orangehrm.actiondriver.ActionDriver - Color applied green to element By.xpath: //label[text()='Employee Id']/parent::div/following-sibling::div/input
16:23:21 [TestNG-test=edgeTest-3] INFO  com.orangehrm.actiondriver.ActionDriver - enter text : 104261 in : By.xpath: //label[text()='Employee Id']/parent::div/following-sibling::div/input
16:23:21 [TestNG-test=edgeTest-3] INFO  com.orangehrm.actiondriver.ActionDriver - Color applied green to element By.xpath: //button[@type="submit"]
16:23:21 [TestNG-test=edgeTest-3] INFO  com.orangehrm.actiondriver.ActionDriver - click on : By.xpath: //button[@type="submit"]
16:23:23 [TestNG-test=edgeTest-3] INFO  com.orangehrm.actiondriver.ActionDriver - Color applied green to element By.xpath: //div[@role='table']/div[2]/div/div/div[2]/div
16:23:23 [TestNG-test=edgeTest-3] INFO  com.orangehrm.actiondriver.ActionDriver - scroll page to the element By.xpath: //div[@role='table']/div[2]/div/div/div[2]/div
16:23:24 [TestNG-test=edgeTest-3] INFO  com.orangehrm.actiondriver.ActionDriver - Color applied green to element By.xpath: //div[@role='table']/div[2]/div/div/div[2]/div
16:23:24 [TestNG-test=edgeTest-3] INFO  com.orangehrm.actiondriver.ActionDriver - '104261' is matched to '104261' at location :By.xpath: //div[@role='table']/div[2]/div/div/div[2]/div
16:23:24 [TestNG-test=edgeTest-3] INFO  com.orangehrm.factory.DriverFactory - WebDriver is initialized
16:23:24 [TestNG-test=edgeTest-3] INFO  com.orangehrm.actiondriver.ActionDriver - Color applied green to element By.xpath: //div[@role='table']/div[2]/div/div/div[9]//button[2]
16:23:24 [TestNG-test=edgeTest-3] INFO  com.orangehrm.actiondriver.ActionDriver - click on : By.xpath: //div[@role='table']/div[2]/div/div/div[9]//button[2]
16:23:26 [TestNG-test=edgeTest-3] INFO  com.orangehrm.actiondriver.ActionDriver - Color applied green to element By.xpath: //div[@class='orangehrm-modal-footer']/button[2]
16:23:26 [TestNG-test=edgeTest-3] INFO  com.orangehrm.actiondriver.ActionDriver - click on : By.xpath: //div[@class='orangehrm-modal-footer']/button[2]
]]></system-out>
    <system-err><![CDATA[May 20, 2026 4:23:05 PM org.openqa.selenium.devtools.CdpVersionFinder findNearestMatch
WARNING: Unable to find an exact match for CDP version 148, returning the closest version; found: 145; Please update to a Selenium version that supports CDP version 148
]]></system-err>
  </testcase>
  <testcase name="deleteEmployee" classname="com.orangehrm.tesetcases.TC004AdditionAndDelete" time="10.345">
    <system-out><![CDATA[16:24:14 [TestNG-test=firefoxTest-1] INFO  com.orangehrm.factory.DriverFactory - WebDriver is initialized
16:24:14 [TestNG-test=firefoxTest-1] INFO  com.orangehrm.factory.DriverFactory - WebDriver is initialized
16:24:15 [TestNG-test=firefoxTest-3] INFO  com.orangehrm.base.BaseTest - selected url is :https://opensource-demo.orangehrmlive.com/web/index.php/auth/login
16:24:15 [TestNG-test=firefoxTest-3] INFO  com.orangehrm.factory.DriverFactory - WebDriver is initialized
16:24:15 [TestNG-test=firefoxTest-3] INFO  com.orangehrm.factory.DriverFactory - WebDriver is initialized
16:24:16 [TestNG-test=firefoxTest-1] INFO  com.orangehrm.factory.DriverFactory - WebDriver terminated
16:24:16 [TestNG-test=firefoxTest-1] INFO  com.orangehrm.base.BaseTest - WebDriver instance terminated
16:24:16 [TestNG-test=firefoxTest-1] INFO  com.orangehrm.base.BaseTest - ActionDriver instance terminated
16:24:19 [TestNG-test=firefoxTest-3] INFO  com.orangehrm.factory.DriverFactory - WebDriver is initialized
16:24:19 [TestNG-test=firefoxTest-3] INFO  com.orangehrm.factory.DriverFactory - WebDriver is initialized
16:24:19 [TestNG-test=firefoxTest-3] INFO  com.orangehrm.actiondriver.ActionDriver - ActionDriver is initalized
16:24:19 [TestNG-test=firefoxTest-3] INFO  com.orangehrm.factory.DriverFactory - WebDriver is initialized
16:24:19 [TestNG-test=firefoxTest-3] INFO  com.orangehrm.factory.DriverFactory - WebDriver is initialized
16:24:21 [TestNG-test=firefoxTest-3] INFO  com.orangehrm.actiondriver.ActionDriver - Color applied green to element By.name: username
16:24:21 [TestNG-test=firefoxTest-3] INFO  com.orangehrm.actiondriver.ActionDriver - enter text : Admin in : By.name: username
16:24:21 [TestNG-test=firefoxTest-3] INFO  com.orangehrm.actiondriver.ActionDriver - Color applied green to element By.name: password
16:24:21 [TestNG-test=firefoxTest-3] INFO  com.orangehrm.actiondriver.ActionDriver - enter text : admin123 in : By.name: password
16:24:21 [TestNG-test=firefoxTest-3] INFO  com.orangehrm.actiondriver.ActionDriver - Color applied green to element By.xpath: //button[@type='submit']
16:24:22 [TestNG-test=firefoxTest-3] INFO  com.orangehrm.actiondriver.ActionDriver - click on : By.xpath: //button[@type='submit']
16:24:23 [TestNG-test=firefoxTest-3] INFO  com.orangehrm.actiondriver.ActionDriver - Color applied green to element By.xpath: //ul[@class="oxd-main-menu"]/li[2]
16:24:24 [TestNG-test=firefoxTest-3] INFO  com.orangehrm.actiondriver.ActionDriver - click on : By.xpath: //ul[@class="oxd-main-menu"]/li[2]
16:24:25 [TestNG-test=firefoxTest-3] INFO  com.orangehrm.actiondriver.ActionDriver - Color applied green to element By.xpath: //label[text()='Employee Id']/parent::div/following-sibling::div/input
16:24:25 [TestNG-test=firefoxTest-3] INFO  com.orangehrm.actiondriver.ActionDriver - enter text : 104261 in : By.xpath: //label[text()='Employee Id']/parent::div/following-sibling::div/input
16:24:25 [TestNG-test=firefoxTest-3] INFO  com.orangehrm.actiondriver.ActionDriver - Color applied green to element By.xpath: //button[@type="submit"]
16:24:25 [TestNG-test=firefoxTest-3] INFO  com.orangehrm.actiondriver.ActionDriver - click on : By.xpath: //button[@type="submit"]
16:24:27 [TestNG-test=firefoxTest-3] INFO  com.orangehrm.actiondriver.ActionDriver - Color applied green to element By.xpath: //div[@role='table']/div[2]/div/div/div[2]/div
16:24:27 [TestNG-test=firefoxTest-3] INFO  com.orangehrm.actiondriver.ActionDriver - scroll page to the element By.xpath: //div[@role='table']/div[2]/div/div/div[2]/div
16:24:27 [TestNG-test=firefoxTest-3] INFO  com.orangehrm.actiondriver.ActionDriver - Color applied green to element By.xpath: //div[@role='table']/div[2]/div/div/div[2]/div
16:24:27 [TestNG-test=firefoxTest-3] INFO  com.orangehrm.actiondriver.ActionDriver - '104261' is matched to '104261' at location :By.xpath: //div[@role='table']/div[2]/div/div/div[2]/div
16:24:27 [TestNG-test=firefoxTest-3] INFO  com.orangehrm.factory.DriverFactory - WebDriver is initialized
16:24:27 [TestNG-test=firefoxTest-3] INFO  com.orangehrm.actiondriver.ActionDriver - Color applied green to element By.xpath: //div[@role='table']/div[2]/div/div/div[9]//button[2]
16:24:27 [TestNG-test=firefoxTest-3] INFO  com.orangehrm.actiondriver.ActionDriver - click on : By.xpath: //div[@role='table']/div[2]/div/div/div[9]//button[2]
16:24:30 [TestNG-test=firefoxTest-3] INFO  com.orangehrm.actiondriver.ActionDriver - Color applied green to element By.xpath: //div[@class='orangehrm-modal-footer']/button[2]
16:24:30 [TestNG-test=firefoxTest-3] INFO  com.orangehrm.actiondriver.ActionDriver - click on : By.xpath: //div[@class='orangehrm-modal-footer']/button[2]
]]></system-out>
  </testcase>
</testsuite>