<?xml version="1.0" encoding="UTF-8"?>
<testng-results retried="4" ignored="0" total="25" passed="19" failed="2" skipped="0">
  <reporter-output>
  </reporter-output>
  <suite started-at="2026-05-21T11:36:27 IST" name="Suite" finished-at="2026-05-21T11:52:29 IST" duration-ms="962636">
    <groups>
    </groups>
    <test started-at="2026-05-21T11:36:27 IST" name="chromeTest" finished-at="2026-05-21T11:38:07 IST" duration-ms="100106">
      <class name="com.orangehrm.tesetcases.TC004AdditionAndDelete">
        <test-method is-config="true" signature="setup(java.lang.String)[pri:0, instance:com.orangehrm.tesetcases.TC004AdditionAndDelete@765f05af]" started-at="2026-05-21T11:37:12 IST" name="setup" finished-at="2026-05-21T11:37:17 IST" duration-ms="5167" status="PASS">
          <params>
            <param index="0">
              <value>
                <![CDATA[chrome]]>
              </value>
            </param>
          </params>
          <reporter-output>
          </reporter-output>
        </test-method> <!-- setup -->
        <test-method is-config="true" signature="pageSetup()[pri:0, instance:com.orangehrm.tesetcases.TC004AdditionAndDelete@765f05af]" started-at="2026-05-21T11:37:17 IST" name="pageSetup" finished-at="2026-05-21T11:37:17 IST" duration-ms="4" status="PASS">
          <reporter-output>
          </reporter-output>
        </test-method> <!-- pageSetup -->
        <test-method signature="addNewEmployee(java.lang.String,java.lang.String,java.lang.String,java.lang.String,java.lang.String,java.lang.String,java.lang.String,java.lang.String)[pri:1, instance:com.orangehrm.tesetcases.TC004AdditionAndDelete@765f05af]" started-at="2026-05-21T11:37:17 IST" name="addNewEmployee" data-provider="CreateEmpDetails" finished-at="2026-05-21T11:37:28 IST" duration-ms="10867" status="PASS">
          <params>
            <param index="0">
              <value>
                <![CDATA[Manish]]>
              </value>
            </param>
            <param index="1">
              <value>
                <![CDATA[hello]]>
              </value>
            </param>
            <param index="2">
              <value>
                <![CDATA[Kumar]]>
              </value>
            </param>
            <param index="3">
              <value>
                <![CDATA[104261]]>
              </value>
            </param>
            <param index="4">
              <value>
                <![CDATA[manishKumar]]>
              </value>
            </param>
            <param index="5">
              <value>
                <![CDATA[Man123456]]>
              </value>
            </param>
            <param index="6">
              <value>
                <![CDATA[Man123456]]>
              </value>
            </param>
            <param index="7">
              <value>
                <![CDATA[D:\manish work space\eclipse setup\orangehrm_automation\src\test\resources\testdata\samplePic.jpg]]>
              </value>
            </param>
          </params>
          <reporter-output>
          </reporter-output>
        </test-method> <!-- addNewEmployee -->
        <test-method is-config="true" signature="tearDown()[pri:0, instance:com.orangehrm.tesetcases.TC004AdditionAndDelete@765f05af]" started-at="2026-05-21T11:37:28 IST" name="tearDown" finished-at="2026-05-21T11:37:29 IST" duration-ms="980" status="PASS">
          <reporter-output>
          </reporter-output>
        </test-method> <!-- tearDown -->
        <test-method is-config="true" signature="setup(java.lang.String)[pri:0, instance:com.orangehrm.tesetcases.TC004AdditionAndDelete@765f05af]" started-at="2026-05-21T11:37:29 IST" name="setup" finished-at="2026-05-21T11:37:33 IST" duration-ms="3926" status="PASS">
          <params>
            <param index="0">
              <value>
                <![CDATA[chrome]]>
              </value>
            </param>
          </params>
          <reporter-output>
          </reporter-output>
        </test-method> <!-- setup -->
        <test-method is-config="true" signature="pageSetup()[pri:0, instance:com.orangehrm.tesetcases.TC004AdditionAndDelete@765f05af]" started-at="2026-05-21T11:37:33 IST" name="pageSetup" finished-at="2026-05-21T11:37:33 IST" duration-ms="1" status="PASS">
          <reporter-output>
          </reporter-output>
        </test-method> <!-- pageSetup -->
        <test-method signature="searchEmployee()[pri:2, instance:com.orangehrm.tesetcases.TC004AdditionAndDelete@765f05af]" started-at="2026-05-21T11:37:33 IST" name="searchEmployee" finished-at="2026-05-21T11:37:45 IST" duration-ms="11952" status="PASS">
          <reporter-output>
          </reporter-output>
        </test-method> <!-- searchEmployee -->
        <test-method is-config="true" signature="tearDown()[pri:0, instance:com.orangehrm.tesetcases.TC004AdditionAndDelete@765f05af]" started-at="2026-05-21T11:37:46 IST" name="tearDown" finished-at="2026-05-21T11:37:46 IST" duration-ms="384" status="PASS">
          <reporter-output>
          </reporter-output>
        </test-method> <!-- tearDown -->
        <test-method is-config="true" signature="setup(java.lang.String)[pri:0, instance:com.orangehrm.tesetcases.TC004AdditionAndDelete@765f05af]" started-at="2026-05-21T11:37:46 IST" name="setup" finished-at="2026-05-21T11:37:52 IST" duration-ms="5404" status="PASS">
          <params>
            <param index="0">
              <value>
                <![CDATA[chrome]]>
              </value>
            </param>
          </params>
          <reporter-output>
          </reporter-output>
        </test-method> <!-- setup -->
        <test-method is-config="true" signature="pageSetup()[pri:0, instance:com.orangehrm.tesetcases.TC004AdditionAndDelete@765f05af]" started-at="2026-05-21T11:37:52 IST" name="pageSetup" finished-at="2026-05-21T11:37:52 IST" duration-ms="2" status="PASS">
          <reporter-output>
          </reporter-output>
        </test-method> <!-- pageSetup -->
        <test-method signature="deleteEmployee()[pri:3, instance:com.orangehrm.tesetcases.TC004AdditionAndDelete@765f05af]" started-at="2026-05-21T11:37:52 IST" name="deleteEmployee" finished-at="2026-05-21T11:38:06 IST" duration-ms="14122" status="PASS">
          <reporter-output>
          </reporter-output>
        </test-method> <!-- deleteEmployee -->
        <test-method is-config="true" signature="tearDown()[pri:0, instance:com.orangehrm.tesetcases.TC004AdditionAndDelete@765f05af]" started-at="2026-05-21T11:38:06 IST" name="tearDown" finished-at="2026-05-21T11:38:07 IST" duration-ms="394" status="PASS">
          <reporter-output>
          </reporter-output>
        </test-method> <!-- tearDown -->
      </class> <!-- com.orangehrm.tesetcases.TC004AdditionAndDelete -->
      <class name="com.orangehrm.tesetcases.TC001InvalidLoginTest">
        <test-method is-config="true" signature="setup(java.lang.String)[pri:0, instance:com.orangehrm.tesetcases.TC001InvalidLoginTest@2a2c13a8]" started-at="2026-05-21T11:36:28 IST" name="setup" finished-at="2026-05-21T11:36:35 IST" duration-ms="7082" status="PASS">
          <params>
            <param index="0">
              <value>
                <![CDATA[chrome]]>
              </value>
            </param>
          </params>
          <reporter-output>
          </reporter-output>
        </test-method> <!-- setup -->
        <test-method is-config="true" signature="pageSetup()[pri:0, instance:com.orangehrm.tesetcases.TC001InvalidLoginTest@2a2c13a8]" started-at="2026-05-21T11:36:35 IST" name="pageSetup" finished-at="2026-05-21T11:36:35 IST" duration-ms="7" status="PASS">
          <reporter-output>
          </reporter-output>
        </test-method> <!-- pageSetup -->
        <test-method signature="invalidLoginTest(java.lang.String,java.lang.String)[pri:0, instance:com.orangehrm.tesetcases.TC001InvalidLoginTest@2a2c13a8]" started-at="2026-05-21T11:36:35 IST" name="invalidLoginTest" data-provider="invalidData" finished-at="2026-05-21T11:36:38 IST" duration-ms="2844" status="PASS">
          <params>
            <param index="0">
              <value>
                <![CDATA[nil]]>
              </value>
            </param>
            <param index="1">
              <value>
                <![CDATA[nil]]>
              </value>
            </param>
          </params>
          <reporter-output>
          </reporter-output>
        </test-method> <!-- invalidLoginTest -->
        <test-method is-config="true" signature="tearDown()[pri:0, instance:com.orangehrm.tesetcases.TC001InvalidLoginTest@2a2c13a8]" started-at="2026-05-21T11:36:38 IST" name="tearDown" finished-at="2026-05-21T11:36:39 IST" duration-ms="426" status="PASS">
          <reporter-output>
          </reporter-output>
        </test-method> <!-- tearDown -->
        <test-method is-config="true" signature="setup(java.lang.String)[pri:0, instance:com.orangehrm.tesetcases.TC001InvalidLoginTest@2a2c13a8]" started-at="2026-05-21T11:36:39 IST" name="setup" finished-at="2026-05-21T11:36:43 IST" duration-ms="4652" status="PASS">
          <params>
            <param index="0">
              <value>
                <![CDATA[chrome]]>
              </value>
            </param>
          </params>
          <reporter-output>
          </reporter-output>
        </test-method> <!-- setup -->
        <test-method is-config="true" signature="pageSetup()[pri:0, instance:com.orangehrm.tesetcases.TC001InvalidLoginTest@2a2c13a8]" started-at="2026-05-21T11:36:43 IST" name="pageSetup" finished-at="2026-05-21T11:36:43 IST" duration-ms="2" status="PASS">
          <reporter-output>
          </reporter-output>
        </test-method> <!-- pageSetup -->
        <test-method signature="invalidLoginTest(java.lang.String,java.lang.String)[pri:0, instance:com.orangehrm.tesetcases.TC001InvalidLoginTest@2a2c13a8]" started-at="2026-05-21T11:36:43 IST" name="invalidLoginTest" data-provider="invalidData" finished-at="2026-05-21T11:36:46 IST" duration-ms="2364" status="PASS">
          <params>
            <param index="0">
              <value>
                <![CDATA[hello]]>
              </value>
            </param>
            <param index="1">
              <value>
                <![CDATA[heloo]]>
              </value>
            </param>
          </params>
          <reporter-output>
          </reporter-output>
        </test-method> <!-- invalidLoginTest -->
        <test-method is-config="true" signature="tearDown()[pri:0, instance:com.orangehrm.tesetcases.TC001InvalidLoginTest@2a2c13a8]" started-at="2026-05-21T11:36:46 IST" name="tearDown" finished-at="2026-05-21T11:36:47 IST" duration-ms="907" status="PASS">
          <reporter-output>
          </reporter-output>
        </test-method> <!-- tearDown -->
        <test-method is-config="true" signature="setup(java.lang.String)[pri:0, instance:com.orangehrm.tesetcases.TC001InvalidLoginTest@2a2c13a8]" started-at="2026-05-21T11:36:47 IST" name="setup" finished-at="2026-05-21T11:36:54 IST" duration-ms="7095" status="PASS">
          <params>
            <param index="0">
              <value>
                <![CDATA[chrome]]>
              </value>
            </param>
          </params>
          <reporter-output>
          </reporter-output>
        </test-method> <!-- setup -->
        <test-method is-config="true" signature="pageSetup()[pri:0, instance:com.orangehrm.tesetcases.TC001InvalidLoginTest@2a2c13a8]" started-at="2026-05-21T11:36:54 IST" name="pageSetup" finished-at="2026-05-21T11:36:54 IST" duration-ms="4" status="PASS">
          <reporter-output>
          </reporter-output>
        </test-method> <!-- pageSetup -->
        <test-method signature="invalidLoginTest(java.lang.String,java.lang.String)[pri:0, instance:com.orangehrm.tesetcases.TC001InvalidLoginTest@2a2c13a8]" started-at="2026-05-21T11:36:54 IST" name="invalidLoginTest" data-provider="invalidData" finished-at="2026-05-21T11:36:58 IST" duration-ms="3139" status="PASS">
          <params>
            <param index="0">
              <value>
                <![CDATA[abcd]]>
              </value>
            </param>
            <param index="1">
              <value>
                <![CDATA[efgh]]>
              </value>
            </param>
          </params>
          <reporter-output>
          </reporter-output>
        </test-method> <!-- invalidLoginTest -->
        <test-method is-config="true" signature="tearDown()[pri:0, instance:com.orangehrm.tesetcases.TC001InvalidLoginTest@2a2c13a8]" started-at="2026-05-21T11:36:58 IST" name="tearDown" finished-at="2026-05-21T11:36:59 IST" duration-ms="491" status="PASS">
          <reporter-output>
          </reporter-output>
        </test-method> <!-- tearDown -->
      </class> <!-- com.orangehrm.tesetcases.TC001InvalidLoginTest -->
      <class name="com.orangehrm.tesetcases.TC003validLoginRemoteTest">
        <test-method is-config="true" signature="setup(java.lang.String)[pri:0, instance:com.orangehrm.tesetcases.TC003validLoginRemoteTest@b6b1987]" started-at="2026-05-21T11:36:59 IST" name="setup" finished-at="2026-05-21T11:37:06 IST" duration-ms="7054" status="PASS">
          <params>
            <param index="0">
              <value>
                <![CDATA[chrome]]>
              </value>
            </param>
          </params>
          <reporter-output>
          </reporter-output>
        </test-method> <!-- setup -->
        <test-method is-config="true" signature="pageSetup()[pri:0, instance:com.orangehrm.tesetcases.TC003validLoginRemoteTest@b6b1987]" started-at="2026-05-21T11:37:06 IST" name="pageSetup" finished-at="2026-05-21T11:37:06 IST" duration-ms="4" status="PASS">
          <reporter-output>
          </reporter-output>
        </test-method> <!-- pageSetup -->
        <test-method signature="validLoginTest(java.lang.String,java.lang.String)[pri:0, instance:com.orangehrm.tesetcases.TC003validLoginRemoteTest@b6b1987]" started-at="2026-05-21T11:37:06 IST" name="validLoginTest" data-provider="ValidLoginRemote" finished-at="2026-05-21T11:37:10 IST" duration-ms="4601" status="PASS">
          <params>
            <param index="0">
              <value>
                <![CDATA[Admin]]>
              </value>
            </param>
            <param index="1">
              <value>
                <![CDATA[admin123]]>
              </value>
            </param>
          </params>
          <reporter-output>
          </reporter-output>
        </test-method> <!-- validLoginTest -->
        <test-method is-config="true" signature="tearDown()[pri:0, instance:com.orangehrm.tesetcases.TC003validLoginRemoteTest@b6b1987]" started-at="2026-05-21T11:37:11 IST" name="tearDown" finished-at="2026-05-21T11:37:11 IST" duration-ms="396" status="PASS">
          <reporter-output>
          </reporter-output>
        </test-method> <!-- tearDown -->
      </class> <!-- com.orangehrm.tesetcases.TC003validLoginRemoteTest -->
    </test> <!-- chromeTest -->
    <test started-at="2026-05-21T11:36:27 IST" name="edgeTest" finished-at="2026-05-21T11:39:11 IST" duration-ms="164324">
      <class name="com.orangehrm.tesetcases.TC004AdditionAndDelete">
        <test-method is-config="true" signature="setup(java.lang.String)[pri:0, instance:com.orangehrm.tesetcases.TC004AdditionAndDelete@1af146]" started-at="2026-05-21T11:37:17 IST" name="setup" finished-at="2026-05-21T11:37:21 IST" duration-ms="4646" status="PASS">
          <params>
            <param index="0">
              <value>
                <![CDATA[edge]]>
              </value>
            </param>
          </params>
          <reporter-output>
          </reporter-output>
        </test-method> <!-- setup -->
        <test-method is-config="true" signature="pageSetup()[pri:0, instance:com.orangehrm.tesetcases.TC004AdditionAndDelete@1af146]" started-at="2026-05-21T11:37:21 IST" name="pageSetup" finished-at="2026-05-21T11:37:21 IST" duration-ms="1" status="PASS">
          <reporter-output>
          </reporter-output>
        </test-method> <!-- pageSetup -->
        <test-method signature="addNewEmployee(java.lang.String,java.lang.String,java.lang.String,java.lang.String,java.lang.String,java.lang.String,java.lang.String,java.lang.String)[pri:1, instance:com.orangehrm.tesetcases.TC004AdditionAndDelete@1af146]" started-at="2026-05-21T11:37:21 IST" name="addNewEmployee" data-provider="CreateEmpDetails" finished-at="2026-05-21T11:37:32 IST" duration-ms="11143" status="PASS">
          <params>
            <param index="0">
              <value>
                <![CDATA[Manish]]>
              </value>
            </param>
            <param index="1">
              <value>
                <![CDATA[hello]]>
              </value>
            </param>
            <param index="2">
              <value>
                <![CDATA[Kumar]]>
              </value>
            </param>
            <param index="3">
              <value>
                <![CDATA[104261]]>
              </value>
            </param>
            <param index="4">
              <value>
                <![CDATA[manishKumar]]>
              </value>
            </param>
            <param index="5">
              <value>
                <![CDATA[Man123456]]>
              </value>
            </param>
            <param index="6">
              <value>
                <![CDATA[Man123456]]>
              </value>
            </param>
            <param index="7">
              <value>
                <![CDATA[D:\manish work space\eclipse setup\orangehrm_automation\src\test\resources\testdata\samplePic.jpg]]>
              </value>
            </param>
          </params>
          <reporter-output>
          </reporter-output>
        </test-method> <!-- addNewEmployee -->
        <test-method is-config="true" signature="tearDown()[pri:0, instance:com.orangehrm.tesetcases.TC004AdditionAndDelete@1af146]" started-at="2026-05-21T11:37:33 IST" name="tearDown" finished-at="2026-05-21T11:37:34 IST" duration-ms="772" status="PASS">
          <reporter-output>
          </reporter-output>
        </test-method> <!-- tearDown -->
        <test-method is-config="true" signature="setup(java.lang.String)[pri:0, instance:com.orangehrm.tesetcases.TC004AdditionAndDelete@1af146]" started-at="2026-05-21T11:37:34 IST" name="setup" finished-at="2026-05-21T11:37:39 IST" duration-ms="5451" status="PASS">
          <params>
            <param index="0">
              <value>
                <![CDATA[edge]]>
              </value>
            </param>
          </params>
          <reporter-output>
          </reporter-output>
        </test-method> <!-- setup -->
        <test-method is-config="true" signature="pageSetup()[pri:0, instance:com.orangehrm.tesetcases.TC004AdditionAndDelete@1af146]" started-at="2026-05-21T11:37:39 IST" name="pageSetup" finished-at="2026-05-21T11:37:39 IST" duration-ms="2" status="PASS">
          <reporter-output>
          </reporter-output>
        </test-method> <!-- pageSetup -->
        <test-method signature="searchEmployee()[pri:2, instance:com.orangehrm.tesetcases.TC004AdditionAndDelete@1af146]" started-at="2026-05-21T11:37:39 IST" name="searchEmployee" finished-at="2026-05-21T11:37:53 IST" duration-ms="13880" status="PASS">
          <reporter-output>
          </reporter-output>
        </test-method> <!-- searchEmployee -->
        <test-method is-config="true" signature="tearDown()[pri:0, instance:com.orangehrm.tesetcases.TC004AdditionAndDelete@1af146]" started-at="2026-05-21T11:37:54 IST" name="tearDown" finished-at="2026-05-21T11:37:55 IST" duration-ms="605" status="PASS">
          <reporter-output>
          </reporter-output>
        </test-method> <!-- tearDown -->
        <test-method is-config="true" signature="setup(java.lang.String)[pri:0, instance:com.orangehrm.tesetcases.TC004AdditionAndDelete@1af146]" started-at="2026-05-21T11:37:55 IST" name="setup" finished-at="2026-05-21T11:38:01 IST" duration-ms="6268" status="PASS">
          <params>
            <param index="0">
              <value>
                <![CDATA[edge]]>
              </value>
            </param>
          </params>
          <reporter-output>
          </reporter-output>
        </test-method> <!-- setup -->
        <test-method is-config="true" signature="pageSetup()[pri:0, instance:com.orangehrm.tesetcases.TC004AdditionAndDelete@1af146]" started-at="2026-05-21T11:38:01 IST" name="pageSetup" finished-at="2026-05-21T11:38:01 IST" duration-ms="1" status="PASS">
          <reporter-output>
          </reporter-output>
        </test-method> <!-- pageSetup -->
        <test-method signature="deleteEmployee()[pri:3, instance:com.orangehrm.tesetcases.TC004AdditionAndDelete@1af146]" started-at="2026-05-21T11:38:01 IST" name="deleteEmployee" finished-at="2026-05-21T11:39:09 IST" duration-ms="68684" status="PASS">
          <reporter-output>
          </reporter-output>
        </test-method> <!-- deleteEmployee -->
        <test-method is-config="true" signature="tearDown()[pri:0, instance:com.orangehrm.tesetcases.TC004AdditionAndDelete@1af146]" started-at="2026-05-21T11:39:10 IST" name="tearDown" finished-at="2026-05-21T11:39:11 IST" duration-ms="689" status="PASS">
          <reporter-output>
          </reporter-output>
        </test-method> <!-- tearDown -->
      </class> <!-- com.orangehrm.tesetcases.TC004AdditionAndDelete -->
      <class name="com.orangehrm.tesetcases.TC001InvalidLoginTest">
        <test-method is-config="true" signature="setup(java.lang.String)[pri:0, instance:com.orangehrm.tesetcases.TC001InvalidLoginTest@4da602fc]" started-at="2026-05-21T11:36:28 IST" name="setup" finished-at="2026-05-21T11:36:43 IST" duration-ms="14989" status="PASS">
          <params>
            <param index="0">
              <value>
                <![CDATA[edge]]>
              </value>
            </param>
          </params>
          <reporter-output>
          </reporter-output>
        </test-method> <!-- setup -->
        <test-method is-config="true" signature="pageSetup()[pri:0, instance:com.orangehrm.tesetcases.TC001InvalidLoginTest@4da602fc]" started-at="2026-05-21T11:36:43 IST" name="pageSetup" finished-at="2026-05-21T11:36:43 IST" duration-ms="1" status="PASS">
          <reporter-output>
          </reporter-output>
        </test-method> <!-- pageSetup -->
        <test-method signature="invalidLoginTest(java.lang.String,java.lang.String)[pri:0, instance:com.orangehrm.tesetcases.TC001InvalidLoginTest@4da602fc]" started-at="2026-05-21T11:36:43 IST" name="invalidLoginTest" data-provider="invalidData" finished-at="2026-05-21T11:36:45 IST" duration-ms="2504" status="PASS">
          <params>
            <param index="0">
              <value>
                <![CDATA[nil]]>
              </value>
            </param>
            <param index="1">
              <value>
                <![CDATA[nil]]>
              </value>
            </param>
          </params>
          <reporter-output>
          </reporter-output>
        </test-method> <!-- invalidLoginTest -->
        <test-method is-config="true" signature="tearDown()[pri:0, instance:com.orangehrm.tesetcases.TC001InvalidLoginTest@4da602fc]" started-at="2026-05-21T11:36:46 IST" name="tearDown" finished-at="2026-05-21T11:36:46 IST" duration-ms="386" status="PASS">
          <reporter-output>
          </reporter-output>
        </test-method> <!-- tearDown -->
        <test-method is-config="true" signature="setup(java.lang.String)[pri:0, instance:com.orangehrm.tesetcases.TC001InvalidLoginTest@4da602fc]" started-at="2026-05-21T11:36:46 IST" name="setup" finished-at="2026-05-21T11:36:51 IST" duration-ms="4856" status="PASS">
          <params>
            <param index="0">
              <value>
                <![CDATA[edge]]>
              </value>
            </param>
          </params>
          <reporter-output>
          </reporter-output>
        </test-method> <!-- setup -->
        <test-method is-config="true" signature="pageSetup()[pri:0, instance:com.orangehrm.tesetcases.TC001InvalidLoginTest@4da602fc]" started-at="2026-05-21T11:36:51 IST" name="pageSetup" finished-at="2026-05-21T11:36:51 IST" duration-ms="2" status="PASS">
          <reporter-output>
          </reporter-output>
        </test-method> <!-- pageSetup -->
        <test-method signature="invalidLoginTest(java.lang.String,java.lang.String)[pri:0, instance:com.orangehrm.tesetcases.TC001InvalidLoginTest@4da602fc]" started-at="2026-05-21T11:36:51 IST" name="invalidLoginTest" data-provider="invalidData" finished-at="2026-05-21T11:36:53 IST" duration-ms="2178" status="PASS">
          <params>
            <param index="0">
              <value>
                <![CDATA[hello]]>
              </value>
            </param>
            <param index="1">
              <value>
                <![CDATA[heloo]]>
              </value>
            </param>
          </params>
          <reporter-output>
          </reporter-output>
        </test-method> <!-- invalidLoginTest -->
        <test-method is-config="true" signature="tearDown()[pri:0, instance:com.orangehrm.tesetcases.TC001InvalidLoginTest@4da602fc]" started-at="2026-05-21T11:36:54 IST" name="tearDown" finished-at="2026-05-21T11:36:54 IST" duration-ms="381" status="PASS">
          <reporter-output>
          </reporter-output>
        </test-method> <!-- tearDown -->
        <test-method is-config="true" signature="setup(java.lang.String)[pri:0, instance:com.orangehrm.tesetcases.TC001InvalidLoginTest@4da602fc]" started-at="2026-05-21T11:36:54 IST" name="setup" finished-at="2026-05-21T11:36:59 IST" duration-ms="4499" status="PASS">
          <params>
            <param index="0">
              <value>
                <![CDATA[edge]]>
              </value>
            </param>
          </params>
          <reporter-output>
          </reporter-output>
        </test-method> <!-- setup -->
        <test-method is-config="true" signature="pageSetup()[pri:0, instance:com.orangehrm.tesetcases.TC001InvalidLoginTest@4da602fc]" started-at="2026-05-21T11:36:59 IST" name="pageSetup" finished-at="2026-05-21T11:36:59 IST" duration-ms="1" status="PASS">
          <reporter-output>
          </reporter-output>
        </test-method> <!-- pageSetup -->
        <test-method signature="invalidLoginTest(java.lang.String,java.lang.String)[pri:0, instance:com.orangehrm.tesetcases.TC001InvalidLoginTest@4da602fc]" started-at="2026-05-21T11:36:59 IST" name="invalidLoginTest" data-provider="invalidData" finished-at="2026-05-21T11:37:03 IST" duration-ms="3965" status="PASS">
          <params>
            <param index="0">
              <value>
                <![CDATA[abcd]]>
              </value>
            </param>
            <param index="1">
              <value>
                <![CDATA[efgh]]>
              </value>
            </param>
          </params>
          <reporter-output>
          </reporter-output>
        </test-method> <!-- invalidLoginTest -->
        <test-method is-config="true" signature="tearDown()[pri:0, instance:com.orangehrm.tesetcases.TC001InvalidLoginTest@4da602fc]" started-at="2026-05-21T11:37:03 IST" name="tearDown" finished-at="2026-05-21T11:37:04 IST" duration-ms="394" status="PASS">
          <reporter-output>
          </reporter-output>
        </test-method> <!-- tearDown -->
      </class> <!-- com.orangehrm.tesetcases.TC001InvalidLoginTest -->
      <class name="com.orangehrm.tesetcases.TC003validLoginRemoteTest">
        <test-method is-config="true" signature="setup(java.lang.String)[pri:0, instance:com.orangehrm.tesetcases.TC003validLoginRemoteTest@2a8d39c4]" started-at="2026-05-21T11:37:04 IST" name="setup" finished-at="2026-05-21T11:37:09 IST" duration-ms="5618" status="PASS">
          <params>
            <param index="0">
              <value>
                <![CDATA[edge]]>
              </value>
            </param>
          </params>
          <reporter-output>
          </reporter-output>
        </test-method> <!-- setup -->
        <test-method is-config="true" signature="pageSetup()[pri:0, instance:com.orangehrm.tesetcases.TC003validLoginRemoteTest@2a8d39c4]" started-at="2026-05-21T11:37:09 IST" name="pageSetup" finished-at="2026-05-21T11:37:09 IST" duration-ms="1" status="PASS">
          <reporter-output>
          </reporter-output>
        </test-method> <!-- pageSetup -->
        <test-method signature="validLoginTest(java.lang.String,java.lang.String)[pri:0, instance:com.orangehrm.tesetcases.TC003validLoginRemoteTest@2a8d39c4]" started-at="2026-05-21T11:37:09 IST" name="validLoginTest" data-provider="ValidLoginRemote" finished-at="2026-05-21T11:37:15 IST" duration-ms="5998" status="PASS">
          <params>
            <param index="0">
              <value>
                <![CDATA[Admin]]>
              </value>
            </param>
            <param index="1">
              <value>
                <![CDATA[admin123]]>
              </value>
            </param>
          </params>
          <reporter-output>
          </reporter-output>
        </test-method> <!-- validLoginTest -->
        <test-method is-config="true" signature="tearDown()[pri:0, instance:com.orangehrm.tesetcases.TC003validLoginRemoteTest@2a8d39c4]" started-at="2026-05-21T11:37:16 IST" name="tearDown" finished-at="2026-05-21T11:37:16 IST" duration-ms="358" status="PASS">
          <reporter-output>
          </reporter-output>
        </test-method> <!-- tearDown -->
      </class> <!-- com.orangehrm.tesetcases.TC003validLoginRemoteTest -->
    </test> <!-- edgeTest -->
    <test started-at="2026-05-21T11:36:27 IST" name="firefoxTest" finished-at="2026-05-21T11:52:29 IST" duration-ms="962631">
      <class name="com.orangehrm.tesetcases.TC004AdditionAndDelete">
        <test-method is-config="true" signature="readConfig()[pri:0, instance:com.orangehrm.tesetcases.TC004AdditionAndDelete@72758afa]" started-at="2026-05-21T11:36:27 IST" name="readConfig" finished-at="2026-05-21T11:36:27 IST" duration-ms="16" status="PASS">
          <reporter-output>
          </reporter-output>
        </test-method> <!-- readConfig -->
        <test-method is-config="true" signature="setup(java.lang.String)[pri:0, instance:com.orangehrm.tesetcases.TC004AdditionAndDelete@72758afa]" started-at="2026-05-21T11:37:50 IST" name="setup" finished-at="2026-05-21T11:37:57 IST" duration-ms="7608" status="PASS">
          <params>
            <param index="0">
              <value>
                <![CDATA[firefox]]>
              </value>
            </param>
          </params>
          <reporter-output>
          </reporter-output>
        </test-method> <!-- setup -->
        <test-method is-config="true" signature="pageSetup()[pri:0, instance:com.orangehrm.tesetcases.TC004AdditionAndDelete@72758afa]" started-at="2026-05-21T11:37:57 IST" name="pageSetup" finished-at="2026-05-21T11:37:57 IST" duration-ms="6" status="PASS">
          <reporter-output>
          </reporter-output>
        </test-method> <!-- pageSetup -->
        <test-method signature="addNewEmployee(java.lang.String,java.lang.String,java.lang.String,java.lang.String,java.lang.String,java.lang.String,java.lang.String,java.lang.String)[pri:1, instance:com.orangehrm.tesetcases.TC004AdditionAndDelete@72758afa]" started-at="2026-05-21T11:37:57 IST" name="addNewEmployee" data-provider="CreateEmpDetails" finished-at="2026-05-21T11:41:53 IST" duration-ms="235751" status="PASS">
          <params>
            <param index="0">
              <value>
                <![CDATA[Manish]]>
              </value>
            </param>
            <param index="1">
              <value>
                <![CDATA[hello]]>
              </value>
            </param>
            <param index="2">
              <value>
                <![CDATA[Kumar]]>
              </value>
            </param>
            <param index="3">
              <value>
                <![CDATA[104261]]>
              </value>
            </param>
            <param index="4">
              <value>
                <![CDATA[manishKumar]]>
              </value>
            </param>
            <param index="5">
              <value>
                <![CDATA[Man123456]]>
              </value>
            </param>
            <param index="6">
              <value>
                <![CDATA[Man123456]]>
              </value>
            </param>
            <param index="7">
              <value>
                <![CDATA[D:\manish work space\eclipse setup\orangehrm_automation\src\test\resources\testdata\samplePic.jpg]]>
              </value>
            </param>
          </params>
          <reporter-output>
          </reporter-output>
        </test-method> <!-- addNewEmployee -->
        <test-method is-config="true" signature="tearDown()[pri:0, instance:com.orangehrm.tesetcases.TC004AdditionAndDelete@72758afa]" started-at="2026-05-21T11:41:54 IST" name="tearDown" finished-at="2026-05-21T11:41:55 IST" duration-ms="812" status="PASS">
          <reporter-output>
          </reporter-output>
        </test-method> <!-- tearDown -->
        <test-method is-config="true" signature="setup(java.lang.String)[pri:0, instance:com.orangehrm.tesetcases.TC004AdditionAndDelete@72758afa]" started-at="2026-05-21T11:41:55 IST" name="setup" finished-at="2026-05-21T11:42:03 IST" duration-ms="8639" status="PASS">
          <params>
            <param index="0">
              <value>
                <![CDATA[firefox]]>
              </value>
            </param>
          </params>
          <reporter-output>
          </reporter-output>
        </test-method> <!-- setup -->
        <test-method is-config="true" signature="pageSetup()[pri:0, instance:com.orangehrm.tesetcases.TC004AdditionAndDelete@72758afa]" started-at="2026-05-21T11:42:03 IST" name="pageSetup" finished-at="2026-05-21T11:42:03 IST" duration-ms="0" status="PASS">
          <reporter-output>
          </reporter-output>
        </test-method> <!-- pageSetup -->
        <test-method retried="true" signature="searchEmployee()[pri:2, instance:com.orangehrm.tesetcases.TC004AdditionAndDelete@72758afa]" started-at="2026-05-21T11:42:03 IST" name="searchEmployee" finished-at="2026-05-21T11:43:24 IST" duration-ms="80355" status="SKIP">
          <exception class="java.lang.AssertionError">
            <message>
              <![CDATA[employee id not matched expected [true] but found [false]]]>
            </message>
            <full-stacktrace>
              <![CDATA[java.lang.AssertionError: employee id not matched expected [true] but found [false]
at org.testng.Assert.fail(Assert.java:111)
at org.testng.Assert.failNotEquals(Assert.java:1590)
at org.testng.Assert.assertTrue(Assert.java:57)
at com.orangehrm.tesetcases.TC004AdditionAndDelete.searchEmployee(TC004AdditionAndDelete.java:45)
at java.base/jdk.internal.reflect.DirectMethodHandleAccessor.invoke(DirectMethodHandleAccessor.java:103)
at java.base/java.lang.reflect.Method.invoke(Method.java:580)
at org.testng.internal.invokers.MethodInvocationHelper.invokeMethod(MethodInvocationHelper.java:141)
at org.testng.internal.invokers.TestInvoker.invokeMethod(TestInvoker.java:687)
at org.testng.internal.invokers.TestInvoker.invokeTestMethod(TestInvoker.java:230)
at org.testng.internal.invokers.MethodRunner.runInSequence(MethodRunner.java:63)
at org.testng.internal.invokers.TestInvoker$MethodInvocationAgent.invoke(TestInvoker.java:995)
at org.testng.internal.invokers.TestInvoker.invokeTestMethods(TestInvoker.java:203)
at org.testng.internal.invokers.TestMethodWorker.invokeTestMethods(TestMethodWorker.java:154)
at org.testng.internal.invokers.TestMethodWorker.run(TestMethodWorker.java:134)
at java.base/java.util.ArrayList.forEach(ArrayList.java:1596)
at org.testng.TestRunner.privateRun(TestRunner.java:741)
at org.testng.TestRunner.run(TestRunner.java:616)
at org.testng.SuiteRunner.runTest(SuiteRunner.java:421)
at org.testng.SuiteRunner$SuiteWorker.run(SuiteRunner.java:463)
at org.testng.internal.thread.ThreadUtil.lambda$execute$0(ThreadUtil.java:64)
at java.base/java.util.concurrent.FutureTask.run(FutureTask.java:317)
at java.base/java.util.concurrent.ThreadPoolExecutor.runWorker(ThreadPoolExecutor.java:1144)
at java.base/java.util.concurrent.ThreadPoolExecutor$Worker.run(ThreadPoolExecutor.java:642)
at java.base/java.lang.Thread.run(Thread.java:1583)
]]>
            </full-stacktrace>
          </exception> <!-- java.lang.AssertionError -->
          <reporter-output>
          </reporter-output>
        </test-method> <!-- searchEmployee -->
        <test-method is-config="true" signature="tearDown()[pri:0, instance:com.orangehrm.tesetcases.TC004AdditionAndDelete@72758afa]" started-at="2026-05-21T11:43:24 IST" name="tearDown" finished-at="2026-05-21T11:43:25 IST" duration-ms="1129" status="PASS">
          <reporter-output>
          </reporter-output>
        </test-method> <!-- tearDown -->
        <test-method is-config="true" signature="setup(java.lang.String)[pri:0, instance:com.orangehrm.tesetcases.TC004AdditionAndDelete@72758afa]" started-at="2026-05-21T11:43:25 IST" name="setup" finished-at="2026-05-21T11:43:33 IST" duration-ms="7821" status="PASS">
          <params>
            <param index="0">
              <value>
                <![CDATA[firefox]]>
              </value>
            </param>
          </params>
          <reporter-output>
          </reporter-output>
        </test-method> <!-- setup -->
        <test-method is-config="true" signature="pageSetup()[pri:0, instance:com.orangehrm.tesetcases.TC004AdditionAndDelete@72758afa]" started-at="2026-05-21T11:43:33 IST" name="pageSetup" finished-at="2026-05-21T11:43:33 IST" duration-ms="2" status="PASS">
          <reporter-output>
          </reporter-output>
        </test-method> <!-- pageSetup -->
        <test-method retried="true" signature="searchEmployee()[pri:2, instance:com.orangehrm.tesetcases.TC004AdditionAndDelete@72758afa]" started-at="2026-05-21T11:43:33 IST" name="searchEmployee" finished-at="2026-05-21T11:44:48 IST" duration-ms="75864" status="SKIP">
          <exception class="java.lang.AssertionError">
            <message>
              <![CDATA[employee id not matched expected [true] but found [false]]]>
            </message>
            <full-stacktrace>
              <![CDATA[java.lang.AssertionError: employee id not matched expected [true] but found [false]
at org.testng.Assert.fail(Assert.java:111)
at org.testng.Assert.failNotEquals(Assert.java:1590)
at org.testng.Assert.assertTrue(Assert.java:57)
at com.orangehrm.tesetcases.TC004AdditionAndDelete.searchEmployee(TC004AdditionAndDelete.java:45)
at java.base/jdk.internal.reflect.DirectMethodHandleAccessor.invoke(DirectMethodHandleAccessor.java:103)
at java.base/java.lang.reflect.Method.invoke(Method.java:580)
at org.testng.internal.invokers.MethodInvocationHelper.invokeMethod(MethodInvocationHelper.java:141)
at org.testng.internal.invokers.TestInvoker.invokeMethod(TestInvoker.java:687)
at org.testng.internal.invokers.TestInvoker.retryFailed(TestInvoker.java:269)
at org.testng.internal.invokers.MethodRunner.runInSequence(MethodRunner.java:76)
at org.testng.internal.invokers.TestInvoker$MethodInvocationAgent.invoke(TestInvoker.java:995)
at org.testng.internal.invokers.TestInvoker.invokeTestMethods(TestInvoker.java:203)
at org.testng.internal.invokers.TestMethodWorker.invokeTestMethods(TestMethodWorker.java:154)
at org.testng.internal.invokers.TestMethodWorker.run(TestMethodWorker.java:134)
at java.base/java.util.ArrayList.forEach(ArrayList.java:1596)
at org.testng.TestRunner.privateRun(TestRunner.java:741)
at org.testng.TestRunner.run(TestRunner.java:616)
at org.testng.SuiteRunner.runTest(SuiteRunner.java:421)
at org.testng.SuiteRunner$SuiteWorker.run(SuiteRunner.java:463)
at org.testng.internal.thread.ThreadUtil.lambda$execute$0(ThreadUtil.java:64)
at java.base/java.util.concurrent.FutureTask.run(FutureTask.java:317)
at java.base/java.util.concurrent.ThreadPoolExecutor.runWorker(ThreadPoolExecutor.java:1144)
at java.base/java.util.concurrent.ThreadPoolExecutor$Worker.run(ThreadPoolExecutor.java:642)
at java.base/java.lang.Thread.run(Thread.java:1583)
]]>
            </full-stacktrace>
          </exception> <!-- java.lang.AssertionError -->
          <reporter-output>
          </reporter-output>
        </test-method> <!-- searchEmployee -->
        <test-method is-config="true" signature="tearDown()[pri:0, instance:com.orangehrm.tesetcases.TC004AdditionAndDelete@72758afa]" started-at="2026-05-21T11:44:48 IST" name="tearDown" finished-at="2026-05-21T11:44:50 IST" duration-ms="1355" status="PASS">
          <reporter-output>
          </reporter-output>
        </test-method> <!-- tearDown -->
        <test-method is-config="true" signature="setup(java.lang.String)[pri:0, instance:com.orangehrm.tesetcases.TC004AdditionAndDelete@72758afa]" started-at="2026-05-21T11:44:50 IST" name="setup" finished-at="2026-05-21T11:44:58 IST" duration-ms="8101" status="PASS">
          <params>
            <param index="0">
              <value>
                <![CDATA[firefox]]>
              </value>
            </param>
          </params>
          <reporter-output>
          </reporter-output>
        </test-method> <!-- setup -->
        <test-method is-config="true" signature="pageSetup()[pri:0, instance:com.orangehrm.tesetcases.TC004AdditionAndDelete@72758afa]" started-at="2026-05-21T11:44:58 IST" name="pageSetup" finished-at="2026-05-21T11:44:58 IST" duration-ms="1" status="PASS">
          <reporter-output>
          </reporter-output>
        </test-method> <!-- pageSetup -->
        <test-method signature="searchEmployee()[pri:2, instance:com.orangehrm.tesetcases.TC004AdditionAndDelete@72758afa]" started-at="2026-05-21T11:44:58 IST" name="searchEmployee" finished-at="2026-05-21T11:47:15 IST" duration-ms="136710" status="FAIL">
          <exception class="java.lang.AssertionError">
            <message>
              <![CDATA[employee id not matched expected [true] but found [false]]]>
            </message>
            <full-stacktrace>
              <![CDATA[java.lang.AssertionError: employee id not matched expected [true] but found [false]
at org.testng.Assert.fail(Assert.java:111)
at org.testng.Assert.failNotEquals(Assert.java:1590)
at org.testng.Assert.assertTrue(Assert.java:57)
at com.orangehrm.tesetcases.TC004AdditionAndDelete.searchEmployee(TC004AdditionAndDelete.java:45)
at java.base/jdk.internal.reflect.DirectMethodHandleAccessor.invoke(DirectMethodHandleAccessor.java:103)
at java.base/java.lang.reflect.Method.invoke(Method.java:580)
at org.testng.internal.invokers.MethodInvocationHelper.invokeMethod(MethodInvocationHelper.java:141)
at org.testng.internal.invokers.TestInvoker.invokeMethod(TestInvoker.java:687)
at org.testng.internal.invokers.TestInvoker.retryFailed(TestInvoker.java:269)
at org.testng.internal.invokers.MethodRunner.runInSequence(MethodRunner.java:76)
at org.testng.internal.invokers.TestInvoker$MethodInvocationAgent.invoke(TestInvoker.java:995)
at org.testng.internal.invokers.TestInvoker.invokeTestMethods(TestInvoker.java:203)
at org.testng.internal.invokers.TestMethodWorker.invokeTestMethods(TestMethodWorker.java:154)
at org.testng.internal.invokers.TestMethodWorker.run(TestMethodWorker.java:134)
at java.base/java.util.ArrayList.forEach(ArrayList.java:1596)
at org.testng.TestRunner.privateRun(TestRunner.java:741)
at org.testng.TestRunner.run(TestRunner.java:616)
at org.testng.SuiteRunner.runTest(SuiteRunner.java:421)
at org.testng.SuiteRunner$SuiteWorker.run(SuiteRunner.java:463)
at org.testng.internal.thread.ThreadUtil.lambda$execute$0(ThreadUtil.java:64)
at java.base/java.util.concurrent.FutureTask.run(FutureTask.java:317)
at java.base/java.util.concurrent.ThreadPoolExecutor.runWorker(ThreadPoolExecutor.java:1144)
at java.base/java.util.concurrent.ThreadPoolExecutor$Worker.run(ThreadPoolExecutor.java:642)
at java.base/java.lang.Thread.run(Thread.java:1583)
]]>
            </full-stacktrace>
          </exception> <!-- java.lang.AssertionError -->
          <reporter-output>
          </reporter-output>
        </test-method> <!-- searchEmployee -->
        <test-method is-config="true" signature="tearDown()[pri:0, instance:com.orangehrm.tesetcases.TC004AdditionAndDelete@72758afa]" started-at="2026-05-21T11:47:15 IST" name="tearDown" finished-at="2026-05-21T11:47:16 IST" duration-ms="829" status="PASS">
          <reporter-output>
          </reporter-output>
        </test-method> <!-- tearDown -->
        <test-method is-config="true" signature="setup(java.lang.String)[pri:0, instance:com.orangehrm.tesetcases.TC004AdditionAndDelete@72758afa]" started-at="2026-05-21T11:47:16 IST" name="setup" finished-at="2026-05-21T11:47:23 IST" duration-ms="7371" status="PASS">
          <params>
            <param index="0">
              <value>
                <![CDATA[firefox]]>
              </value>
            </param>
          </params>
          <reporter-output>
          </reporter-output>
        </test-method> <!-- setup -->
        <test-method is-config="true" signature="pageSetup()[pri:0, instance:com.orangehrm.tesetcases.TC004AdditionAndDelete@72758afa]" started-at="2026-05-21T11:47:23 IST" name="pageSetup" finished-at="2026-05-21T11:47:23 IST" duration-ms="1" status="PASS">
          <reporter-output>
          </reporter-output>
        </test-method> <!-- pageSetup -->
        <test-method retried="true" signature="deleteEmployee()[pri:3, instance:com.orangehrm.tesetcases.TC004AdditionAndDelete@72758afa]" started-at="2026-05-21T11:47:23 IST" name="deleteEmployee" finished-at="2026-05-21T11:48:46 IST" duration-ms="82894" status="SKIP">
          <exception class="java.lang.AssertionError">
            <message>
              <![CDATA[employee id not matched expected [true] but found [false]]]>
            </message>
            <full-stacktrace>
              <![CDATA[java.lang.AssertionError: employee id not matched expected [true] but found [false]
at org.testng.Assert.fail(Assert.java:111)
at org.testng.Assert.failNotEquals(Assert.java:1590)
at org.testng.Assert.assertTrue(Assert.java:57)
at com.orangehrm.tesetcases.TC004AdditionAndDelete.deleteEmployee(TC004AdditionAndDelete.java:55)
at java.base/jdk.internal.reflect.DirectMethodHandleAccessor.invoke(DirectMethodHandleAccessor.java:103)
at java.base/java.lang.reflect.Method.invoke(Method.java:580)
at org.testng.internal.invokers.MethodInvocationHelper.invokeMethod(MethodInvocationHelper.java:141)
at org.testng.internal.invokers.TestInvoker.invokeMethod(TestInvoker.java:687)
at org.testng.internal.invokers.TestInvoker.invokeTestMethod(TestInvoker.java:230)
at org.testng.internal.invokers.MethodRunner.runInSequence(MethodRunner.java:63)
at org.testng.internal.invokers.TestInvoker$MethodInvocationAgent.invoke(TestInvoker.java:995)
at org.testng.internal.invokers.TestInvoker.invokeTestMethods(TestInvoker.java:203)
at org.testng.internal.invokers.TestMethodWorker.invokeTestMethods(TestMethodWorker.java:154)
at org.testng.internal.invokers.TestMethodWorker.run(TestMethodWorker.java:134)
at java.base/java.util.ArrayList.forEach(ArrayList.java:1596)
at org.testng.TestRunner.privateRun(TestRunner.java:741)
at org.testng.TestRunner.run(TestRunner.java:616)
at org.testng.SuiteRunner.runTest(SuiteRunner.java:421)
at org.testng.SuiteRunner$SuiteWorker.run(SuiteRunner.java:463)
at org.testng.internal.thread.ThreadUtil.lambda$execute$0(ThreadUtil.java:64)
at java.base/java.util.concurrent.FutureTask.run(FutureTask.java:317)
at java.base/java.util.concurrent.ThreadPoolExecutor.runWorker(ThreadPoolExecutor.java:1144)
at java.base/java.util.concurrent.ThreadPoolExecutor$Worker.run(ThreadPoolExecutor.java:642)
at java.base/java.lang.Thread.run(Thread.java:1583)
]]>
            </full-stacktrace>
          </exception> <!-- java.lang.AssertionError -->
          <reporter-output>
          </reporter-output>
        </test-method> <!-- deleteEmployee -->
        <test-method is-config="true" signature="tearDown()[pri:0, instance:com.orangehrm.tesetcases.TC004AdditionAndDelete@72758afa]" started-at="2026-05-21T11:48:46 IST" name="tearDown" finished-at="2026-05-21T11:48:47 IST" duration-ms="1304" status="PASS">
          <reporter-output>
          </reporter-output>
        </test-method> <!-- tearDown -->
        <test-method is-config="true" signature="setup(java.lang.String)[pri:0, instance:com.orangehrm.tesetcases.TC004AdditionAndDelete@72758afa]" started-at="2026-05-21T11:48:47 IST" name="setup" finished-at="2026-05-21T11:48:55 IST" duration-ms="8153" status="PASS">
          <params>
            <param index="0">
              <value>
                <![CDATA[firefox]]>
              </value>
            </param>
          </params>
          <reporter-output>
          </reporter-output>
        </test-method> <!-- setup -->
        <test-method is-config="true" signature="pageSetup()[pri:0, instance:com.orangehrm.tesetcases.TC004AdditionAndDelete@72758afa]" started-at="2026-05-21T11:48:55 IST" name="pageSetup" finished-at="2026-05-21T11:48:55 IST" duration-ms="3" status="PASS">
          <reporter-output>
          </reporter-output>
        </test-method> <!-- pageSetup -->
        <test-method retried="true" signature="deleteEmployee()[pri:3, instance:com.orangehrm.tesetcases.TC004AdditionAndDelete@72758afa]" started-at="2026-05-21T11:48:55 IST" name="deleteEmployee" finished-at="2026-05-21T11:50:28 IST" duration-ms="93163" status="SKIP">
          <exception class="java.lang.AssertionError">
            <message>
              <![CDATA[employee id not matched expected [true] but found [false]]]>
            </message>
            <full-stacktrace>
              <![CDATA[java.lang.AssertionError: employee id not matched expected [true] but found [false]
at org.testng.Assert.fail(Assert.java:111)
at org.testng.Assert.failNotEquals(Assert.java:1590)
at org.testng.Assert.assertTrue(Assert.java:57)
at com.orangehrm.tesetcases.TC004AdditionAndDelete.deleteEmployee(TC004AdditionAndDelete.java:55)
at java.base/jdk.internal.reflect.DirectMethodHandleAccessor.invoke(DirectMethodHandleAccessor.java:103)
at java.base/java.lang.reflect.Method.invoke(Method.java:580)
at org.testng.internal.invokers.MethodInvocationHelper.invokeMethod(MethodInvocationHelper.java:141)
at org.testng.internal.invokers.TestInvoker.invokeMethod(TestInvoker.java:687)
at org.testng.internal.invokers.TestInvoker.retryFailed(TestInvoker.java:269)
at org.testng.internal.invokers.MethodRunner.runInSequence(MethodRunner.java:76)
at org.testng.internal.invokers.TestInvoker$MethodInvocationAgent.invoke(TestInvoker.java:995)
at org.testng.internal.invokers.TestInvoker.invokeTestMethods(TestInvoker.java:203)
at org.testng.internal.invokers.TestMethodWorker.invokeTestMethods(TestMethodWorker.java:154)
at org.testng.internal.invokers.TestMethodWorker.run(TestMethodWorker.java:134)
at java.base/java.util.ArrayList.forEach(ArrayList.java:1596)
at org.testng.TestRunner.privateRun(TestRunner.java:741)
at org.testng.TestRunner.run(TestRunner.java:616)
at org.testng.SuiteRunner.runTest(SuiteRunner.java:421)
at org.testng.SuiteRunner$SuiteWorker.run(SuiteRunner.java:463)
at org.testng.internal.thread.ThreadUtil.lambda$execute$0(ThreadUtil.java:64)
at java.base/java.util.concurrent.FutureTask.run(FutureTask.java:317)
at java.base/java.util.concurrent.ThreadPoolExecutor.runWorker(ThreadPoolExecutor.java:1144)
at java.base/java.util.concurrent.ThreadPoolExecutor$Worker.run(ThreadPoolExecutor.java:642)
at java.base/java.lang.Thread.run(Thread.java:1583)
]]>
            </full-stacktrace>
          </exception> <!-- java.lang.AssertionError -->
          <reporter-output>
          </reporter-output>
        </test-method> <!-- deleteEmployee -->
        <test-method is-config="true" signature="tearDown()[pri:0, instance:com.orangehrm.tesetcases.TC004AdditionAndDelete@72758afa]" started-at="2026-05-21T11:50:28 IST" name="tearDown" finished-at="2026-05-21T11:50:30 IST" duration-ms="1290" status="PASS">
          <reporter-output>
          </reporter-output>
        </test-method> <!-- tearDown -->
        <test-method is-config="true" signature="setup(java.lang.String)[pri:0, instance:com.orangehrm.tesetcases.TC004AdditionAndDelete@72758afa]" started-at="2026-05-21T11:50:30 IST" name="setup" finished-at="2026-05-21T11:50:40 IST" duration-ms="10508" status="PASS">
          <params>
            <param index="0">
              <value>
                <![CDATA[firefox]]>
              </value>
            </param>
          </params>
          <reporter-output>
          </reporter-output>
        </test-method> <!-- setup -->
        <test-method signature="deleteEmployee()[pri:3, instance:com.orangehrm.tesetcases.TC004AdditionAndDelete@72758afa]" started-at="2026-05-21T11:50:40 IST" name="deleteEmployee" finished-at="2026-05-21T11:52:28 IST" duration-ms="107618" status="FAIL">
          <exception class="java.lang.AssertionError">
            <message>
              <![CDATA[employee id not matched expected [true] but found [false]]]>
            </message>
            <full-stacktrace>
              <![CDATA[java.lang.AssertionError: employee id not matched expected [true] but found [false]
at org.testng.Assert.fail(Assert.java:111)
at org.testng.Assert.failNotEquals(Assert.java:1590)
at org.testng.Assert.assertTrue(Assert.java:57)
at com.orangehrm.tesetcases.TC004AdditionAndDelete.deleteEmployee(TC004AdditionAndDelete.java:55)
at java.base/jdk.internal.reflect.DirectMethodHandleAccessor.invoke(DirectMethodHandleAccessor.java:103)
at java.base/java.lang.reflect.Method.invoke(Method.java:580)
at org.testng.internal.invokers.MethodInvocationHelper.invokeMethod(MethodInvocationHelper.java:141)
at org.testng.internal.invokers.TestInvoker.invokeMethod(TestInvoker.java:687)
at org.testng.internal.invokers.TestInvoker.retryFailed(TestInvoker.java:269)
at org.testng.internal.invokers.MethodRunner.runInSequence(MethodRunner.java:76)
at org.testng.internal.invokers.TestInvoker$MethodInvocationAgent.invoke(TestInvoker.java:995)
at org.testng.internal.invokers.TestInvoker.invokeTestMethods(TestInvoker.java:203)
at org.testng.internal.invokers.TestMethodWorker.invokeTestMethods(TestMethodWorker.java:154)
at org.testng.internal.invokers.TestMethodWorker.run(TestMethodWorker.java:134)
at java.base/java.util.ArrayList.forEach(ArrayList.java:1596)
at org.testng.TestRunner.privateRun(TestRunner.java:741)
at org.testng.TestRunner.run(TestRunner.java:616)
at org.testng.SuiteRunner.runTest(SuiteRunner.java:421)
at org.testng.SuiteRunner$SuiteWorker.run(SuiteRunner.java:463)
at org.testng.internal.thread.ThreadUtil.lambda$execute$0(ThreadUtil.java:64)
at java.base/java.util.concurrent.FutureTask.run(FutureTask.java:317)
at java.base/java.util.concurrent.ThreadPoolExecutor.runWorker(ThreadPoolExecutor.java:1144)
at java.base/java.util.concurrent.ThreadPoolExecutor$Worker.run(ThreadPoolExecutor.java:642)
at java.base/java.lang.Thread.run(Thread.java:1583)
]]>
            </full-stacktrace>
          </exception> <!-- java.lang.AssertionError -->
          <reporter-output>
          </reporter-output>
        </test-method> <!-- deleteEmployee -->
        <test-method is-config="true" signature="pageSetup()[pri:0, instance:com.orangehrm.tesetcases.TC004AdditionAndDelete@72758afa]" started-at="2026-05-21T11:50:40 IST" name="pageSetup" finished-at="2026-05-21T11:50:40 IST" duration-ms="0" status="PASS">
          <reporter-output>
          </reporter-output>
        </test-method> <!-- pageSetup -->
        <test-method is-config="true" signature="tearDown()[pri:0, instance:com.orangehrm.tesetcases.TC004AdditionAndDelete@72758afa]" started-at="2026-05-21T11:52:28 IST" name="tearDown" finished-at="2026-05-21T11:52:29 IST" duration-ms="1303" status="PASS">
          <reporter-output>
          </reporter-output>
        </test-method> <!-- tearDown -->
      </class> <!-- com.orangehrm.tesetcases.TC004AdditionAndDelete -->
      <class name="com.orangehrm.tesetcases.TC001InvalidLoginTest">
        <test-method is-config="true" signature="setup(java.lang.String)[pri:0, instance:com.orangehrm.tesetcases.TC001InvalidLoginTest@fb9c7aa]" started-at="2026-05-21T11:36:28 IST" name="setup" finished-at="2026-05-21T11:36:45 IST" duration-ms="17148" status="PASS">
          <params>
            <param index="0">
              <value>
                <![CDATA[firefox]]>
              </value>
            </param>
          </params>
          <reporter-output>
          </reporter-output>
        </test-method> <!-- setup -->
        <test-method is-config="true" signature="pageSetup()[pri:0, instance:com.orangehrm.tesetcases.TC001InvalidLoginTest@fb9c7aa]" started-at="2026-05-21T11:36:45 IST" name="pageSetup" finished-at="2026-05-21T11:36:45 IST" duration-ms="3" status="PASS">
          <reporter-output>
          </reporter-output>
        </test-method> <!-- pageSetup -->
        <test-method signature="invalidLoginTest(java.lang.String,java.lang.String)[pri:0, instance:com.orangehrm.tesetcases.TC001InvalidLoginTest@fb9c7aa]" started-at="2026-05-21T11:36:45 IST" name="invalidLoginTest" data-provider="invalidData" finished-at="2026-05-21T11:36:55 IST" duration-ms="10311" status="PASS">
          <params>
            <param index="0">
              <value>
                <![CDATA[nil]]>
              </value>
            </param>
            <param index="1">
              <value>
                <![CDATA[nil]]>
              </value>
            </param>
          </params>
          <reporter-output>
          </reporter-output>
        </test-method> <!-- invalidLoginTest -->
        <test-method is-config="true" signature="tearDown()[pri:0, instance:com.orangehrm.tesetcases.TC001InvalidLoginTest@fb9c7aa]" started-at="2026-05-21T11:36:56 IST" name="tearDown" finished-at="2026-05-21T11:36:57 IST" duration-ms="1286" status="PASS">
          <reporter-output>
          </reporter-output>
        </test-method> <!-- tearDown -->
        <test-method is-config="true" signature="setup(java.lang.String)[pri:0, instance:com.orangehrm.tesetcases.TC001InvalidLoginTest@fb9c7aa]" started-at="2026-05-21T11:36:57 IST" name="setup" finished-at="2026-05-21T11:37:04 IST" duration-ms="6536" status="PASS">
          <params>
            <param index="0">
              <value>
                <![CDATA[firefox]]>
              </value>
            </param>
          </params>
          <reporter-output>
          </reporter-output>
        </test-method> <!-- setup -->
        <test-method is-config="true" signature="pageSetup()[pri:0, instance:com.orangehrm.tesetcases.TC001InvalidLoginTest@fb9c7aa]" started-at="2026-05-21T11:37:04 IST" name="pageSetup" finished-at="2026-05-21T11:37:04 IST" duration-ms="2" status="PASS">
          <reporter-output>
          </reporter-output>
        </test-method> <!-- pageSetup -->
        <test-method signature="invalidLoginTest(java.lang.String,java.lang.String)[pri:0, instance:com.orangehrm.tesetcases.TC001InvalidLoginTest@fb9c7aa]" started-at="2026-05-21T11:37:04 IST" name="invalidLoginTest" data-provider="invalidData" finished-at="2026-05-21T11:37:07 IST" duration-ms="3774" status="PASS">
          <params>
            <param index="0">
              <value>
                <![CDATA[hello]]>
              </value>
            </param>
            <param index="1">
              <value>
                <![CDATA[heloo]]>
              </value>
            </param>
          </params>
          <reporter-output>
          </reporter-output>
        </test-method> <!-- invalidLoginTest -->
        <test-method is-config="true" signature="tearDown()[pri:0, instance:com.orangehrm.tesetcases.TC001InvalidLoginTest@fb9c7aa]" started-at="2026-05-21T11:37:08 IST" name="tearDown" finished-at="2026-05-21T11:37:10 IST" duration-ms="1859" status="PASS">
          <reporter-output>
          </reporter-output>
        </test-method> <!-- tearDown -->
        <test-method is-config="true" signature="setup(java.lang.String)[pri:0, instance:com.orangehrm.tesetcases.TC001InvalidLoginTest@fb9c7aa]" started-at="2026-05-21T11:37:10 IST" name="setup" finished-at="2026-05-21T11:37:28 IST" duration-ms="17834" status="PASS">
          <params>
            <param index="0">
              <value>
                <![CDATA[firefox]]>
              </value>
            </param>
          </params>
          <reporter-output>
          </reporter-output>
        </test-method> <!-- setup -->
        <test-method is-config="true" signature="pageSetup()[pri:0, instance:com.orangehrm.tesetcases.TC001InvalidLoginTest@fb9c7aa]" started-at="2026-05-21T11:37:28 IST" name="pageSetup" finished-at="2026-05-21T11:37:28 IST" duration-ms="1" status="PASS">
          <reporter-output>
          </reporter-output>
        </test-method> <!-- pageSetup -->
        <test-method signature="invalidLoginTest(java.lang.String,java.lang.String)[pri:0, instance:com.orangehrm.tesetcases.TC001InvalidLoginTest@fb9c7aa]" started-at="2026-05-21T11:37:28 IST" name="invalidLoginTest" data-provider="invalidData" finished-at="2026-05-21T11:37:31 IST" duration-ms="3204" status="PASS">
          <params>
            <param index="0">
              <value>
                <![CDATA[abcd]]>
              </value>
            </param>
            <param index="1">
              <value>
                <![CDATA[efgh]]>
              </value>
            </param>
          </params>
          <reporter-output>
          </reporter-output>
        </test-method> <!-- invalidLoginTest -->
        <test-method is-config="true" signature="tearDown()[pri:0, instance:com.orangehrm.tesetcases.TC001InvalidLoginTest@fb9c7aa]" started-at="2026-05-21T11:37:31 IST" name="tearDown" finished-at="2026-05-21T11:37:33 IST" duration-ms="1308" status="PASS">
          <reporter-output>
          </reporter-output>
        </test-method> <!-- tearDown -->
      </class> <!-- com.orangehrm.tesetcases.TC001InvalidLoginTest -->
      <class name="com.orangehrm.tesetcases.TC003validLoginRemoteTest">
        <test-method is-config="true" signature="setup(java.lang.String)[pri:0, instance:com.orangehrm.tesetcases.TC003validLoginRemoteTest@4c398c80]" started-at="2026-05-21T11:37:33 IST" name="setup" finished-at="2026-05-21T11:37:40 IST" duration-ms="7238" status="PASS">
          <params>
            <param index="0">
              <value>
                <![CDATA[firefox]]>
              </value>
            </param>
          </params>
          <reporter-output>
          </reporter-output>
        </test-method> <!-- setup -->
        <test-method is-config="true" signature="pageSetup()[pri:0, instance:com.orangehrm.tesetcases.TC003validLoginRemoteTest@4c398c80]" started-at="2026-05-21T11:37:40 IST" name="pageSetup" finished-at="2026-05-21T11:37:40 IST" duration-ms="4" status="PASS">
          <reporter-output>
          </reporter-output>
        </test-method> <!-- pageSetup -->
        <test-method signature="validLoginTest(java.lang.String,java.lang.String)[pri:0, instance:com.orangehrm.tesetcases.TC003validLoginRemoteTest@4c398c80]" started-at="2026-05-21T11:37:40 IST" name="validLoginTest" data-provider="ValidLoginRemote" finished-at="2026-05-21T11:37:48 IST" duration-ms="7589" status="PASS">
          <params>
            <param index="0">
              <value>
                <![CDATA[Admin]]>
              </value>
            </param>
            <param index="1">
              <value>
                <![CDATA[admin123]]>
              </value>
            </param>
          </params>
          <reporter-output>
          </reporter-output>
        </test-method> <!-- validLoginTest -->
        <test-method is-config="true" signature="tearDown()[pri:0, instance:com.orangehrm.tesetcases.TC003validLoginRemoteTest@4c398c80]" started-at="2026-05-21T11:37:48 IST" name="tearDown" finished-at="2026-05-21T11:37:50 IST" duration-ms="1472" status="PASS">
          <reporter-output>
          </reporter-output>
        </test-method> <!-- tearDown -->
      </class> <!-- com.orangehrm.tesetcases.TC003validLoginRemoteTest -->
    </test> <!-- firefoxTest -->
  </suite> <!-- Suite -->
</testng-results>
