<?xml version="1.0" encoding="UTF-8"?>
<testng-results ignored="0" total="21" passed="21" failed="0" skipped="0">
  <reporter-output>
  </reporter-output>
  <suite started-at="2026-05-20T16:49:45 IST" name="Suite" finished-at="2026-05-20T16:52:52 IST" duration-ms="187607">
    <groups>
    </groups>
    <test started-at="2026-05-20T16:49:45 IST" name="chromeTest" finished-at="2026-05-20T16:50:35 IST" duration-ms="50473">
      <class name="com.orangehrm.tesetcases.TC004AdditionAndDelete">
        <test-method is-config="true" signature="setup(java.lang.String)[pri:0, instance:com.orangehrm.tesetcases.TC004AdditionAndDelete@2e9fda69]" started-at="2026-05-20T16:49:47 IST" name="setup" finished-at="2026-05-20T16:49:55 IST" duration-ms="8707" status="PASS">
          <params>
            <param index="0">
              <value>
                <![CDATA[chrome]]>
              </value>
            </param>
          </params>
          <reporter-output>
          </reporter-output>
        </test-method> <!-- setup -->
        <test-method is-config="true" signature="pageSetup()[pri:0, instance:com.orangehrm.tesetcases.TC004AdditionAndDelete@2e9fda69]" started-at="2026-05-20T16:49:55 IST" name="pageSetup" finished-at="2026-05-20T16:49:55 IST" duration-ms="3" status="PASS">
          <reporter-output>
          </reporter-output>
        </test-method> <!-- pageSetup -->
        <test-method signature="addNewEmployee(java.lang.String,java.lang.String,java.lang.String,java.lang.String,java.lang.String,java.lang.String,java.lang.String,java.lang.String)[pri:1, instance:com.orangehrm.tesetcases.TC004AdditionAndDelete@2e9fda69]" started-at="2026-05-20T16:49:55 IST" name="addNewEmployee" data-provider="CreateEmpDetails" finished-at="2026-05-20T16:50:06 IST" duration-ms="10826" status="PASS">
          <params>
            <param index="0">
              <value>
                <![CDATA[Manish]]>
              </value>
            </param>
            <param index="1">
              <value>
                <![CDATA[hello]]>
              </value>
            </param>
            <param index="2">
              <value>
                <![CDATA[Kumar]]>
              </value>
            </param>
            <param index="3">
              <value>
                <![CDATA[104261]]>
              </value>
            </param>
            <param index="4">
              <value>
                <![CDATA[manishKumar]]>
              </value>
            </param>
            <param index="5">
              <value>
                <![CDATA[Man123456]]>
              </value>
            </param>
            <param index="6">
              <value>
                <![CDATA[Man123456]]>
              </value>
            </param>
            <param index="7">
              <value>
                <![CDATA[D:\manish work space\eclipse setup\orangehrm_automation\src\test\resources\testdata\samplePic.jpg]]>
              </value>
            </param>
          </params>
          <reporter-output>
          </reporter-output>
        </test-method> <!-- addNewEmployee -->
        <test-method is-config="true" signature="tearDown()[pri:0, instance:com.orangehrm.tesetcases.TC004AdditionAndDelete@2e9fda69]" started-at="2026-05-20T16:50:07 IST" name="tearDown" finished-at="2026-05-20T16:50:07 IST" duration-ms="367" status="PASS">
          <reporter-output>
          </reporter-output>
        </test-method> <!-- tearDown -->
        <test-method is-config="true" signature="setup(java.lang.String)[pri:0, instance:com.orangehrm.tesetcases.TC004AdditionAndDelete@2e9fda69]" started-at="2026-05-20T16:50:07 IST" name="setup" finished-at="2026-05-20T16:50:11 IST" duration-ms="4301" status="PASS">
          <params>
            <param index="0">
              <value>
                <![CDATA[chrome]]>
              </value>
            </param>
          </params>
          <reporter-output>
          </reporter-output>
        </test-method> <!-- setup -->
        <test-method is-config="true" signature="pageSetup()[pri:0, instance:com.orangehrm.tesetcases.TC004AdditionAndDelete@2e9fda69]" started-at="2026-05-20T16:50:11 IST" name="pageSetup" finished-at="2026-05-20T16:50:11 IST" duration-ms="1" status="PASS">
          <reporter-output>
          </reporter-output>
        </test-method> <!-- pageSetup -->
        <test-method signature="searchEmployee()[pri:2, instance:com.orangehrm.tesetcases.TC004AdditionAndDelete@2e9fda69]" started-at="2026-05-20T16:50:11 IST" name="searchEmployee" finished-at="2026-05-20T16:50:19 IST" duration-ms="7547" status="PASS">
          <reporter-output>
          </reporter-output>
        </test-method> <!-- searchEmployee -->
        <test-method is-config="true" signature="tearDown()[pri:0, instance:com.orangehrm.tesetcases.TC004AdditionAndDelete@2e9fda69]" started-at="2026-05-20T16:50:20 IST" name="tearDown" finished-at="2026-05-20T16:50:20 IST" duration-ms="479" status="PASS">
          <reporter-output>
          </reporter-output>
        </test-method> <!-- tearDown -->
        <test-method is-config="true" signature="setup(java.lang.String)[pri:0, instance:com.orangehrm.tesetcases.TC004AdditionAndDelete@2e9fda69]" started-at="2026-05-20T16:50:20 IST" name="setup" finished-at="2026-05-20T16:50:25 IST" duration-ms="4530" status="PASS">
          <params>
            <param index="0">
              <value>
                <![CDATA[chrome]]>
              </value>
            </param>
          </params>
          <reporter-output>
          </reporter-output>
        </test-method> <!-- setup -->
        <test-method is-config="true" signature="pageSetup()[pri:0, instance:com.orangehrm.tesetcases.TC004AdditionAndDelete@2e9fda69]" started-at="2026-05-20T16:50:25 IST" name="pageSetup" finished-at="2026-05-20T16:50:25 IST" duration-ms="1" status="PASS">
          <reporter-output>
          </reporter-output>
        </test-method> <!-- pageSetup -->
        <test-method signature="deleteEmployee()[pri:3, instance:com.orangehrm.tesetcases.TC004AdditionAndDelete@2e9fda69]" started-at="2026-05-20T16:50:25 IST" name="deleteEmployee" finished-at="2026-05-20T16:50:34 IST" duration-ms="9408" status="PASS">
          <reporter-output>
          </reporter-output>
        </test-method> <!-- deleteEmployee -->
        <test-method is-config="true" signature="tearDown()[pri:0, instance:com.orangehrm.tesetcases.TC004AdditionAndDelete@2e9fda69]" started-at="2026-05-20T16:50:35 IST" name="tearDown" finished-at="2026-05-20T16:50:35 IST" duration-ms="377" status="PASS">
          <reporter-output>
          </reporter-output>
        </test-method> <!-- tearDown -->
      </class> <!-- com.orangehrm.tesetcases.TC004AdditionAndDelete -->
      <class name="com.orangehrm.tesetcases.TC001InvalidLoginTest">
        <test-method is-config="true" signature="setup(java.lang.String)[pri:0, instance:com.orangehrm.tesetcases.TC001InvalidLoginTest@4e858e0a]" started-at="2026-05-20T16:49:47 IST" name="setup" finished-at="2026-05-20T16:49:55 IST" duration-ms="8969" status="PASS">
          <params>
            <param index="0">
              <value>
                <![CDATA[chrome]]>
              </value>
            </param>
          </params>
          <reporter-output>
          </reporter-output>
        </test-method> <!-- setup -->
        <test-method signature="invalidLoginTest(java.lang.String,java.lang.String)[pri:0, instance:com.orangehrm.tesetcases.TC001InvalidLoginTest@4e858e0a]" started-at="2026-05-20T16:49:55 IST" name="invalidLoginTest" data-provider="invalidData" finished-at="2026-05-20T16:49:59 IST" duration-ms="3226" status="PASS">
          <params>
            <param index="0">
              <value>
                <![CDATA[nil]]>
              </value>
            </param>
            <param index="1">
              <value>
                <![CDATA[nil]]>
              </value>
            </param>
          </params>
          <reporter-output>
          </reporter-output>
        </test-method> <!-- invalidLoginTest -->
        <test-method is-config="true" signature="pageSetup()[pri:0, instance:com.orangehrm.tesetcases.TC001InvalidLoginTest@4e858e0a]" started-at="2026-05-20T16:49:55 IST" name="pageSetup" finished-at="2026-05-20T16:49:55 IST" duration-ms="0" status="PASS">
          <reporter-output>
          </reporter-output>
        </test-method> <!-- pageSetup -->
        <test-method is-config="true" signature="tearDown()[pri:0, instance:com.orangehrm.tesetcases.TC001InvalidLoginTest@4e858e0a]" started-at="2026-05-20T16:49:59 IST" name="tearDown" finished-at="2026-05-20T16:50:00 IST" duration-ms="1038" status="PASS">
          <reporter-output>
          </reporter-output>
        </test-method> <!-- tearDown -->
        <test-method is-config="true" signature="setup(java.lang.String)[pri:0, instance:com.orangehrm.tesetcases.TC001InvalidLoginTest@4e858e0a]" started-at="2026-05-20T16:50:00 IST" name="setup" finished-at="2026-05-20T16:50:05 IST" duration-ms="4901" status="PASS">
          <params>
            <param index="0">
              <value>
                <![CDATA[chrome]]>
              </value>
            </param>
          </params>
          <reporter-output>
          </reporter-output>
        </test-method> <!-- setup -->
        <test-method is-config="true" signature="pageSetup()[pri:0, instance:com.orangehrm.tesetcases.TC001InvalidLoginTest@4e858e0a]" started-at="2026-05-20T16:50:05 IST" name="pageSetup" finished-at="2026-05-20T16:50:05 IST" duration-ms="0" status="PASS">
          <reporter-output>
          </reporter-output>
        </test-method> <!-- pageSetup -->
        <test-method signature="invalidLoginTest(java.lang.String,java.lang.String)[pri:0, instance:com.orangehrm.tesetcases.TC001InvalidLoginTest@4e858e0a]" started-at="2026-05-20T16:50:05 IST" name="invalidLoginTest" data-provider="invalidData" finished-at="2026-05-20T16:50:08 IST" duration-ms="2855" status="PASS">
          <params>
            <param index="0">
              <value>
                <![CDATA[hello]]>
              </value>
            </param>
            <param index="1">
              <value>
                <![CDATA[heloo]]>
              </value>
            </param>
          </params>
          <reporter-output>
          </reporter-output>
        </test-method> <!-- invalidLoginTest -->
        <test-method is-config="true" signature="tearDown()[pri:0, instance:com.orangehrm.tesetcases.TC001InvalidLoginTest@4e858e0a]" started-at="2026-05-20T16:50:09 IST" name="tearDown" finished-at="2026-05-20T16:50:09 IST" duration-ms="383" status="PASS">
          <reporter-output>
          </reporter-output>
        </test-method> <!-- tearDown -->
        <test-method is-config="true" signature="setup(java.lang.String)[pri:0, instance:com.orangehrm.tesetcases.TC001InvalidLoginTest@4e858e0a]" started-at="2026-05-20T16:50:09 IST" name="setup" finished-at="2026-05-20T16:50:14 IST" duration-ms="5260" status="PASS">
          <params>
            <param index="0">
              <value>
                <![CDATA[chrome]]>
              </value>
            </param>
          </params>
          <reporter-output>
          </reporter-output>
        </test-method> <!-- setup -->
        <test-method signature="invalidLoginTest(java.lang.String,java.lang.String)[pri:0, instance:com.orangehrm.tesetcases.TC001InvalidLoginTest@4e858e0a]" started-at="2026-05-20T16:50:14 IST" name="invalidLoginTest" data-provider="invalidData" finished-at="2026-05-20T16:50:18 IST" duration-ms="3565" status="PASS">
          <params>
            <param index="0">
              <value>
                <![CDATA[abcd]]>
              </value>
            </param>
            <param index="1">
              <value>
                <![CDATA[efgh]]>
              </value>
            </param>
          </params>
          <reporter-output>
          </reporter-output>
        </test-method> <!-- invalidLoginTest -->
        <test-method is-config="true" signature="pageSetup()[pri:0, instance:com.orangehrm.tesetcases.TC001InvalidLoginTest@4e858e0a]" started-at="2026-05-20T16:50:14 IST" name="pageSetup" finished-at="2026-05-20T16:50:14 IST" duration-ms="0" status="PASS">
          <reporter-output>
          </reporter-output>
        </test-method> <!-- pageSetup -->
        <test-method is-config="true" signature="tearDown()[pri:0, instance:com.orangehrm.tesetcases.TC001InvalidLoginTest@4e858e0a]" started-at="2026-05-20T16:50:19 IST" name="tearDown" finished-at="2026-05-20T16:50:19 IST" duration-ms="418" status="PASS">
          <reporter-output>
          </reporter-output>
        </test-method> <!-- tearDown -->
      </class> <!-- com.orangehrm.tesetcases.TC001InvalidLoginTest -->
      <class name="com.orangehrm.tesetcases.TC003validLoginRemoteTest">
        <test-method is-config="true" signature="setup(java.lang.String)[pri:0, instance:com.orangehrm.tesetcases.TC003validLoginRemoteTest@435fb7b5]" started-at="2026-05-20T16:49:47 IST" name="setup" finished-at="2026-05-20T16:49:52 IST" duration-ms="5104" status="PASS">
          <params>
            <param index="0">
              <value>
                <![CDATA[chrome]]>
              </value>
            </param>
          </params>
          <reporter-output>
          </reporter-output>
        </test-method> <!-- setup -->
        <test-method is-config="true" signature="pageSetup()[pri:0, instance:com.orangehrm.tesetcases.TC003validLoginRemoteTest@435fb7b5]" started-at="2026-05-20T16:49:52 IST" name="pageSetup" finished-at="2026-05-20T16:49:52 IST" duration-ms="6" status="PASS">
          <reporter-output>
          </reporter-output>
        </test-method> <!-- pageSetup -->
        <test-method signature="validLoginTest(java.lang.String,java.lang.String)[pri:0, instance:com.orangehrm.tesetcases.TC003validLoginRemoteTest@435fb7b5]" started-at="2026-05-20T16:49:52 IST" name="validLoginTest" data-provider="ValidLoginRemote" finished-at="2026-05-20T16:50:01 IST" duration-ms="9474" status="PASS">
          <params>
            <param index="0">
              <value>
                <![CDATA[Admin]]>
              </value>
            </param>
            <param index="1">
              <value>
                <![CDATA[admin123]]>
              </value>
            </param>
          </params>
          <reporter-output>
          </reporter-output>
        </test-method> <!-- validLoginTest -->
        <test-method is-config="true" signature="tearDown()[pri:0, instance:com.orangehrm.tesetcases.TC003validLoginRemoteTest@435fb7b5]" started-at="2026-05-20T16:50:02 IST" name="tearDown" finished-at="2026-05-20T16:50:03 IST" duration-ms="595" status="PASS">
          <reporter-output>
          </reporter-output>
        </test-method> <!-- tearDown -->
      </class> <!-- com.orangehrm.tesetcases.TC003validLoginRemoteTest -->
    </test> <!-- chromeTest -->
    <test started-at="2026-05-20T16:50:36 IST" name="edgeTest" finished-at="2026-05-20T16:51:31 IST" duration-ms="54971">
      <class name="com.orangehrm.tesetcases.TC004AdditionAndDelete">
        <test-method is-config="true" signature="setup(java.lang.String)[pri:0, instance:com.orangehrm.tesetcases.TC004AdditionAndDelete@625abb97]" started-at="2026-05-20T16:50:36 IST" name="setup" finished-at="2026-05-20T16:50:40 IST" duration-ms="3533" status="PASS">
          <params>
            <param index="0">
              <value>
                <![CDATA[edge]]>
              </value>
            </param>
          </params>
          <reporter-output>
          </reporter-output>
        </test-method> <!-- setup -->
        <test-method is-config="true" signature="pageSetup()[pri:0, instance:com.orangehrm.tesetcases.TC004AdditionAndDelete@625abb97]" started-at="2026-05-20T16:50:40 IST" name="pageSetup" finished-at="2026-05-20T16:50:40 IST" duration-ms="1" status="PASS">
          <reporter-output>
          </reporter-output>
        </test-method> <!-- pageSetup -->
        <test-method signature="addNewEmployee(java.lang.String,java.lang.String,java.lang.String,java.lang.String,java.lang.String,java.lang.String,java.lang.String,java.lang.String)[pri:1, instance:com.orangehrm.tesetcases.TC004AdditionAndDelete@625abb97]" started-at="2026-05-20T16:50:40 IST" name="addNewEmployee" data-provider="CreateEmpDetails" finished-at="2026-05-20T16:50:57 IST" duration-ms="17306" status="PASS">
          <params>
            <param index="0">
              <value>
                <![CDATA[Manish]]>
              </value>
            </param>
            <param index="1">
              <value>
                <![CDATA[hello]]>
              </value>
            </param>
            <param index="2">
              <value>
                <![CDATA[Kumar]]>
              </value>
            </param>
            <param index="3">
              <value>
                <![CDATA[104261]]>
              </value>
            </param>
            <param index="4">
              <value>
                <![CDATA[manishKumar]]>
              </value>
            </param>
            <param index="5">
              <value>
                <![CDATA[Man123456]]>
              </value>
            </param>
            <param index="6">
              <value>
                <![CDATA[Man123456]]>
              </value>
            </param>
            <param index="7">
              <value>
                <![CDATA[D:\manish work space\eclipse setup\orangehrm_automation\src\test\resources\testdata\samplePic.jpg]]>
              </value>
            </param>
          </params>
          <reporter-output>
          </reporter-output>
        </test-method> <!-- addNewEmployee -->
        <test-method is-config="true" signature="tearDown()[pri:0, instance:com.orangehrm.tesetcases.TC004AdditionAndDelete@625abb97]" started-at="2026-05-20T16:50:58 IST" name="tearDown" finished-at="2026-05-20T16:50:58 IST" duration-ms="486" status="PASS">
          <reporter-output>
          </reporter-output>
        </test-method> <!-- tearDown -->
        <test-method is-config="true" signature="setup(java.lang.String)[pri:0, instance:com.orangehrm.tesetcases.TC004AdditionAndDelete@625abb97]" started-at="2026-05-20T16:50:58 IST" name="setup" finished-at="2026-05-20T16:51:03 IST" duration-ms="5158" status="PASS">
          <params>
            <param index="0">
              <value>
                <![CDATA[edge]]>
              </value>
            </param>
          </params>
          <reporter-output>
          </reporter-output>
        </test-method> <!-- setup -->
        <test-method is-config="true" signature="pageSetup()[pri:0, instance:com.orangehrm.tesetcases.TC004AdditionAndDelete@625abb97]" started-at="2026-05-20T16:51:03 IST" name="pageSetup" finished-at="2026-05-20T16:51:03 IST" duration-ms="1" status="PASS">
          <reporter-output>
          </reporter-output>
        </test-method> <!-- pageSetup -->
        <test-method signature="searchEmployee()[pri:2, instance:com.orangehrm.tesetcases.TC004AdditionAndDelete@625abb97]" started-at="2026-05-20T16:51:03 IST" name="searchEmployee" finished-at="2026-05-20T16:51:13 IST" duration-ms="9202" status="PASS">
          <reporter-output>
          </reporter-output>
        </test-method> <!-- searchEmployee -->
        <test-method is-config="true" signature="tearDown()[pri:0, instance:com.orangehrm.tesetcases.TC004AdditionAndDelete@625abb97]" started-at="2026-05-20T16:51:13 IST" name="tearDown" finished-at="2026-05-20T16:51:14 IST" duration-ms="456" status="PASS">
          <reporter-output>
          </reporter-output>
        </test-method> <!-- tearDown -->
        <test-method is-config="true" signature="setup(java.lang.String)[pri:0, instance:com.orangehrm.tesetcases.TC004AdditionAndDelete@625abb97]" started-at="2026-05-20T16:51:14 IST" name="setup" finished-at="2026-05-20T16:51:19 IST" duration-ms="5351" status="PASS">
          <params>
            <param index="0">
              <value>
                <![CDATA[edge]]>
              </value>
            </param>
          </params>
          <reporter-output>
          </reporter-output>
        </test-method> <!-- setup -->
        <test-method signature="deleteEmployee()[pri:3, instance:com.orangehrm.tesetcases.TC004AdditionAndDelete@625abb97]" started-at="2026-05-20T16:51:19 IST" name="deleteEmployee" finished-at="2026-05-20T16:51:30 IST" duration-ms="10719" status="PASS">
          <reporter-output>
          </reporter-output>
        </test-method> <!-- deleteEmployee -->
        <test-method is-config="true" signature="pageSetup()[pri:0, instance:com.orangehrm.tesetcases.TC004AdditionAndDelete@625abb97]" started-at="2026-05-20T16:51:19 IST" name="pageSetup" finished-at="2026-05-20T16:51:19 IST" duration-ms="0" status="PASS">
          <reporter-output>
          </reporter-output>
        </test-method> <!-- pageSetup -->
        <test-method is-config="true" signature="tearDown()[pri:0, instance:com.orangehrm.tesetcases.TC004AdditionAndDelete@625abb97]" started-at="2026-05-20T16:51:30 IST" name="tearDown" finished-at="2026-05-20T16:51:31 IST" duration-ms="532" status="PASS">
          <reporter-output>
          </reporter-output>
        </test-method> <!-- tearDown -->
      </class> <!-- com.orangehrm.tesetcases.TC004AdditionAndDelete -->
      <class name="com.orangehrm.tesetcases.TC001InvalidLoginTest">
        <test-method is-config="true" signature="setup(java.lang.String)[pri:0, instance:com.orangehrm.tesetcases.TC001InvalidLoginTest@5b1f29fa]" started-at="2026-05-20T16:50:36 IST" name="setup" finished-at="2026-05-20T16:50:45 IST" duration-ms="8900" status="PASS">
          <params>
            <param index="0">
              <value>
                <![CDATA[edge]]>
              </value>
            </param>
          </params>
          <reporter-output>
          </reporter-output>
        </test-method> <!-- setup -->
        <test-method signature="invalidLoginTest(java.lang.String,java.lang.String)[pri:0, instance:com.orangehrm.tesetcases.TC001InvalidLoginTest@5b1f29fa]" started-at="2026-05-20T16:50:45 IST" name="invalidLoginTest" data-provider="invalidData" finished-at="2026-05-20T16:50:49 IST" duration-ms="3606" status="PASS">
          <params>
            <param index="0">
              <value>
                <![CDATA[nil]]>
              </value>
            </param>
            <param index="1">
              <value>
                <![CDATA[nil]]>
              </value>
            </param>
          </params>
          <reporter-output>
          </reporter-output>
        </test-method> <!-- invalidLoginTest -->
        <test-method is-config="true" signature="pageSetup()[pri:0, instance:com.orangehrm.tesetcases.TC001InvalidLoginTest@5b1f29fa]" started-at="2026-05-20T16:50:45 IST" name="pageSetup" finished-at="2026-05-20T16:50:45 IST" duration-ms="0" status="PASS">
          <reporter-output>
          </reporter-output>
        </test-method> <!-- pageSetup -->
        <test-method is-config="true" signature="tearDown()[pri:0, instance:com.orangehrm.tesetcases.TC001InvalidLoginTest@5b1f29fa]" started-at="2026-05-20T16:50:49 IST" name="tearDown" finished-at="2026-05-20T16:50:50 IST" duration-ms="979" status="PASS">
          <reporter-output>
          </reporter-output>
        </test-method> <!-- tearDown -->
        <test-method is-config="true" signature="setup(java.lang.String)[pri:0, instance:com.orangehrm.tesetcases.TC001InvalidLoginTest@5b1f29fa]" started-at="2026-05-20T16:50:50 IST" name="setup" finished-at="2026-05-20T16:50:53 IST" duration-ms="3045" status="PASS">
          <params>
            <param index="0">
              <value>
                <![CDATA[edge]]>
              </value>
            </param>
          </params>
          <reporter-output>
          </reporter-output>
        </test-method> <!-- setup -->
        <test-method signature="invalidLoginTest(java.lang.String,java.lang.String)[pri:0, instance:com.orangehrm.tesetcases.TC001InvalidLoginTest@5b1f29fa]" started-at="2026-05-20T16:50:53 IST" name="invalidLoginTest" data-provider="invalidData" finished-at="2026-05-20T16:51:04 IST" duration-ms="10546" status="PASS">
          <params>
            <param index="0">
              <value>
                <![CDATA[hello]]>
              </value>
            </param>
            <param index="1">
              <value>
                <![CDATA[heloo]]>
              </value>
            </param>
          </params>
          <reporter-output>
          </reporter-output>
        </test-method> <!-- invalidLoginTest -->
        <test-method is-config="true" signature="pageSetup()[pri:0, instance:com.orangehrm.tesetcases.TC001InvalidLoginTest@5b1f29fa]" started-at="2026-05-20T16:50:53 IST" name="pageSetup" finished-at="2026-05-20T16:50:53 IST" duration-ms="0" status="PASS">
          <reporter-output>
          </reporter-output>
        </test-method> <!-- pageSetup -->
        <test-method is-config="true" signature="tearDown()[pri:0, instance:com.orangehrm.tesetcases.TC001InvalidLoginTest@5b1f29fa]" started-at="2026-05-20T16:51:05 IST" name="tearDown" finished-at="2026-05-20T16:51:05 IST" duration-ms="415" status="PASS">
          <reporter-output>
          </reporter-output>
        </test-method> <!-- tearDown -->
        <test-method is-config="true" signature="setup(java.lang.String)[pri:0, instance:com.orangehrm.tesetcases.TC001InvalidLoginTest@5b1f29fa]" started-at="2026-05-20T16:51:05 IST" name="setup" finished-at="2026-05-20T16:51:13 IST" duration-ms="8252" status="PASS">
          <params>
            <param index="0">
              <value>
                <![CDATA[edge]]>
              </value>
            </param>
          </params>
          <reporter-output>
          </reporter-output>
        </test-method> <!-- setup -->
        <test-method signature="invalidLoginTest(java.lang.String,java.lang.String)[pri:0, instance:com.orangehrm.tesetcases.TC001InvalidLoginTest@5b1f29fa]" started-at="2026-05-20T16:51:13 IST" name="invalidLoginTest" data-provider="invalidData" finished-at="2026-05-20T16:51:19 IST" duration-ms="5715" status="PASS">
          <params>
            <param index="0">
              <value>
                <![CDATA[abcd]]>
              </value>
            </param>
            <param index="1">
              <value>
                <![CDATA[efgh]]>
              </value>
            </param>
          </params>
          <reporter-output>
          </reporter-output>
        </test-method> <!-- invalidLoginTest -->
        <test-method is-config="true" signature="pageSetup()[pri:0, instance:com.orangehrm.tesetcases.TC001InvalidLoginTest@5b1f29fa]" started-at="2026-05-20T16:51:13 IST" name="pageSetup" finished-at="2026-05-20T16:51:13 IST" duration-ms="0" status="PASS">
          <reporter-output>
          </reporter-output>
        </test-method> <!-- pageSetup -->
        <test-method is-config="true" signature="tearDown()[pri:0, instance:com.orangehrm.tesetcases.TC001InvalidLoginTest@5b1f29fa]" started-at="2026-05-20T16:51:20 IST" name="tearDown" finished-at="2026-05-20T16:51:20 IST" duration-ms="532" status="PASS">
          <reporter-output>
          </reporter-output>
        </test-method> <!-- tearDown -->
      </class> <!-- com.orangehrm.tesetcases.TC001InvalidLoginTest -->
      <class name="com.orangehrm.tesetcases.TC003validLoginRemoteTest">
        <test-method is-config="true" signature="setup(java.lang.String)[pri:0, instance:com.orangehrm.tesetcases.TC003validLoginRemoteTest@aeab9a1]" started-at="2026-05-20T16:50:36 IST" name="setup" finished-at="2026-05-20T16:50:44 IST" duration-ms="7650" status="PASS">
          <params>
            <param index="0">
              <value>
                <![CDATA[edge]]>
              </value>
            </param>
          </params>
          <reporter-output>
          </reporter-output>
        </test-method> <!-- setup -->
        <test-method is-config="true" signature="pageSetup()[pri:0, instance:com.orangehrm.tesetcases.TC003validLoginRemoteTest@aeab9a1]" started-at="2026-05-20T16:50:44 IST" name="pageSetup" finished-at="2026-05-20T16:50:44 IST" duration-ms="1" status="PASS">
          <reporter-output>
          </reporter-output>
        </test-method> <!-- pageSetup -->
        <test-method signature="validLoginTest(java.lang.String,java.lang.String)[pri:0, instance:com.orangehrm.tesetcases.TC003validLoginRemoteTest@aeab9a1]" started-at="2026-05-20T16:50:44 IST" name="validLoginTest" data-provider="ValidLoginRemote" finished-at="2026-05-20T16:50:52 IST" duration-ms="7961" status="PASS">
          <params>
            <param index="0">
              <value>
                <![CDATA[Admin]]>
              </value>
            </param>
            <param index="1">
              <value>
                <![CDATA[admin123]]>
              </value>
            </param>
          </params>
          <reporter-output>
          </reporter-output>
        </test-method> <!-- validLoginTest -->
        <test-method is-config="true" signature="tearDown()[pri:0, instance:com.orangehrm.tesetcases.TC003validLoginRemoteTest@aeab9a1]" started-at="2026-05-20T16:50:53 IST" name="tearDown" finished-at="2026-05-20T16:50:54 IST" duration-ms="1419" status="PASS">
          <reporter-output>
          </reporter-output>
        </test-method> <!-- tearDown -->
      </class> <!-- com.orangehrm.tesetcases.TC003validLoginRemoteTest -->
    </test> <!-- edgeTest -->
    <test started-at="2026-05-20T16:51:31 IST" name="firefoxTest" finished-at="2026-05-20T16:52:52 IST" duration-ms="81131">
      <class name="com.orangehrm.tesetcases.TC004AdditionAndDelete">
        <test-method is-config="true" signature="readConfig()[pri:0, instance:com.orangehrm.tesetcases.TC004AdditionAndDelete@774698ab]" started-at="2026-05-20T16:49:45 IST" name="readConfig" finished-at="2026-05-20T16:49:45 IST" duration-ms="24" status="PASS">
          <reporter-output>
          </reporter-output>
        </test-method> <!-- readConfig -->
        <test-method is-config="true" signature="setup(java.lang.String)[pri:0, instance:com.orangehrm.tesetcases.TC004AdditionAndDelete@774698ab]" started-at="2026-05-20T16:51:31 IST" name="setup" finished-at="2026-05-20T16:51:43 IST" duration-ms="11692" status="PASS">
          <params>
            <param index="0">
              <value>
                <![CDATA[firefox]]>
              </value>
            </param>
          </params>
          <reporter-output>
          </reporter-output>
        </test-method> <!-- setup -->
        <test-method is-config="true" signature="pageSetup()[pri:0, instance:com.orangehrm.tesetcases.TC004AdditionAndDelete@774698ab]" started-at="2026-05-20T16:51:43 IST" name="pageSetup" finished-at="2026-05-20T16:51:43 IST" duration-ms="1" status="PASS">
          <reporter-output>
          </reporter-output>
        </test-method> <!-- pageSetup -->
        <test-method signature="addNewEmployee(java.lang.String,java.lang.String,java.lang.String,java.lang.String,java.lang.String,java.lang.String,java.lang.String,java.lang.String)[pri:1, instance:com.orangehrm.tesetcases.TC004AdditionAndDelete@774698ab]" started-at="2026-05-20T16:51:43 IST" name="addNewEmployee" data-provider="CreateEmpDetails" finished-at="2026-05-20T16:51:59 IST" duration-ms="16099" status="PASS">
          <params>
            <param index="0">
              <value>
                <![CDATA[Manish]]>
              </value>
            </param>
            <param index="1">
              <value>
                <![CDATA[hello]]>
              </value>
            </param>
            <param index="2">
              <value>
                <![CDATA[Kumar]]>
              </value>
            </param>
            <param index="3">
              <value>
                <![CDATA[104261]]>
              </value>
            </param>
            <param index="4">
              <value>
                <![CDATA[manishKumar]]>
              </value>
            </param>
            <param index="5">
              <value>
                <![CDATA[Man123456]]>
              </value>
            </param>
            <param index="6">
              <value>
                <![CDATA[Man123456]]>
              </value>
            </param>
            <param index="7">
              <value>
                <![CDATA[D:\manish work space\eclipse setup\orangehrm_automation\src\test\resources\testdata\samplePic.jpg]]>
              </value>
            </param>
          </params>
          <reporter-output>
          </reporter-output>
        </test-method> <!-- addNewEmployee -->
        <test-method is-config="true" signature="tearDown()[pri:0, instance:com.orangehrm.tesetcases.TC004AdditionAndDelete@774698ab]" started-at="2026-05-20T16:52:00 IST" name="tearDown" finished-at="2026-05-20T16:52:02 IST" duration-ms="2633" status="PASS">
          <reporter-output>
          </reporter-output>
        </test-method> <!-- tearDown -->
        <test-method is-config="true" signature="setup(java.lang.String)[pri:0, instance:com.orangehrm.tesetcases.TC004AdditionAndDelete@774698ab]" started-at="2026-05-20T16:52:02 IST" name="setup" finished-at="2026-05-20T16:52:17 IST" duration-ms="14422" status="PASS">
          <params>
            <param index="0">
              <value>
                <![CDATA[firefox]]>
              </value>
            </param>
          </params>
          <reporter-output>
          </reporter-output>
        </test-method> <!-- setup -->
        <test-method is-config="true" signature="pageSetup()[pri:0, instance:com.orangehrm.tesetcases.TC004AdditionAndDelete@774698ab]" started-at="2026-05-20T16:52:17 IST" name="pageSetup" finished-at="2026-05-20T16:52:17 IST" duration-ms="1" status="PASS">
          <reporter-output>
          </reporter-output>
        </test-method> <!-- pageSetup -->
        <test-method signature="searchEmployee()[pri:2, instance:com.orangehrm.tesetcases.TC004AdditionAndDelete@774698ab]" started-at="2026-05-20T16:52:17 IST" name="searchEmployee" finished-at="2026-05-20T16:52:32 IST" duration-ms="15272" status="PASS">
          <reporter-output>
          </reporter-output>
        </test-method> <!-- searchEmployee -->
        <test-method is-config="true" signature="tearDown()[pri:0, instance:com.orangehrm.tesetcases.TC004AdditionAndDelete@774698ab]" started-at="2026-05-20T16:52:32 IST" name="tearDown" finished-at="2026-05-20T16:52:34 IST" duration-ms="1386" status="PASS">
          <reporter-output>
          </reporter-output>
        </test-method> <!-- tearDown -->
        <test-method is-config="true" signature="setup(java.lang.String)[pri:0, instance:com.orangehrm.tesetcases.TC004AdditionAndDelete@774698ab]" started-at="2026-05-20T16:52:34 IST" name="setup" finished-at="2026-05-20T16:52:40 IST" duration-ms="6322" status="PASS">
          <params>
            <param index="0">
              <value>
                <![CDATA[firefox]]>
              </value>
            </param>
          </params>
          <reporter-output>
          </reporter-output>
        </test-method> <!-- setup -->
        <test-method signature="deleteEmployee()[pri:3, instance:com.orangehrm.tesetcases.TC004AdditionAndDelete@774698ab]" started-at="2026-05-20T16:52:40 IST" name="deleteEmployee" finished-at="2026-05-20T16:52:50 IST" duration-ms="9825" status="PASS">
          <reporter-output>
          </reporter-output>
        </test-method> <!-- deleteEmployee -->
        <test-method is-config="true" signature="pageSetup()[pri:0, instance:com.orangehrm.tesetcases.TC004AdditionAndDelete@774698ab]" started-at="2026-05-20T16:52:40 IST" name="pageSetup" finished-at="2026-05-20T16:52:40 IST" duration-ms="0" status="PASS">
          <reporter-output>
          </reporter-output>
        </test-method> <!-- pageSetup -->
        <test-method is-config="true" signature="tearDown()[pri:0, instance:com.orangehrm.tesetcases.TC004AdditionAndDelete@774698ab]" started-at="2026-05-20T16:52:51 IST" name="tearDown" finished-at="2026-05-20T16:52:52 IST" duration-ms="1572" status="PASS">
          <reporter-output>
          </reporter-output>
        </test-method> <!-- tearDown -->
      </class> <!-- com.orangehrm.tesetcases.TC004AdditionAndDelete -->
      <class name="com.orangehrm.tesetcases.TC001InvalidLoginTest">
        <test-method is-config="true" signature="setup(java.lang.String)[pri:0, instance:com.orangehrm.tesetcases.TC001InvalidLoginTest@55342f40]" started-at="2026-05-20T16:51:31 IST" name="setup" finished-at="2026-05-20T16:51:47 IST" duration-ms="16167" status="PASS">
          <params>
            <param index="0">
              <value>
                <![CDATA[firefox]]>
              </value>
            </param>
          </params>
          <reporter-output>
          </reporter-output>
        </test-method> <!-- setup -->
        <test-method is-config="true" signature="pageSetup()[pri:0, instance:com.orangehrm.tesetcases.TC001InvalidLoginTest@55342f40]" started-at="2026-05-20T16:51:47 IST" name="pageSetup" finished-at="2026-05-20T16:51:47 IST" duration-ms="0" status="PASS">
          <reporter-output>
          </reporter-output>
        </test-method> <!-- pageSetup -->
        <test-method signature="invalidLoginTest(java.lang.String,java.lang.String)[pri:0, instance:com.orangehrm.tesetcases.TC001InvalidLoginTest@55342f40]" started-at="2026-05-20T16:51:47 IST" name="invalidLoginTest" data-provider="invalidData" finished-at="2026-05-20T16:51:51 IST" duration-ms="4008" status="PASS">
          <params>
            <param index="0">
              <value>
                <![CDATA[nil]]>
              </value>
            </param>
            <param index="1">
              <value>
                <![CDATA[nil]]>
              </value>
            </param>
          </params>
          <reporter-output>
          </reporter-output>
        </test-method> <!-- invalidLoginTest -->
        <test-method is-config="true" signature="tearDown()[pri:0, instance:com.orangehrm.tesetcases.TC001InvalidLoginTest@55342f40]" started-at="2026-05-20T16:51:52 IST" name="tearDown" finished-at="2026-05-20T16:51:54 IST" duration-ms="2057" status="PASS">
          <reporter-output>
          </reporter-output>
        </test-method> <!-- tearDown -->
        <test-method is-config="true" signature="setup(java.lang.String)[pri:0, instance:com.orangehrm.tesetcases.TC001InvalidLoginTest@55342f40]" started-at="2026-05-20T16:51:54 IST" name="setup" finished-at="2026-05-20T16:52:03 IST" duration-ms="9227" status="PASS">
          <params>
            <param index="0">
              <value>
                <![CDATA[firefox]]>
              </value>
            </param>
          </params>
          <reporter-output>
          </reporter-output>
        </test-method> <!-- setup -->
        <test-method signature="invalidLoginTest(java.lang.String,java.lang.String)[pri:0, instance:com.orangehrm.tesetcases.TC001InvalidLoginTest@55342f40]" started-at="2026-05-20T16:52:03 IST" name="invalidLoginTest" data-provider="invalidData" finished-at="2026-05-20T16:52:07 IST" duration-ms="3563" status="PASS">
          <params>
            <param index="0">
              <value>
                <![CDATA[hello]]>
              </value>
            </param>
            <param index="1">
              <value>
                <![CDATA[heloo]]>
              </value>
            </param>
          </params>
          <reporter-output>
          </reporter-output>
        </test-method> <!-- invalidLoginTest -->
        <test-method is-config="true" signature="pageSetup()[pri:0, instance:com.orangehrm.tesetcases.TC001InvalidLoginTest@55342f40]" started-at="2026-05-20T16:52:03 IST" name="pageSetup" finished-at="2026-05-20T16:52:03 IST" duration-ms="0" status="PASS">
          <reporter-output>
          </reporter-output>
        </test-method> <!-- pageSetup -->
        <test-method is-config="true" signature="tearDown()[pri:0, instance:com.orangehrm.tesetcases.TC001InvalidLoginTest@55342f40]" started-at="2026-05-20T16:52:07 IST" name="tearDown" finished-at="2026-05-20T16:52:10 IST" duration-ms="3007" status="PASS">
          <reporter-output>
          </reporter-output>
        </test-method> <!-- tearDown -->
        <test-method is-config="true" signature="setup(java.lang.String)[pri:0, instance:com.orangehrm.tesetcases.TC001InvalidLoginTest@55342f40]" started-at="2026-05-20T16:52:10 IST" name="setup" finished-at="2026-05-20T16:52:20 IST" duration-ms="10012" status="PASS">
          <params>
            <param index="0">
              <value>
                <![CDATA[firefox]]>
              </value>
            </param>
          </params>
          <reporter-output>
          </reporter-output>
        </test-method> <!-- setup -->
        <test-method is-config="true" signature="pageSetup()[pri:0, instance:com.orangehrm.tesetcases.TC001InvalidLoginTest@55342f40]" started-at="2026-05-20T16:52:20 IST" name="pageSetup" finished-at="2026-05-20T16:52:20 IST" duration-ms="1" status="PASS">
          <reporter-output>
          </reporter-output>
        </test-method> <!-- pageSetup -->
        <test-method signature="invalidLoginTest(java.lang.String,java.lang.String)[pri:0, instance:com.orangehrm.tesetcases.TC001InvalidLoginTest@55342f40]" started-at="2026-05-20T16:52:20 IST" name="invalidLoginTest" data-provider="invalidData" finished-at="2026-05-20T16:52:26 IST" duration-ms="5744" status="PASS">
          <params>
            <param index="0">
              <value>
                <![CDATA[abcd]]>
              </value>
            </param>
            <param index="1">
              <value>
                <![CDATA[efgh]]>
              </value>
            </param>
          </params>
          <reporter-output>
          </reporter-output>
        </test-method> <!-- invalidLoginTest -->
        <test-method is-config="true" signature="tearDown()[pri:0, instance:com.orangehrm.tesetcases.TC001InvalidLoginTest@55342f40]" started-at="2026-05-20T16:52:27 IST" name="tearDown" finished-at="2026-05-20T16:52:28 IST" duration-ms="1720" status="PASS">
          <reporter-output>
          </reporter-output>
        </test-method> <!-- tearDown -->
      </class> <!-- com.orangehrm.tesetcases.TC001InvalidLoginTest -->
      <class name="com.orangehrm.tesetcases.TC003validLoginRemoteTest">
        <test-method is-config="true" signature="setup(java.lang.String)[pri:0, instance:com.orangehrm.tesetcases.TC003validLoginRemoteTest@a4ca3f6]" started-at="2026-05-20T16:51:31 IST" name="setup" finished-at="2026-05-20T16:51:55 IST" duration-ms="23440" status="PASS">
          <params>
            <param index="0">
              <value>
                <![CDATA[firefox]]>
              </value>
            </param>
          </params>
          <reporter-output>
          </reporter-output>
        </test-method> <!-- setup -->
        <test-method signature="validLoginTest(java.lang.String,java.lang.String)[pri:0, instance:com.orangehrm.tesetcases.TC003validLoginRemoteTest@a4ca3f6]" started-at="2026-05-20T16:51:55 IST" name="validLoginTest" data-provider="ValidLoginRemote" finished-at="2026-05-20T16:52:02 IST" duration-ms="7639" status="PASS">
          <params>
            <param index="0">
              <value>
                <![CDATA[Admin]]>
              </value>
            </param>
            <param index="1">
              <value>
                <![CDATA[admin123]]>
              </value>
            </param>
          </params>
          <reporter-output>
          </reporter-output>
        </test-method> <!-- validLoginTest -->
        <test-method is-config="true" signature="pageSetup()[pri:0, instance:com.orangehrm.tesetcases.TC003validLoginRemoteTest@a4ca3f6]" started-at="2026-05-20T16:51:55 IST" name="pageSetup" finished-at="2026-05-20T16:51:55 IST" duration-ms="0" status="PASS">
          <reporter-output>
          </reporter-output>
        </test-method> <!-- pageSetup -->
        <test-method is-config="true" signature="tearDown()[pri:0, instance:com.orangehrm.tesetcases.TC003validLoginRemoteTest@a4ca3f6]" started-at="2026-05-20T16:52:03 IST" name="tearDown" finished-at="2026-05-20T16:52:06 IST" duration-ms="2954" status="PASS">
          <reporter-output>
          </reporter-output>
        </test-method> <!-- tearDown -->
      </class> <!-- com.orangehrm.tesetcases.TC003validLoginRemoteTest -->
    </test> <!-- firefoxTest -->
  </suite> <!-- Suite -->
</testng-results>
