<?xml version="1.0" encoding="UTF-8"?>
<!-- Generated by org.testng.reporters.JUnitReportReporter -->
<testsuite hostname="Manish" failures="0" tests="12" name="com.orangehrm.tesetcases.DB_EmployeeVerification" time="592.159" errors="0" timestamp="2026-05-10T14:03:33 IST" skipped="0">
  <testcase classname="com.orangehrm.tesetcases.DB_EmployeeVerification" name="verifyEmployeeDetailsFromDB" time="40.842"/>
  <testcase classname="com.orangehrm.tesetcases.DB_EmployeeVerification" name="verifyEmployeeDetailsFromDB" time="41.754"/>
  <testcase classname="com.orangehrm.tesetcases.DB_EmployeeVerification" name="verifyEmployeeDetailsFromDB" time="39.198"/>
  <testcase classname="com.orangehrm.tesetcases.DB_EmployeeVerification" name="verifyEmployeeDetailsFromDB" time="65.851"/>
  <testcase classname="com.orangehrm.tesetcases.DB_EmployeeVerification" name="verifyEmployeeDetailsFromDB" time="46.583"/>
  <testcase classname="com.orangehrm.tesetcases.DB_EmployeeVerification" name="verifyEmployeeDetailsFromDB" time="44.445"/>
  <testcase classname="com.orangehrm.tesetcases.DB_EmployeeVerification" name="verifyEmployeeDetailsFromDB" time="47.115"/>
  <testcase classname="com.orangehrm.tesetcases.DB_EmployeeVerification" name="verifyEmployeeDetailsFromDB" time="64.354"/>
  <testcase classname="com.orangehrm.tesetcases.DB_EmployeeVerification" name="verifyEmployeeDetailsFromDB" time="34.141"/>
  <testcase classname="com.orangehrm.tesetcases.DB_EmployeeVerification" name="verifyEmployeeDetailsFromDB" time="55.766"/>
  <testcase classname="com.orangehrm.tesetcases.DB_EmployeeVerification" name="verifyEmployeeDetailsFromDB" time="64.504"/>
  <testcase classname="com.orangehrm.tesetcases.DB_EmployeeVerification" name="verifyEmployeeDetailsFromDB" time="47.606"/>
</testsuite> <!-- com.orangehrm.tesetcases.DB_EmployeeVerification -->
