<?xml version="1.0" encoding="UTF-8"?>
<!-- Generated by org.testng.reporters.JUnitReportReporter -->
<testsuite hostname="Manish" failures="0" tests="3" name="com.orangehrm.tesetcases.APItest" time="16.903" errors="0" timestamp="2026-05-10T14:03:33 IST" skipped="0">
  <testcase classname="com.orangehrm.tesetcases.APItest" name="verifyUserAPI" time="8.108"/>
  <testcase classname="com.orangehrm.tesetcases.APItest" name="verifyUserAPI" time="8.117"/>
  <testcase classname="com.orangehrm.tesetcases.APItest" name="verifyUserAPI" time="0.678"/>
</testsuite> <!-- com.orangehrm.tesetcases.APItest -->
