<?xml version="1.0" encoding="UTF-8"?>
<!-- Generated by org.testng.reporters.JUnitReportReporter -->
<testsuite hostname="Manish" failures="0" tests="3" name="com.orangehrm.tesetcases.TC005AdditionAndDelete" time="58.380" errors="0" timestamp="2026-05-19T11:45:33 IST" skipped="0">
  <testcase classname="com.orangehrm.tesetcases.TC005AdditionAndDelete" name="addNewEmployee" time="14.470"/>
  <testcase classname="com.orangehrm.tesetcases.TC005AdditionAndDelete" name="searchEmployee" time="11.079"/>
  <testcase classname="com.orangehrm.tesetcases.TC005AdditionAndDelete" name="deleteEmployee" time="32.831"/>
</testsuite> <!-- com.orangehrm.tesetcases.TC005AdditionAndDelete -->
