<?xml version="1.0" encoding="UTF-8"?>
<!-- Generated by org.testng.reporters.JUnitReportReporter -->
<testsuite hostname="Manish" failures="0" tests="3" name="com.orangehrm.tesetcases.Demo" time="15.134" errors="0" timestamp="2026-05-19T11:35:11 IST" skipped="0">
  <testcase classname="com.orangehrm.tesetcases.Demo" name="t1" time="4.904"/>
  <testcase classname="com.orangehrm.tesetcases.Demo" name="t2" time="5.048"/>
  <testcase classname="com.orangehrm.tesetcases.Demo" name="t3" time="5.182"/>
</testsuite> <!-- com.orangehrm.tesetcases.Demo -->
