<?xml version="1.0" encoding="UTF-8"?>
<!-- Generated by org.testng.reporters.JUnitReportReporter -->
<testsuite hostname="Manish" failures="0" tests="3" name="com.orangehrm.tesetcases.TC003validLoginRemoteTest" time="67.889" errors="0" timestamp="2026-05-20T15:22:41 IST" skipped="0">
  <testcase classname="com.orangehrm.tesetcases.TC003validLoginRemoteTest" name="validLoginTest" time="20.190"/>
  <testcase classname="com.orangehrm.tesetcases.TC003validLoginRemoteTest" name="validLoginTest" time="16.526"/>
  <testcase classname="com.orangehrm.tesetcases.TC003validLoginRemoteTest" name="validLoginTest" time="31.173"/>
</testsuite> <!-- com.orangehrm.tesetcases.TC003validLoginRemoteTest -->
