<?xml version="1.0" encoding="UTF-8"?>
<!-- Generated by org.testng.reporters.JUnitReportReporter -->
<testsuite hostname="Manish" failures="0" tests="9" name="com.orangehrm.tesetcases.TC001InvalidLoginTest" time="126.435" errors="0" timestamp="2026-05-21T11:52:30 IST" skipped="0">
  <testcase classname="com.orangehrm.tesetcases.TC001InvalidLoginTest" name="invalidLoginTest" time="22.899"/>
  <testcase classname="com.orangehrm.tesetcases.TC001InvalidLoginTest" name="invalidLoginTest" time="11.599"/>
  <testcase classname="com.orangehrm.tesetcases.TC001InvalidLoginTest" name="invalidLoginTest" time="10.354"/>
  <testcase classname="com.orangehrm.tesetcases.TC001InvalidLoginTest" name="invalidLoginTest" time="10.373"/>
  <testcase classname="com.orangehrm.tesetcases.TC001InvalidLoginTest" name="invalidLoginTest" time="7.072"/>
  <testcase classname="com.orangehrm.tesetcases.TC001InvalidLoginTest" name="invalidLoginTest" time="8.286"/>
  <testcase classname="com.orangehrm.tesetcases.TC001InvalidLoginTest" name="invalidLoginTest" time="7.747"/>
  <testcase classname="com.orangehrm.tesetcases.TC001InvalidLoginTest" name="invalidLoginTest" time="19.337"/>
  <testcase classname="com.orangehrm.tesetcases.TC001InvalidLoginTest" name="invalidLoginTest" time="28.768"/>
</testsuite> <!-- com.orangehrm.tesetcases.TC001InvalidLoginTest -->
