<?xml version="1.0" encoding="UTF-8"?>
<!-- Generated by org.testng.reporters.JUnitReportReporter -->
<testsuite hostname="Manish" failures="0" tests="3" name="com.orangehrm.tesetcases.TC005AdditionAndDelete" time="52.280" errors="0" timestamp="2026-05-19T13:55:20 IST" skipped="0">
  <testcase classname="com.orangehrm.tesetcases.TC005AdditionAndDelete" name="addNewEmployee" time="22.283"/>
  <system-out/>
  <testcase classname="com.orangehrm.tesetcases.TC005AdditionAndDelete" name="searchEmployee" time="19.125"/>
  <system-out/>
  <testcase classname="com.orangehrm.tesetcases.TC005AdditionAndDelete" name="deleteEmployee" time="10.872"/>
  <system-out/>
</testsuite> <!-- com.orangehrm.tesetcases.TC005AdditionAndDelete -->
