<?xml version="1.0" encoding="UTF-8"?>
<!-- Generated by org.testng.reporters.JUnitReportReporter -->
<testsuite hostname="Manish" failures="0" tests="3" name="com.orangehrm.tesetcases.TC005AdditionAndDelete" time="48.509" errors="0" timestamp="2026-05-19T11:58:32 IST" skipped="0">
  <testcase classname="com.orangehrm.tesetcases.TC005AdditionAndDelete" name="addNewEmployee" time="18.891"/>
  <system-out/>
  <testcase classname="com.orangehrm.tesetcases.TC005AdditionAndDelete" name="searchEmployee" time="13.490"/>
  <system-out/>
  <testcase classname="com.orangehrm.tesetcases.TC005AdditionAndDelete" name="deleteEmployee" time="16.128"/>
  <system-out/>
</testsuite> <!-- com.orangehrm.tesetcases.TC005AdditionAndDelete -->
