<?xml version="1.0" encoding="UTF-8"?>
<!-- Generated by org.testng.reporters.JUnitReportReporter -->
<testsuite hostname="Manish" failures="0" tests="3" name="com.orangehrm.tesetcases.TC003validLoginRemoteTest" time="71.968" errors="0" timestamp="2026-05-20T16:24:32 IST" skipped="0">
  <testcase classname="com.orangehrm.tesetcases.TC003validLoginRemoteTest" name="validLoginTest" time="18.857"/>
  <system-out/>
  <testcase classname="com.orangehrm.tesetcases.TC003validLoginRemoteTest" name="validLoginTest" time="21.543"/>
  <system-out/>
  <testcase classname="com.orangehrm.tesetcases.TC003validLoginRemoteTest" name="validLoginTest" time="31.568"/>
  <system-out/>
</testsuite> <!-- com.orangehrm.tesetcases.TC003validLoginRemoteTest -->
