<?xml version="1.0" encoding="UTF-8"?>
<!-- Generated by org.testng.reporters.JUnitReportReporter -->
<testsuite hostname="Manish" failures="0" tests="10" name="com.orangehrm.tesetcases.TC004AdditionAndDelete" time="307.074" errors="0" timestamp="2026-05-20T16:47:00 IST" skipped="1">
  <testcase classname="com.orangehrm.tesetcases.TC004AdditionAndDelete" name="addNewEmployee" time="34.980"/>
  <system-out/>
  <testcase classname="com.orangehrm.tesetcases.TC004AdditionAndDelete" name="addNewEmployee" time="31.831"/>
  <system-out/>
  <testcase classname="com.orangehrm.tesetcases.TC004AdditionAndDelete" name="addNewEmployee" time="26.044"/>
  <system-out/>
  <testcase classname="com.orangehrm.tesetcases.TC004AdditionAndDelete" name="searchEmployee" time="18.629"/>
  <system-out/>
  <testcase classname="com.orangehrm.tesetcases.TC004AdditionAndDelete" name="searchEmployee" time="19.157"/>
  <system-out/>
  <testcase classname="com.orangehrm.tesetcases.TC004AdditionAndDelete" name="searchEmployee" time="31.241"/>
  <system-out/>
  <testcase classname="com.orangehrm.tesetcases.TC004AdditionAndDelete" name="deleteEmployee" time="18.205"/>
  <system-out/>
  <testcase classname="com.orangehrm.tesetcases.TC004AdditionAndDelete" name="deleteEmployee" time="82.513">
    <skipped/>
  </testcase> <!-- deleteEmployee -->
  <system-out/>
  <testcase classname="com.orangehrm.tesetcases.TC004AdditionAndDelete" name="deleteEmployee" time="23.546"/>
  <system-out/>
  <testcase classname="com.orangehrm.tesetcases.TC004AdditionAndDelete" name="deleteEmployee" time="20.928"/>
  <system-out/>
</testsuite> <!-- com.orangehrm.tesetcases.TC004AdditionAndDelete -->
