<?xml version="1.0" encoding="UTF-8"?>
<!-- Generated by org.testng.reporters.JUnitReportReporter -->
<testsuite hostname="Manish" failures="0" tests="3" name="com.orangehrm.tesetcases.TC001InvalidLoginTest" time="40.138" errors="0" timestamp="2026-05-19T12:55:55 IST" skipped="0">
  <testcase classname="com.orangehrm.tesetcases.TC001InvalidLoginTest" name="invalidLoginTest" time="8.450"/>
  <system-out/>
  <testcase classname="com.orangehrm.tesetcases.TC001InvalidLoginTest" name="invalidLoginTest" time="16.497"/>
  <system-out/>
  <testcase classname="com.orangehrm.tesetcases.TC001InvalidLoginTest" name="invalidLoginTest" time="15.191"/>
  <system-out/>
</testsuite> <!-- com.orangehrm.tesetcases.TC001InvalidLoginTest -->
