<?xml version="1.0" encoding="UTF-8"?>
<!-- Generated by org.testng.reporters.JUnitReportReporter -->
<testsuite hostname="Manish" failures="0" tests="3" name="com.orangehrm.tesetcases.TC001InvalidLoginTest" time="52.843" errors="0" timestamp="2026-05-22T16:50:55 IST" skipped="0">
  <testcase classname="com.orangehrm.tesetcases.TC001InvalidLoginTest" name="invalidLoginTest" time="6.545"/>
  <system-out/>
  <testcase classname="com.orangehrm.tesetcases.TC001InvalidLoginTest" name="invalidLoginTest" time="5.990"/>
  <system-out/>
  <testcase classname="com.orangehrm.tesetcases.TC001InvalidLoginTest" name="invalidLoginTest" time="40.308"/>
  <system-out/>
</testsuite> <!-- com.orangehrm.tesetcases.TC001InvalidLoginTest -->
