<?xml version="1.0" encoding="UTF-8"?>
<!-- Generated by org.testng.reporters.JUnitReportReporter -->
<testsuite hostname="Manish" failures="0" tests="3" name="com.orangehrm.tesetcases.TC003validLoginRemoteTest" time="49.674" errors="0" timestamp="2026-05-22T15:08:07 IST" skipped="0">
  <testcase classname="com.orangehrm.tesetcases.TC003validLoginRemoteTest" name="validLoginTest" time="17.332"/>
  <system-out/>
  <testcase classname="com.orangehrm.tesetcases.TC003validLoginRemoteTest" name="validLoginTest" time="16.986"/>
  <system-out/>
  <testcase classname="com.orangehrm.tesetcases.TC003validLoginRemoteTest" name="validLoginTest" time="15.356"/>
  <system-out/>
</testsuite> <!-- com.orangehrm.tesetcases.TC003validLoginRemoteTest -->
