<?xml version="1.0" encoding="UTF-8"?>
<!-- Generated by org.testng.reporters.JUnitReportReporter -->
<testsuite hostname="Manish" failures="0" tests="3" name="com.orangehrm.tesetcases.TC002validLoginTest" time="126.038" errors="0" timestamp="2026-05-10T14:10:50 IST" skipped="0">
  <testcase classname="com.orangehrm.tesetcases.TC002validLoginTest" name="validLoginTest" time="37.274"/>
  <system-out/>
  <testcase classname="com.orangehrm.tesetcases.TC002validLoginTest" name="validLoginTest" time="44.777"/>
  <system-out/>
  <testcase classname="com.orangehrm.tesetcases.TC002validLoginTest" name="validLoginTest" time="43.987"/>
  <system-out/>
</testsuite> <!-- com.orangehrm.tesetcases.TC002validLoginTest -->
