<?xml version="1.0" encoding="UTF-8"?>
<!-- Generated by org.testng.reporters.JUnitReportReporter -->
<testsuite hostname="Manish" failures="0" tests="3" name="com.orangehrm.tesetcases.APItest" time="19.330" errors="0" timestamp="2026-05-10T14:10:50 IST" skipped="0">
  <testcase classname="com.orangehrm.tesetcases.APItest" name="verifyUserAPI" time="9.958"/>
  <system-out/>
  <testcase classname="com.orangehrm.tesetcases.APItest" name="verifyUserAPI" time="8.821"/>
  <system-out/>
  <testcase classname="com.orangehrm.tesetcases.APItest" name="verifyUserAPI" time="0.551"/>
  <system-out/>
</testsuite> <!-- com.orangehrm.tesetcases.APItest -->
